{"C:\\Users\\admin\\Downloads\\veko.js-master (1)\\veko.js-master\\lib\\app.js": {"path":"C:\\Users\\admin\\Downloads\\veko.js-master (1)\\veko.js-master\\lib\\app.js","statementMap":{"0":{"start":{"line":1,"column":16},"end":{"line":1,"column":34}},"1":{"start":{"line":2,"column":13},"end":{"line":2,"column":28}},"2":{"start":{"line":3,"column":11},"end":{"line":3,"column":24}},"3":{"start":{"line":4,"column":15},"end":{"line":4,"column":32}},"4":{"start":{"line":5,"column":18},"end":{"line":5,"column":47}},"5":{"start":{"line":6,"column":18},"end":{"line":6,"column":38}},"6":{"start":{"line":8,"column":24},"end":{"line":8,"column":58}},"7":{"start":{"line":9,"column":15},"end":{"line":9,"column":39}},"8":{"start":{"line":10,"column":22},"end":{"line":10,"column":56}},"9":{"start":{"line":11,"column":21},"end":{"line":11,"column":55}},"10":{"start":{"line":12,"column":18},"end":{"line":12,"column":45}},"11":{"start":{"line":13,"column":22},"end":{"line":13,"column":49}},"12":{"start":{"line":14,"column":20},"end":{"line":14,"column":50}},"13":{"start":{"line":17,"column":18},"end":{"line":17,"column":22}},"14":{"start":{"line":18,"column":0},"end":{"line":23,"column":1}},"15":{"start":{"line":19,"column":2},"end":{"line":19,"column":47}},"16":{"start":{"line":22,"column":2},"end":{"line":22,"column":62}},"17":{"start":{"line":28,"column":4},"end":{"line":28,"column":34}},"18":{"start":{"line":31,"column":4},"end":{"line":92,"column":6}},"19":{"start":{"line":94,"column":4},"end":{"line":94,"column":25}},"20":{"start":{"line":95,"column":4},"end":{"line":95,"column":28}},"21":{"start":{"line":98,"column":4},"end":{"line":98,"column":31}},"22":{"start":{"line":99,"column":4},"end":{"line":99,"column":71}},"23":{"start":{"line":100,"column":4},"end":{"line":100,"column":61}},"24":{"start":{"line":103,"column":4},"end":{"line":103,"column":38}},"25":{"start":{"line":106,"column":4},"end":{"line":109,"column":5}},"26":{"start":{"line":107,"column":6},"end":{"line":107,"column":37}},"27":{"start":{"line":108,"column":6},"end":{"line":108,"column":37}},"28":{"start":{"line":111,"column":4},"end":{"line":113,"column":5}},"29":{"start":{"line":112,"column":6},"end":{"line":112,"column":57}},"30":{"start":{"line":115,"column":4},"end":{"line":117,"column":5}},"31":{"start":{"line":116,"column":6},"end":{"line":116,"column":67}},"32":{"start":{"line":119,"column":4},"end":{"line":119,"column":16}},"33":{"start":{"line":123,"column":4},"end":{"line":130,"column":5}},"34":{"start":{"line":124,"column":6},"end":{"line":129,"column":7}},"35":{"start":{"line":125,"column":8},"end":{"line":125,"column":48}},"36":{"start":{"line":126,"column":8},"end":{"line":126,"column":52}},"37":{"start":{"line":128,"column":8},"end":{"line":128,"column":94}},"38":{"start":{"line":134,"column":4},"end":{"line":134,"column":68}},"39":{"start":{"line":138,"column":4},"end":{"line":138,"column":44}},"40":{"start":{"line":143,"column":4},"end":{"line":143,"column":71}},"41":{"start":{"line":143,"column":64},"end":{"line":143,"column":71}},"42":{"start":{"line":145,"column":4},"end":{"line":188,"column":5}},"43":{"start":{"line":146,"column":8},"end":{"line":146,"column":68}},"44":{"start":{"line":149,"column":8},"end":{"line":151,"column":9}},"45":{"start":{"line":150,"column":12},"end":{"line":150,"column":73}},"46":{"start":{"line":154,"column":8},"end":{"line":163,"column":10}},"47":{"start":{"line":166,"column":8},"end":{"line":182,"column":11}},"48":{"start":{"line":167,"column":12},"end":{"line":167,"column":42}},"49":{"start":{"line":168,"column":12},"end":{"line":168,"column":64}},"50":{"start":{"line":171,"column":12},"end":{"line":178,"column":13}},"51":{"start":{"line":173,"column":16},"end":{"line":177,"column":25}},"52":{"start":{"line":174,"column":20},"end":{"line":176,"column":23}},"53":{"start":{"line":175,"column":24},"end":{"line":175,"column":98}},"54":{"start":{"line":180,"column":12},"end":{"line":180,"column":100}},"55":{"start":{"line":181,"column":12},"end":{"line":181,"column":43}},"56":{"start":{"line":186,"column":8},"end":{"line":186,"column":95}},"57":{"start":{"line":187,"column":8},"end":{"line":187,"column":39}},"58":{"start":{"line":193,"column":4},"end":{"line":193,"column":45}},"59":{"start":{"line":193,"column":33},"end":{"line":193,"column":45}},"60":{"start":{"line":195,"column":4},"end":{"line":237,"column":5}},"61":{"start":{"line":196,"column":25},"end":{"line":200,"column":8}},"62":{"start":{"line":199,"column":35},"end":{"line":199,"column":111}},"63":{"start":{"line":199,"column":52},"end":{"line":199,"column":104}},"64":{"start":{"line":202,"column":6},"end":{"line":229,"column":7}},"65":{"start":{"line":203,"column":8},"end":{"line":203,"column":116}},"66":{"start":{"line":206,"column":8},"end":{"line":216,"column":9}},"67":{"start":{"line":207,"column":10},"end":{"line":207,"column":104}},"68":{"start":{"line":210,"column":10},"end":{"line":215,"column":11}},"69":{"start":{"line":211,"column":12},"end":{"line":211,"column":87}},"70":{"start":{"line":212,"column":12},"end":{"line":214,"column":15}},"71":{"start":{"line":213,"column":14},"end":{"line":213,"column":84}},"72":{"start":{"line":219,"column":8},"end":{"line":224,"column":9}},"73":{"start":{"line":220,"column":10},"end":{"line":220,"column":73}},"74":{"start":{"line":221,"column":10},"end":{"line":223,"column":13}},"75":{"start":{"line":222,"column":12},"end":{"line":222,"column":82}},"76":{"start":{"line":225,"column":13},"end":{"line":229,"column":7}},"77":{"start":{"line":226,"column":8},"end":{"line":226,"column":91}},"78":{"start":{"line":227,"column":13},"end":{"line":229,"column":7}},"79":{"start":{"line":228,"column":8},"end":{"line":228,"column":99}},"80":{"start":{"line":231,"column":6},"end":{"line":231,"column":24}},"81":{"start":{"line":235,"column":6},"end":{"line":235,"column":90}},"82":{"start":{"line":236,"column":6},"end":{"line":236,"column":56}},"83":{"start":{"line":242,"column":4},"end":{"line":244,"column":5}},"84":{"start":{"line":243,"column":6},"end":{"line":243,"column":48}},"85":{"start":{"line":246,"column":4},"end":{"line":287,"column":5}},"86":{"start":{"line":247,"column":6},"end":{"line":247,"column":84}},"87":{"start":{"line":250,"column":6},"end":{"line":252,"column":7}},"88":{"start":{"line":251,"column":8},"end":{"line":251,"column":78}},"89":{"start":{"line":254,"column":22},"end":{"line":254,"column":70}},"90":{"start":{"line":256,"column":6},"end":{"line":276,"column":7}},"91":{"start":{"line":257,"column":8},"end":{"line":257,"column":76}},"92":{"start":{"line":260,"column":8},"end":{"line":262,"column":9}},"93":{"start":{"line":261,"column":10},"end":{"line":261,"column":79}},"94":{"start":{"line":265,"column":8},"end":{"line":270,"column":9}},"95":{"start":{"line":266,"column":10},"end":{"line":266,"column":45}},"96":{"start":{"line":267,"column":10},"end":{"line":267,"column":76}},"97":{"start":{"line":268,"column":10},"end":{"line":268,"column":101}},"98":{"start":{"line":269,"column":10},"end":{"line":269,"column":45}},"99":{"start":{"line":272,"column":8},"end":{"line":272,"column":20}},"100":{"start":{"line":274,"column":8},"end":{"line":274,"column":58}},"101":{"start":{"line":275,"column":8},"end":{"line":275,"column":21}},"102":{"start":{"line":279,"column":6},"end":{"line":279,"column":71}},"103":{"start":{"line":282,"column":6},"end":{"line":284,"column":7}},"104":{"start":{"line":283,"column":8},"end":{"line":283,"column":72}},"105":{"start":{"line":286,"column":6},"end":{"line":286,"column":19}},"106":{"start":{"line":292,"column":4},"end":{"line":294,"column":5}},"107":{"start":{"line":293,"column":6},"end":{"line":293,"column":48}},"108":{"start":{"line":296,"column":4},"end":{"line":312,"column":5}},"109":{"start":{"line":297,"column":6},"end":{"line":297,"column":50}},"110":{"start":{"line":299,"column":22},"end":{"line":299,"column":65}},"111":{"start":{"line":301,"column":6},"end":{"line":307,"column":7}},"112":{"start":{"line":302,"column":8},"end":{"line":302,"column":53}},"113":{"start":{"line":303,"column":8},"end":{"line":303,"column":20}},"114":{"start":{"line":305,"column":8},"end":{"line":305,"column":52}},"115":{"start":{"line":306,"column":8},"end":{"line":306,"column":21}},"116":{"start":{"line":310,"column":6},"end":{"line":310,"column":68}},"117":{"start":{"line":311,"column":6},"end":{"line":311,"column":19}},"118":{"start":{"line":317,"column":4},"end":{"line":319,"column":5}},"119":{"start":{"line":318,"column":6},"end":{"line":318,"column":66}},"120":{"start":{"line":321,"column":4},"end":{"line":326,"column":6}},"121":{"start":{"line":331,"column":4},"end":{"line":331,"column":40}},"122":{"start":{"line":331,"column":33},"end":{"line":331,"column":40}},"123":{"start":{"line":334,"column":4},"end":{"line":341,"column":7}},"124":{"start":{"line":335,"column":6},"end":{"line":340,"column":7}},"125":{"start":{"line":336,"column":27},"end":{"line":336,"column":59}},"126":{"start":{"line":337,"column":8},"end":{"line":337,"column":29}},"127":{"start":{"line":339,"column":8},"end":{"line":339,"column":55}},"128":{"start":{"line":344,"column":4},"end":{"line":356,"column":7}},"129":{"start":{"line":345,"column":6},"end":{"line":355,"column":7}},"130":{"start":{"line":346,"column":27},"end":{"line":346,"column":59}},"131":{"start":{"line":347,"column":8},"end":{"line":352,"column":9}},"132":{"start":{"line":348,"column":26},"end":{"line":348,"column":62}},"133":{"start":{"line":349,"column":10},"end":{"line":349,"column":44}},"134":{"start":{"line":351,"column":10},"end":{"line":351,"column":81}},"135":{"start":{"line":354,"column":8},"end":{"line":354,"column":55}},"136":{"start":{"line":359,"column":4},"end":{"line":361,"column":7}},"137":{"start":{"line":360,"column":6},"end":{"line":360,"column":42}},"138":{"start":{"line":364,"column":4},"end":{"line":372,"column":7}},"139":{"start":{"line":365,"column":6},"end":{"line":371,"column":7}},"140":{"start":{"line":366,"column":31},"end":{"line":366,"column":39}},"141":{"start":{"line":367,"column":24},"end":{"line":367,"column":61}},"142":{"start":{"line":368,"column":8},"end":{"line":368,"column":30}},"143":{"start":{"line":370,"column":8},"end":{"line":370,"column":55}},"144":{"start":{"line":374,"column":4},"end":{"line":374,"column":79}},"145":{"start":{"line":378,"column":4},"end":{"line":378,"column":24}},"146":{"start":{"line":381,"column":4},"end":{"line":383,"column":7}},"147":{"start":{"line":385,"column":4},"end":{"line":387,"column":5}},"148":{"start":{"line":386,"column":6},"end":{"line":386,"column":49}},"149":{"start":{"line":389,"column":4},"end":{"line":391,"column":5}},"150":{"start":{"line":390,"column":6},"end":{"line":390,"column":29}},"151":{"start":{"line":394,"column":4},"end":{"line":396,"column":5}},"152":{"start":{"line":395,"column":6},"end":{"line":395,"column":36}},"153":{"start":{"line":401,"column":4},"end":{"line":413,"column":5}},"154":{"start":{"line":402,"column":6},"end":{"line":412,"column":10}},"155":{"start":{"line":416,"column":4},"end":{"line":419,"column":5}},"156":{"start":{"line":417,"column":22},"end":{"line":417,"column":64}},"157":{"start":{"line":418,"column":6},"end":{"line":418,"column":28}},"158":{"start":{"line":421,"column":4},"end":{"line":421,"column":39}},"159":{"start":{"line":422,"column":4},"end":{"line":427,"column":7}},"160":{"start":{"line":430,"column":4},"end":{"line":438,"column":8}},"161":{"start":{"line":434,"column":8},"end":{"line":436,"column":9}},"162":{"start":{"line":435,"column":10},"end":{"line":435,"column":53}},"163":{"start":{"line":440,"column":4},"end":{"line":444,"column":8}},"164":{"start":{"line":447,"column":22},"end":{"line":447,"column":44}},"165":{"start":{"line":448,"column":4},"end":{"line":452,"column":8}},"166":{"start":{"line":455,"column":4},"end":{"line":455,"column":44}},"167":{"start":{"line":457,"column":4},"end":{"line":459,"column":5}},"168":{"start":{"line":458,"column":6},"end":{"line":458,"column":52}},"169":{"start":{"line":461,"column":4},"end":{"line":463,"column":5}},"170":{"start":{"line":462,"column":6},"end":{"line":462,"column":48}},"171":{"start":{"line":465,"column":4},"end":{"line":465,"column":88}},"172":{"start":{"line":470,"column":4},"end":{"line":486,"column":6}},"173":{"start":{"line":472,"column":6},"end":{"line":472,"column":57}},"174":{"start":{"line":475,"column":6},"end":{"line":475,"column":39}},"175":{"start":{"line":478,"column":32},"end":{"line":478,"column":65}},"176":{"start":{"line":479,"column":6},"end":{"line":483,"column":7}},"177":{"start":{"line":480,"column":8},"end":{"line":482,"column":9}},"178":{"start":{"line":481,"column":10},"end":{"line":481,"column":76}},"179":{"start":{"line":485,"column":6},"end":{"line":485,"column":13}},"180":{"start":{"line":491,"column":4},"end":{"line":493,"column":34}},"181":{"start":{"line":501,"column":4},"end":{"line":501,"column":33}},"182":{"start":{"line":502,"column":4},"end":{"line":502,"column":16}},"183":{"start":{"line":509,"column":4},"end":{"line":509,"column":31}},"184":{"start":{"line":516,"column":4},"end":{"line":518,"column":5}},"185":{"start":{"line":517,"column":6},"end":{"line":517,"column":74}},"186":{"start":{"line":519,"column":4},"end":{"line":519,"column":49}},"187":{"start":{"line":526,"column":4},"end":{"line":528,"column":5}},"188":{"start":{"line":527,"column":6},"end":{"line":527,"column":74}},"189":{"start":{"line":529,"column":4},"end":{"line":529,"column":39}},"190":{"start":{"line":534,"column":4},"end":{"line":534,"column":73}},"191":{"start":{"line":538,"column":4},"end":{"line":538,"column":55}},"192":{"start":{"line":542,"column":4},"end":{"line":542,"column":67}},"193":{"start":{"line":546,"column":4},"end":{"line":546,"column":51}},"194":{"start":{"line":550,"column":4},"end":{"line":550,"column":42}},"195":{"start":{"line":555,"column":4},"end":{"line":555,"column":64}},"196":{"start":{"line":559,"column":4},"end":{"line":559,"column":55}},"197":{"start":{"line":563,"column":4},"end":{"line":563,"column":44}},"198":{"start":{"line":567,"column":4},"end":{"line":567,"column":29}},"199":{"start":{"line":568,"column":4},"end":{"line":568,"column":16}},"200":{"start":{"line":572,"column":4},"end":{"line":614,"column":7}},"201":{"start":{"line":573,"column":6},"end":{"line":573,"column":41}},"202":{"start":{"line":574,"column":6},"end":{"line":577,"column":69}},"203":{"start":{"line":579,"column":6},"end":{"line":579,"column":94}},"204":{"start":{"line":582,"column":6},"end":{"line":597,"column":7}},"205":{"start":{"line":583,"column":8},"end":{"line":596,"column":9}},"206":{"start":{"line":584,"column":34},"end":{"line":584,"column":59}},"207":{"start":{"line":585,"column":10},"end":{"line":588,"column":11}},"208":{"start":{"line":586,"column":12},"end":{"line":586,"column":113}},"209":{"start":{"line":587,"column":12},"end":{"line":587,"column":106}},"210":{"start":{"line":591,"column":10},"end":{"line":593,"column":11}},"211":{"start":{"line":592,"column":12},"end":{"line":592,"column":39}},"212":{"start":{"line":595,"column":10},"end":{"line":595,"column":100}},"213":{"start":{"line":599,"column":6},"end":{"line":601,"column":7}},"214":{"start":{"line":600,"column":8},"end":{"line":600,"column":112}},"215":{"start":{"line":603,"column":6},"end":{"line":607,"column":7}},"216":{"start":{"line":604,"column":22},"end":{"line":604,"column":45}},"217":{"start":{"line":605,"column":8},"end":{"line":605,"column":101}},"218":{"start":{"line":606,"column":8},"end":{"line":606,"column":64}},"219":{"start":{"line":609,"column":6},"end":{"line":609,"column":41}},"220":{"start":{"line":611,"column":6},"end":{"line":613,"column":7}},"221":{"start":{"line":612,"column":8},"end":{"line":612,"column":19}},"222":{"start":{"line":619,"column":4},"end":{"line":619,"column":40}},"223":{"start":{"line":619,"column":33},"end":{"line":619,"column":40}},"224":{"start":{"line":621,"column":4},"end":{"line":634,"column":5}},"225":{"start":{"line":622,"column":23},"end":{"line":622,"column":71}},"226":{"start":{"line":624,"column":6},"end":{"line":629,"column":19}},"227":{"start":{"line":625,"column":8},"end":{"line":628,"column":11}},"228":{"start":{"line":627,"column":10},"end":{"line":627,"column":78}},"229":{"start":{"line":631,"column":6},"end":{"line":631,"column":121}},"230":{"start":{"line":633,"column":6},"end":{"line":633,"column":92}},"231":{"start":{"line":638,"column":4},"end":{"line":638,"column":30}},"232":{"start":{"line":639,"column":4},"end":{"line":642,"column":5}},"233":{"start":{"line":640,"column":6},"end":{"line":640,"column":57}},"234":{"start":{"line":641,"column":6},"end":{"line":641,"column":29}},"235":{"start":{"line":643,"column":4},"end":{"line":643,"column":22}},"236":{"start":{"line":644,"column":4},"end":{"line":644,"column":29}},"237":{"start":{"line":648,"column":4},"end":{"line":650,"column":5}},"238":{"start":{"line":649,"column":6},"end":{"line":649,"column":49}},"239":{"start":{"line":652,"column":4},"end":{"line":654,"column":5}},"240":{"start":{"line":653,"column":6},"end":{"line":653,"column":28}},"241":{"start":{"line":657,"column":4},"end":{"line":659,"column":5}},"242":{"start":{"line":658,"column":6},"end":{"line":658,"column":32}},"243":{"start":{"line":662,"column":4},"end":{"line":669,"column":5}},"244":{"start":{"line":663,"column":6},"end":{"line":668,"column":7}},"245":{"start":{"line":664,"column":8},"end":{"line":664,"column":41}},"246":{"start":{"line":665,"column":8},"end":{"line":665,"column":54}},"247":{"start":{"line":667,"column":8},"end":{"line":667,"column":85}},"248":{"start":{"line":671,"column":4},"end":{"line":671,"column":63}},"249":{"start":{"line":676,"column":4},"end":{"line":678,"column":5}},"250":{"start":{"line":677,"column":6},"end":{"line":677,"column":59}},"251":{"start":{"line":681,"column":4},"end":{"line":683,"column":5}},"252":{"start":{"line":682,"column":6},"end":{"line":682,"column":70}},"253":{"start":{"line":686,"column":4},"end":{"line":688,"column":5}},"254":{"start":{"line":687,"column":6},"end":{"line":687,"column":80}},"255":{"start":{"line":691,"column":24},"end":{"line":691,"column":74}},"256":{"start":{"line":692,"column":4},"end":{"line":696,"column":5}},"257":{"start":{"line":693,"column":6},"end":{"line":695,"column":7}},"258":{"start":{"line":694,"column":8},"end":{"line":694,"column":68}},"259":{"start":{"line":699,"column":4},"end":{"line":701,"column":5}},"260":{"start":{"line":700,"column":6},"end":{"line":700,"column":56}},"261":{"start":{"line":705,"column":23},"end":{"line":705,"column":41}},"262":{"start":{"line":706,"column":4},"end":{"line":706,"column":72}},"263":{"start":{"line":710,"column":4},"end":{"line":710,"column":47}},"264":{"start":{"line":710,"column":34},"end":{"line":710,"column":47}},"265":{"start":{"line":712,"column":30},"end":{"line":712,"column":70}},"266":{"start":{"line":713,"column":4},"end":{"line":713,"column":89}},"267":{"start":{"line":713,"column":46},"end":{"line":713,"column":68}},"268":{"start":{"line":717,"column":4},"end":{"line":717,"column":57}},"269":{"start":{"line":717,"column":45},"end":{"line":717,"column":57}},"270":{"start":{"line":718,"column":23},"end":{"line":718,"column":41}},"271":{"start":{"line":719,"column":4},"end":{"line":719,"column":60}},"272":{"start":{"line":723,"column":4},"end":{"line":723,"column":46}},"273":{"start":{"line":723,"column":34},"end":{"line":723,"column":46}},"274":{"start":{"line":725,"column":22},"end":{"line":725,"column":51}},"275":{"start":{"line":726,"column":4},"end":{"line":726,"column":58}},"276":{"start":{"line":730,"column":4},"end":{"line":730,"column":43}},"277":{"start":{"line":730,"column":31},"end":{"line":730,"column":43}},"278":{"start":{"line":731,"column":4},"end":{"line":733,"column":37}},"279":{"start":{"line":732,"column":19},"end":{"line":732,"column":42}},"280":{"start":{"line":733,"column":22},"end":{"line":733,"column":35}},"281":{"start":{"line":737,"column":4},"end":{"line":737,"column":45}},"282":{"start":{"line":737,"column":33},"end":{"line":737,"column":45}},"283":{"start":{"line":738,"column":4},"end":{"line":738,"column":40}},"284":{"start":{"line":742,"column":4},"end":{"line":742,"column":41}},"285":{"start":{"line":742,"column":29},"end":{"line":742,"column":41}},"286":{"start":{"line":743,"column":4},"end":{"line":745,"column":50}},"287":{"start":{"line":744,"column":22},"end":{"line":744,"column":46}},"288":{"start":{"line":745,"column":19},"end":{"line":745,"column":48}},"289":{"start":{"line":749,"column":0},"end":{"line":749,"column":21}}},"fnMap":{"0":{"name":"(anonymous_0)","decl":{"start":{"line":26,"column":2},"end":{"line":26,"column":3}},"loc":{"start":{"line":26,"column":28},"end":{"line":120,"column":3}},"line":26},"1":{"name":"(anonymous_1)","decl":{"start":{"line":122,"column":2},"end":{"line":122,"column":3}},"loc":{"start":{"line":122,"column":24},"end":{"line":131,"column":3}},"line":122},"2":{"name":"(anonymous_2)","decl":{"start":{"line":133,"column":2},"end":{"line":133,"column":3}},"loc":{"start":{"line":133,"column":54},"end":{"line":135,"column":3}},"line":133},"3":{"name":"(anonymous_3)","decl":{"start":{"line":137,"column":2},"end":{"line":137,"column":3}},"loc":{"start":{"line":137,"column":35},"end":{"line":139,"column":3}},"line":137},"4":{"name":"(anonymous_4)","decl":{"start":{"line":142,"column":2},"end":{"line":142,"column":3}},"loc":{"start":{"line":142,"column":26},"end":{"line":189,"column":3}},"line":142},"5":{"name":"(anonymous_5)","decl":{"start":{"line":166,"column":37},"end":{"line":166,"column":38}},"loc":{"start":{"line":166,"column":43},"end":{"line":179,"column":9}},"line":166},"6":{"name":"(anonymous_6)","decl":{"start":{"line":173,"column":27},"end":{"line":173,"column":28}},"loc":{"start":{"line":173,"column":33},"end":{"line":177,"column":17}},"line":173},"7":{"name":"(anonymous_7)","decl":{"start":{"line":174,"column":53},"end":{"line":174,"column":54}},"loc":{"start":{"line":174,"column":60},"end":{"line":176,"column":21}},"line":174},"8":{"name":"(anonymous_8)","decl":{"start":{"line":179,"column":17},"end":{"line":179,"column":18}},"loc":{"start":{"line":179,"column":26},"end":{"line":182,"column":9}},"line":179},"9":{"name":"(anonymous_9)","decl":{"start":{"line":192,"column":2},"end":{"line":192,"column":3}},"loc":{"start":{"line":192,"column":40},"end":{"line":238,"column":3}},"line":192},"10":{"name":"(anonymous_10)","decl":{"start":{"line":199,"column":20},"end":{"line":199,"column":21}},"loc":{"start":{"line":199,"column":35},"end":{"line":199,"column":111}},"line":199},"11":{"name":"(anonymous_11)","decl":{"start":{"line":199,"column":46},"end":{"line":199,"column":47}},"loc":{"start":{"line":199,"column":52},"end":{"line":199,"column":104}},"line":199},"12":{"name":"(anonymous_12)","decl":{"start":{"line":212,"column":49},"end":{"line":212,"column":50}},"loc":{"start":{"line":212,"column":56},"end":{"line":214,"column":13}},"line":212},"13":{"name":"(anonymous_13)","decl":{"start":{"line":221,"column":47},"end":{"line":221,"column":48}},"loc":{"start":{"line":221,"column":54},"end":{"line":223,"column":11}},"line":221},"14":{"name":"(anonymous_14)","decl":{"start":{"line":241,"column":2},"end":{"line":241,"column":3}},"loc":{"start":{"line":241,"column":34},"end":{"line":288,"column":3}},"line":241},"15":{"name":"(anonymous_15)","decl":{"start":{"line":291,"column":2},"end":{"line":291,"column":3}},"loc":{"start":{"line":291,"column":42},"end":{"line":313,"column":3}},"line":291},"16":{"name":"(anonymous_16)","decl":{"start":{"line":316,"column":2},"end":{"line":316,"column":3}},"loc":{"start":{"line":316,"column":23},"end":{"line":327,"column":3}},"line":316},"17":{"name":"(anonymous_17)","decl":{"start":{"line":330,"column":2},"end":{"line":330,"column":3}},"loc":{"start":{"line":330,"column":27},"end":{"line":375,"column":3}},"line":330},"18":{"name":"(anonymous_18)","decl":{"start":{"line":334,"column":41},"end":{"line":334,"column":42}},"loc":{"start":{"line":334,"column":61},"end":{"line":341,"column":5}},"line":334},"19":{"name":"(anonymous_19)","decl":{"start":{"line":344,"column":44},"end":{"line":344,"column":45}},"loc":{"start":{"line":344,"column":64},"end":{"line":356,"column":5}},"line":344},"20":{"name":"(anonymous_20)","decl":{"start":{"line":359,"column":41},"end":{"line":359,"column":42}},"loc":{"start":{"line":359,"column":55},"end":{"line":361,"column":5}},"line":359},"21":{"name":"(anonymous_21)","decl":{"start":{"line":364,"column":45},"end":{"line":364,"column":46}},"loc":{"start":{"line":364,"column":65},"end":{"line":372,"column":5}},"line":364},"22":{"name":"(anonymous_22)","decl":{"start":{"line":377,"column":2},"end":{"line":377,"column":3}},"loc":{"start":{"line":377,"column":15},"end":{"line":397,"column":3}},"line":377},"23":{"name":"(anonymous_23)","decl":{"start":{"line":381,"column":33},"end":{"line":381,"column":34}},"loc":{"start":{"line":381,"column":40},"end":{"line":383,"column":5}},"line":381},"24":{"name":"(anonymous_24)","decl":{"start":{"line":399,"column":2},"end":{"line":399,"column":3}},"loc":{"start":{"line":399,"column":17},"end":{"line":466,"column":3}},"line":399},"25":{"name":"(anonymous_25)","decl":{"start":{"line":432,"column":14},"end":{"line":432,"column":15}},"loc":{"start":{"line":432,"column":33},"end":{"line":437,"column":7}},"line":432},"26":{"name":"(anonymous_26)","decl":{"start":{"line":469,"column":2},"end":{"line":469,"column":3}},"loc":{"start":{"line":469,"column":23},"end":{"line":487,"column":3}},"line":469},"27":{"name":"(anonymous_27)","decl":{"start":{"line":470,"column":11},"end":{"line":470,"column":12}},"loc":{"start":{"line":470,"column":31},"end":{"line":486,"column":5}},"line":470},"28":{"name":"(anonymous_28)","decl":{"start":{"line":489,"column":2},"end":{"line":489,"column":3}},"loc":{"start":{"line":489,"column":23},"end":{"line":494,"column":3}},"line":489},"29":{"name":"(anonymous_29)","decl":{"start":{"line":500,"column":2},"end":{"line":500,"column":3}},"loc":{"start":{"line":500,"column":32},"end":{"line":503,"column":3}},"line":500},"30":{"name":"(anonymous_30)","decl":{"start":{"line":508,"column":2},"end":{"line":508,"column":3}},"loc":{"start":{"line":508,"column":18},"end":{"line":510,"column":3}},"line":508},"31":{"name":"(anonymous_31)","decl":{"start":{"line":515,"column":2},"end":{"line":515,"column":3}},"loc":{"start":{"line":515,"column":16},"end":{"line":520,"column":3}},"line":515},"32":{"name":"(anonymous_32)","decl":{"start":{"line":525,"column":2},"end":{"line":525,"column":3}},"loc":{"start":{"line":525,"column":20},"end":{"line":530,"column":3}},"line":525},"33":{"name":"(anonymous_33)","decl":{"start":{"line":533,"column":2},"end":{"line":533,"column":3}},"loc":{"start":{"line":533,"column":51},"end":{"line":535,"column":3}},"line":533},"34":{"name":"(anonymous_34)","decl":{"start":{"line":537,"column":2},"end":{"line":537,"column":3}},"loc":{"start":{"line":537,"column":28},"end":{"line":539,"column":3}},"line":537},"35":{"name":"(anonymous_35)","decl":{"start":{"line":541,"column":2},"end":{"line":541,"column":3}},"loc":{"start":{"line":541,"column":40},"end":{"line":543,"column":3}},"line":541},"36":{"name":"(anonymous_36)","decl":{"start":{"line":545,"column":2},"end":{"line":545,"column":3}},"loc":{"start":{"line":545,"column":49},"end":{"line":547,"column":3}},"line":545},"37":{"name":"(anonymous_37)","decl":{"start":{"line":549,"column":2},"end":{"line":549,"column":3}},"loc":{"start":{"line":549,"column":15},"end":{"line":551,"column":3}},"line":549},"38":{"name":"(anonymous_38)","decl":{"start":{"line":554,"column":2},"end":{"line":554,"column":3}},"loc":{"start":{"line":554,"column":43},"end":{"line":556,"column":3}},"line":554},"39":{"name":"(anonymous_39)","decl":{"start":{"line":558,"column":2},"end":{"line":558,"column":3}},"loc":{"start":{"line":558,"column":27},"end":{"line":560,"column":3}},"line":558},"40":{"name":"(anonymous_40)","decl":{"start":{"line":562,"column":2},"end":{"line":562,"column":3}},"loc":{"start":{"line":562,"column":16},"end":{"line":564,"column":3}},"line":562},"41":{"name":"(anonymous_41)","decl":{"start":{"line":566,"column":2},"end":{"line":566,"column":3}},"loc":{"start":{"line":566,"column":18},"end":{"line":569,"column":3}},"line":566},"42":{"name":"(anonymous_42)","decl":{"start":{"line":571,"column":2},"end":{"line":571,"column":3}},"loc":{"start":{"line":571,"column":45},"end":{"line":615,"column":3}},"line":571},"43":{"name":"(anonymous_43)","decl":{"start":{"line":572,"column":33},"end":{"line":572,"column":34}},"loc":{"start":{"line":572,"column":45},"end":{"line":614,"column":5}},"line":572},"44":{"name":"(anonymous_44)","decl":{"start":{"line":618,"column":2},"end":{"line":618,"column":3}},"loc":{"start":{"line":618,"column":24},"end":{"line":635,"column":3}},"line":618},"45":{"name":"(anonymous_45)","decl":{"start":{"line":624,"column":18},"end":{"line":624,"column":19}},"loc":{"start":{"line":624,"column":24},"end":{"line":629,"column":7}},"line":624},"46":{"name":"(anonymous_46)","decl":{"start":{"line":625,"column":41},"end":{"line":625,"column":42}},"loc":{"start":{"line":625,"column":50},"end":{"line":628,"column":9}},"line":625},"47":{"name":"(anonymous_47)","decl":{"start":{"line":637,"column":2},"end":{"line":637,"column":3}},"loc":{"start":{"line":637,"column":37},"end":{"line":645,"column":3}},"line":637},"48":{"name":"(anonymous_48)","decl":{"start":{"line":647,"column":2},"end":{"line":647,"column":3}},"loc":{"start":{"line":647,"column":15},"end":{"line":672,"column":3}},"line":647},"49":{"name":"(anonymous_49)","decl":{"start":{"line":675,"column":2},"end":{"line":675,"column":3}},"loc":{"start":{"line":675,"column":27},"end":{"line":702,"column":3}},"line":675},"50":{"name":"(anonymous_50)","decl":{"start":{"line":704,"column":2},"end":{"line":704,"column":3}},"loc":{"start":{"line":704,"column":20},"end":{"line":707,"column":3}},"line":704},"51":{"name":"(anonymous_51)","decl":{"start":{"line":709,"column":2},"end":{"line":709,"column":3}},"loc":{"start":{"line":709,"column":20},"end":{"line":714,"column":3}},"line":709},"52":{"name":"(anonymous_52)","decl":{"start":{"line":713,"column":35},"end":{"line":713,"column":36}},"loc":{"start":{"line":713,"column":46},"end":{"line":713,"column":68}},"line":713},"53":{"name":"(anonymous_53)","decl":{"start":{"line":716,"column":2},"end":{"line":716,"column":3}},"loc":{"start":{"line":716,"column":21},"end":{"line":720,"column":3}},"line":716},"54":{"name":"(anonymous_54)","decl":{"start":{"line":722,"column":2},"end":{"line":722,"column":3}},"loc":{"start":{"line":722,"column":21},"end":{"line":727,"column":3}},"line":722},"55":{"name":"(anonymous_55)","decl":{"start":{"line":729,"column":2},"end":{"line":729,"column":3}},"loc":{"start":{"line":729,"column":23},"end":{"line":734,"column":3}},"line":729},"56":{"name":"(anonymous_56)","decl":{"start":{"line":732,"column":11},"end":{"line":732,"column":12}},"loc":{"start":{"line":732,"column":19},"end":{"line":732,"column":42}},"line":732},"57":{"name":"(anonymous_57)","decl":{"start":{"line":733,"column":14},"end":{"line":733,"column":15}},"loc":{"start":{"line":733,"column":22},"end":{"line":733,"column":35}},"line":733},"58":{"name":"(anonymous_58)","decl":{"start":{"line":736,"column":2},"end":{"line":736,"column":3}},"loc":{"start":{"line":736,"column":22},"end":{"line":739,"column":3}},"line":736},"59":{"name":"(anonymous_59)","decl":{"start":{"line":741,"column":2},"end":{"line":741,"column":3}},"loc":{"start":{"line":741,"column":21},"end":{"line":746,"column":3}},"line":741},"60":{"name":"(anonymous_60)","decl":{"start":{"line":744,"column":14},"end":{"line":744,"column":15}},"loc":{"start":{"line":744,"column":22},"end":{"line":744,"column":46}},"line":744},"61":{"name":"(anonymous_61)","decl":{"start":{"line":745,"column":11},"end":{"line":745,"column":12}},"loc":{"start":{"line":745,"column":19},"end":{"line":745,"column":48}},"line":745}},"branchMap":{"0":{"loc":{"start":{"line":26,"column":14},"end":{"line":26,"column":26}},"type":"default-arg","locations":[{"start":{"line":26,"column":24},"end":{"line":26,"column":26}}],"line":26},"1":{"loc":{"start":{"line":32,"column":12},"end":{"line":32,"column":51}},"type":"binary-expr","locations":[{"start":{"line":32,"column":12},"end":{"line":32,"column":43}},{"start":{"line":32,"column":47},"end":{"line":32,"column":51}}],"line":32},"2":{"loc":{"start":{"line":33,"column":14},"end":{"line":33,"column":55}},"type":"binary-expr","locations":[{"start":{"line":33,"column":14},"end":{"line":33,"column":47}},{"start":{"line":33,"column":51},"end":{"line":33,"column":55}}],"line":33},"3":{"loc":{"start":{"line":34,"column":16},"end":{"line":34,"column":62}},"type":"binary-expr","locations":[{"start":{"line":34,"column":16},"end":{"line":34,"column":51}},{"start":{"line":34,"column":55},"end":{"line":34,"column":62}}],"line":34},"4":{"loc":{"start":{"line":35,"column":17},"end":{"line":35,"column":65}},"type":"binary-expr","locations":[{"start":{"line":35,"column":17},"end":{"line":35,"column":53}},{"start":{"line":35,"column":57},"end":{"line":35,"column":65}}],"line":35},"5":{"loc":{"start":{"line":36,"column":17},"end":{"line":36,"column":65}},"type":"binary-expr","locations":[{"start":{"line":36,"column":17},"end":{"line":36,"column":53}},{"start":{"line":36,"column":57},"end":{"line":36,"column":65}}],"line":36},"6":{"loc":{"start":{"line":38,"column":17},"end":{"line":38,"column":87}},"type":"binary-expr","locations":[{"start":{"line":38,"column":17},"end":{"line":38,"column":54}},{"start":{"line":38,"column":58},"end":{"line":38,"column":87}}],"line":38},"7":{"loc":{"start":{"line":39,"column":16},"end":{"line":39,"column":66}},"type":"binary-expr","locations":[{"start":{"line":39,"column":16},"end":{"line":39,"column":51}},{"start":{"line":39,"column":55},"end":{"line":39,"column":66}}],"line":39},"8":{"loc":{"start":{"line":40,"column":17},"end":{"line":40,"column":84}},"type":"binary-expr","locations":[{"start":{"line":40,"column":17},"end":{"line":40,"column":54}},{"start":{"line":40,"column":58},"end":{"line":40,"column":84}}],"line":40},"9":{"loc":{"start":{"line":41,"column":27},"end":{"line":41,"column":54}},"type":"binary-expr","locations":[{"start":{"line":41,"column":27},"end":{"line":41,"column":46}},{"start":{"line":41,"column":50},"end":{"line":41,"column":54}}],"line":41},"10":{"loc":{"start":{"line":51,"column":18},"end":{"line":51,"column":66}},"type":"binary-expr","locations":[{"start":{"line":51,"column":18},"end":{"line":51,"column":57}},{"start":{"line":51,"column":61},"end":{"line":51,"column":66}}],"line":51},"11":{"loc":{"start":{"line":58,"column":20},"end":{"line":58,"column":85}},"type":"binary-expr","locations":[{"start":{"line":58,"column":20},"end":{"line":58,"column":66}},{"start":{"line":58,"column":70},"end":{"line":58,"column":85}}],"line":58},"12":{"loc":{"start":{"line":59,"column":23},"end":{"line":59,"column":84}},"type":"binary-expr","locations":[{"start":{"line":59,"column":23},"end":{"line":59,"column":74}},{"start":{"line":59,"column":78},"end":{"line":59,"column":84}}],"line":59},"13":{"loc":{"start":{"line":60,"column":19},"end":{"line":60,"column":76}},"type":"binary-expr","locations":[{"start":{"line":60,"column":19},"end":{"line":60,"column":66}},{"start":{"line":60,"column":70},"end":{"line":60,"column":76}}],"line":60},"14":{"loc":{"start":{"line":61,"column":18},"end":{"line":61,"column":117}},"type":"binary-expr","locations":[{"start":{"line":61,"column":18},"end":{"line":61,"column":63}},{"start":{"line":61,"column":67},"end":{"line":61,"column":117}}],"line":61},"15":{"loc":{"start":{"line":66,"column":25},"end":{"line":66,"column":57}},"type":"binary-expr","locations":[{"start":{"line":66,"column":25},"end":{"line":66,"column":49}},{"start":{"line":66,"column":53},"end":{"line":66,"column":57}}],"line":66},"16":{"loc":{"start":{"line":67,"column":26},"end":{"line":67,"column":59}},"type":"binary-expr","locations":[{"start":{"line":67,"column":26},"end":{"line":67,"column":51}},{"start":{"line":67,"column":55},"end":{"line":67,"column":59}}],"line":67},"17":{"loc":{"start":{"line":68,"column":20},"end":{"line":68,"column":79}},"type":"binary-expr","locations":[{"start":{"line":68,"column":20},"end":{"line":68,"column":66}},{"start":{"line":68,"column":70},"end":{"line":68,"column":79}}],"line":68},"18":{"loc":{"start":{"line":69,"column":19},"end":{"line":69,"column":51}},"type":"binary-expr","locations":[{"start":{"line":69,"column":19},"end":{"line":69,"column":45}},{"start":{"line":69,"column":49},"end":{"line":69,"column":51}}],"line":69},"19":{"loc":{"start":{"line":73,"column":25},"end":{"line":73,"column":58}},"type":"binary-expr","locations":[{"start":{"line":73,"column":25},"end":{"line":73,"column":50}},{"start":{"line":73,"column":54},"end":{"line":73,"column":58}}],"line":73},"20":{"loc":{"start":{"line":74,"column":44},"end":{"line":74,"column":80}},"type":"binary-expr","locations":[{"start":{"line":74,"column":44},"end":{"line":74,"column":75}},{"start":{"line":74,"column":79},"end":{"line":74,"column":80}}],"line":74},"21":{"loc":{"start":{"line":75,"column":28},"end":{"line":75,"column":64}},"type":"binary-expr","locations":[{"start":{"line":75,"column":28},"end":{"line":75,"column":56}},{"start":{"line":75,"column":60},"end":{"line":75,"column":64}}],"line":75},"22":{"loc":{"start":{"line":76,"column":29},"end":{"line":76,"column":66}},"type":"binary-expr","locations":[{"start":{"line":76,"column":29},"end":{"line":76,"column":58}},{"start":{"line":76,"column":62},"end":{"line":76,"column":66}}],"line":76},"23":{"loc":{"start":{"line":77,"column":37},"end":{"line":77,"column":76}},"type":"binary-expr","locations":[{"start":{"line":77,"column":37},"end":{"line":77,"column":68}},{"start":{"line":77,"column":72},"end":{"line":77,"column":76}}],"line":77},"24":{"loc":{"start":{"line":82,"column":17},"end":{"line":82,"column":86}},"type":"binary-expr","locations":[{"start":{"line":82,"column":17},"end":{"line":82,"column":62}},{"start":{"line":82,"column":66},"end":{"line":82,"column":86}}],"line":82},"25":{"loc":{"start":{"line":82,"column":25},"end":{"line":82,"column":61}},"type":"binary-expr","locations":[{"start":{"line":82,"column":25},"end":{"line":82,"column":53}},{"start":{"line":82,"column":57},"end":{"line":82,"column":61}}],"line":82},"26":{"loc":{"start":{"line":83,"column":30},"end":{"line":83,"column":71}},"type":"binary-expr","locations":[{"start":{"line":83,"column":30},"end":{"line":83,"column":63}},{"start":{"line":83,"column":67},"end":{"line":83,"column":71}}],"line":83},"27":{"loc":{"start":{"line":84,"column":28},"end":{"line":84,"column":68}},"type":"binary-expr","locations":[{"start":{"line":84,"column":28},"end":{"line":84,"column":59}},{"start":{"line":84,"column":63},"end":{"line":84,"column":68}}],"line":84},"28":{"loc":{"start":{"line":85,"column":23},"end":{"line":85,"column":69}},"type":"binary-expr","locations":[{"start":{"line":85,"column":23},"end":{"line":85,"column":57}},{"start":{"line":85,"column":61},"end":{"line":85,"column":69}}],"line":85},"29":{"loc":{"start":{"line":86,"column":33},"end":{"line":86,"column":77}},"type":"binary-expr","locations":[{"start":{"line":86,"column":33},"end":{"line":86,"column":69}},{"start":{"line":86,"column":73},"end":{"line":86,"column":77}}],"line":86},"30":{"loc":{"start":{"line":87,"column":35},"end":{"line":87,"column":81}},"type":"binary-expr","locations":[{"start":{"line":87,"column":35},"end":{"line":87,"column":73}},{"start":{"line":87,"column":77},"end":{"line":87,"column":81}}],"line":87},"31":{"loc":{"start":{"line":88,"column":33},"end":{"line":88,"column":70}},"type":"binary-expr","locations":[{"start":{"line":88,"column":33},"end":{"line":88,"column":65}},{"start":{"line":88,"column":69},"end":{"line":88,"column":70}}],"line":88},"32":{"loc":{"start":{"line":89,"column":40},"end":{"line":89,"column":85}},"type":"binary-expr","locations":[{"start":{"line":89,"column":40},"end":{"line":89,"column":74}},{"start":{"line":89,"column":78},"end":{"line":89,"column":85}}],"line":89},"33":{"loc":{"start":{"line":106,"column":4},"end":{"line":109,"column":5}},"type":"if","locations":[{"start":{"line":106,"column":4},"end":{"line":109,"column":5}},{"start":{},"end":{}}],"line":106},"34":{"loc":{"start":{"line":106,"column":8},"end":{"line":106,"column":55}},"type":"binary-expr","locations":[{"start":{"line":106,"column":8},"end":{"line":106,"column":40}},{"start":{"line":106,"column":44},"end":{"line":106,"column":55}}],"line":106},"35":{"loc":{"start":{"line":111,"column":4},"end":{"line":113,"column":5}},"type":"if","locations":[{"start":{"line":111,"column":4},"end":{"line":113,"column":5}},{"start":{},"end":{}}],"line":111},"36":{"loc":{"start":{"line":115,"column":4},"end":{"line":117,"column":5}},"type":"if","locations":[{"start":{"line":115,"column":4},"end":{"line":117,"column":5}},{"start":{},"end":{}}],"line":115},"37":{"loc":{"start":{"line":123,"column":4},"end":{"line":130,"column":5}},"type":"if","locations":[{"start":{"line":123,"column":4},"end":{"line":130,"column":5}},{"start":{},"end":{}}],"line":123},"38":{"loc":{"start":{"line":133,"column":34},"end":{"line":133,"column":52}},"type":"default-arg","locations":[{"start":{"line":133,"column":44},"end":{"line":133,"column":52}}],"line":133},"39":{"loc":{"start":{"line":137,"column":21},"end":{"line":137,"column":33}},"type":"default-arg","locations":[{"start":{"line":137,"column":31},"end":{"line":137,"column":33}}],"line":137},"40":{"loc":{"start":{"line":143,"column":4},"end":{"line":143,"column":71}},"type":"if","locations":[{"start":{"line":143,"column":4},"end":{"line":143,"column":71}},{"start":{},"end":{}}],"line":143},"41":{"loc":{"start":{"line":143,"column":8},"end":{"line":143,"column":62}},"type":"binary-expr","locations":[{"start":{"line":143,"column":8},"end":{"line":143,"column":41}},{"start":{"line":143,"column":45},"end":{"line":143,"column":62}}],"line":143},"42":{"loc":{"start":{"line":149,"column":8},"end":{"line":151,"column":9}},"type":"if","locations":[{"start":{"line":149,"column":8},"end":{"line":151,"column":9}},{"start":{},"end":{}}],"line":149},"43":{"loc":{"start":{"line":155,"column":15},"end":{"line":155,"column":51}},"type":"binary-expr","locations":[{"start":{"line":155,"column":15},"end":{"line":155,"column":45}},{"start":{"line":155,"column":49},"end":{"line":155,"column":51}}],"line":155},"44":{"loc":{"start":{"line":171,"column":12},"end":{"line":178,"column":13}},"type":"if","locations":[{"start":{"line":171,"column":12},"end":{"line":178,"column":13}},{"start":{},"end":{}}],"line":171},"45":{"loc":{"start":{"line":192,"column":24},"end":{"line":192,"column":38}},"type":"default-arg","locations":[{"start":{"line":192,"column":33},"end":{"line":192,"column":38}}],"line":192},"46":{"loc":{"start":{"line":193,"column":4},"end":{"line":193,"column":45}},"type":"if","locations":[{"start":{"line":193,"column":4},"end":{"line":193,"column":45}},{"start":{},"end":{}}],"line":193},"47":{"loc":{"start":{"line":202,"column":6},"end":{"line":229,"column":7}},"type":"if","locations":[{"start":{"line":202,"column":6},"end":{"line":229,"column":7}},{"start":{"line":225,"column":13},"end":{"line":229,"column":7}}],"line":202},"48":{"loc":{"start":{"line":202,"column":10},"end":{"line":202,"column":41}},"type":"binary-expr","locations":[{"start":{"line":202,"column":10},"end":{"line":202,"column":30}},{"start":{"line":202,"column":34},"end":{"line":202,"column":41}}],"line":202},"49":{"loc":{"start":{"line":206,"column":8},"end":{"line":216,"column":9}},"type":"if","locations":[{"start":{"line":206,"column":8},"end":{"line":216,"column":9}},{"start":{},"end":{}}],"line":206},"50":{"loc":{"start":{"line":210,"column":10},"end":{"line":215,"column":11}},"type":"if","locations":[{"start":{"line":210,"column":10},"end":{"line":215,"column":11}},{"start":{},"end":{}}],"line":210},"51":{"loc":{"start":{"line":210,"column":14},"end":{"line":210,"column":93}},"type":"binary-expr","locations":[{"start":{"line":210,"column":14},"end":{"line":210,"column":54}},{"start":{"line":210,"column":58},"end":{"line":210,"column":93}}],"line":210},"52":{"loc":{"start":{"line":219,"column":8},"end":{"line":224,"column":9}},"type":"if","locations":[{"start":{"line":219,"column":8},"end":{"line":224,"column":9}},{"start":{},"end":{}}],"line":219},"53":{"loc":{"start":{"line":219,"column":12},"end":{"line":219,"column":71}},"type":"binary-expr","locations":[{"start":{"line":219,"column":12},"end":{"line":219,"column":47}},{"start":{"line":219,"column":51},"end":{"line":219,"column":71}}],"line":219},"54":{"loc":{"start":{"line":225,"column":13},"end":{"line":229,"column":7}},"type":"if","locations":[{"start":{"line":225,"column":13},"end":{"line":229,"column":7}},{"start":{"line":227,"column":13},"end":{"line":229,"column":7}}],"line":225},"55":{"loc":{"start":{"line":225,"column":17},"end":{"line":225,"column":51}},"type":"binary-expr","locations":[{"start":{"line":225,"column":17},"end":{"line":225,"column":40}},{"start":{"line":225,"column":44},"end":{"line":225,"column":51}}],"line":225},"56":{"loc":{"start":{"line":227,"column":13},"end":{"line":229,"column":7}},"type":"if","locations":[{"start":{"line":227,"column":13},"end":{"line":229,"column":7}},{"start":{},"end":{}}],"line":227},"57":{"loc":{"start":{"line":227,"column":17},"end":{"line":227,"column":49}},"type":"binary-expr","locations":[{"start":{"line":227,"column":17},"end":{"line":227,"column":38}},{"start":{"line":227,"column":42},"end":{"line":227,"column":49}}],"line":227},"58":{"loc":{"start":{"line":228,"column":56},"end":{"line":228,"column":95}},"type":"binary-expr","locations":[{"start":{"line":228,"column":56},"end":{"line":228,"column":81}},{"start":{"line":228,"column":85},"end":{"line":228,"column":95}}],"line":228},"59":{"loc":{"start":{"line":242,"column":4},"end":{"line":244,"column":5}},"type":"if","locations":[{"start":{"line":242,"column":4},"end":{"line":244,"column":5}},{"start":{},"end":{}}],"line":242},"60":{"loc":{"start":{"line":250,"column":6},"end":{"line":252,"column":7}},"type":"if","locations":[{"start":{"line":250,"column":6},"end":{"line":252,"column":7}},{"start":{},"end":{}}],"line":250},"61":{"loc":{"start":{"line":256,"column":6},"end":{"line":276,"column":7}},"type":"if","locations":[{"start":{"line":256,"column":6},"end":{"line":276,"column":7}},{"start":{"line":273,"column":13},"end":{"line":276,"column":7}}],"line":256},"62":{"loc":{"start":{"line":260,"column":8},"end":{"line":262,"column":9}},"type":"if","locations":[{"start":{"line":260,"column":8},"end":{"line":262,"column":9}},{"start":{},"end":{}}],"line":260},"63":{"loc":{"start":{"line":265,"column":8},"end":{"line":270,"column":9}},"type":"if","locations":[{"start":{"line":265,"column":8},"end":{"line":270,"column":9}},{"start":{},"end":{}}],"line":265},"64":{"loc":{"start":{"line":282,"column":6},"end":{"line":284,"column":7}},"type":"if","locations":[{"start":{"line":282,"column":6},"end":{"line":284,"column":7}},{"start":{},"end":{}}],"line":282},"65":{"loc":{"start":{"line":291,"column":23},"end":{"line":291,"column":40}},"type":"default-arg","locations":[{"start":{"line":291,"column":36},"end":{"line":291,"column":40}}],"line":291},"66":{"loc":{"start":{"line":292,"column":4},"end":{"line":294,"column":5}},"type":"if","locations":[{"start":{"line":292,"column":4},"end":{"line":294,"column":5}},{"start":{},"end":{}}],"line":292},"67":{"loc":{"start":{"line":301,"column":6},"end":{"line":307,"column":7}},"type":"if","locations":[{"start":{"line":301,"column":6},"end":{"line":307,"column":7}},{"start":{"line":304,"column":13},"end":{"line":307,"column":7}}],"line":301},"68":{"loc":{"start":{"line":317,"column":4},"end":{"line":319,"column":5}},"type":"if","locations":[{"start":{"line":317,"column":4},"end":{"line":319,"column":5}},{"start":{},"end":{}}],"line":317},"69":{"loc":{"start":{"line":331,"column":4},"end":{"line":331,"column":40}},"type":"if","locations":[{"start":{"line":331,"column":4},"end":{"line":331,"column":40}},{"start":{},"end":{}}],"line":331},"70":{"loc":{"start":{"line":347,"column":8},"end":{"line":352,"column":9}},"type":"if","locations":[{"start":{"line":347,"column":8},"end":{"line":352,"column":9}},{"start":{"line":350,"column":15},"end":{"line":352,"column":9}}],"line":347},"71":{"loc":{"start":{"line":385,"column":4},"end":{"line":387,"column":5}},"type":"if","locations":[{"start":{"line":385,"column":4},"end":{"line":387,"column":5}},{"start":{},"end":{}}],"line":385},"72":{"loc":{"start":{"line":389,"column":4},"end":{"line":391,"column":5}},"type":"if","locations":[{"start":{"line":389,"column":4},"end":{"line":391,"column":5}},{"start":{},"end":{}}],"line":389},"73":{"loc":{"start":{"line":394,"column":4},"end":{"line":396,"column":5}},"type":"if","locations":[{"start":{"line":394,"column":4},"end":{"line":396,"column":5}},{"start":{},"end":{}}],"line":394},"74":{"loc":{"start":{"line":401,"column":4},"end":{"line":413,"column":5}},"type":"if","locations":[{"start":{"line":401,"column":4},"end":{"line":413,"column":5}},{"start":{},"end":{}}],"line":401},"75":{"loc":{"start":{"line":416,"column":4},"end":{"line":419,"column":5}},"type":"if","locations":[{"start":{"line":416,"column":4},"end":{"line":419,"column":5}},{"start":{},"end":{}}],"line":416},"76":{"loc":{"start":{"line":434,"column":8},"end":{"line":436,"column":9}},"type":"if","locations":[{"start":{"line":434,"column":8},"end":{"line":436,"column":9}},{"start":{},"end":{}}],"line":434},"77":{"loc":{"start":{"line":451,"column":14},"end":{"line":451,"column":62}},"type":"cond-expr","locations":[{"start":{"line":451,"column":54},"end":{"line":451,"column":58}},{"start":{"line":451,"column":61},"end":{"line":451,"column":62}}],"line":451},"78":{"loc":{"start":{"line":457,"column":4},"end":{"line":459,"column":5}},"type":"if","locations":[{"start":{"line":457,"column":4},"end":{"line":459,"column":5}},{"start":{},"end":{}}],"line":457},"79":{"loc":{"start":{"line":461,"column":4},"end":{"line":463,"column":5}},"type":"if","locations":[{"start":{"line":461,"column":4},"end":{"line":463,"column":5}},{"start":{},"end":{}}],"line":461},"80":{"loc":{"start":{"line":480,"column":8},"end":{"line":482,"column":9}},"type":"if","locations":[{"start":{"line":480,"column":8},"end":{"line":482,"column":9}},{"start":{},"end":{}}],"line":480},"81":{"loc":{"start":{"line":480,"column":12},"end":{"line":480,"column":75}},"type":"binary-expr","locations":[{"start":{"line":480,"column":12},"end":{"line":480,"column":31}},{"start":{"line":480,"column":35},"end":{"line":480,"column":75}}],"line":480},"82":{"loc":{"start":{"line":491,"column":11},"end":{"line":493,"column":33}},"type":"binary-expr","locations":[{"start":{"line":491,"column":11},"end":{"line":491,"column":36}},{"start":{"line":492,"column":11},"end":{"line":492,"column":30}},{"start":{"line":493,"column":11},"end":{"line":493,"column":33}}],"line":491},"83":{"loc":{"start":{"line":500,"column":19},"end":{"line":500,"column":30}},"type":"default-arg","locations":[{"start":{"line":500,"column":28},"end":{"line":500,"column":30}}],"line":500},"84":{"loc":{"start":{"line":516,"column":4},"end":{"line":518,"column":5}},"type":"if","locations":[{"start":{"line":516,"column":4},"end":{"line":518,"column":5}},{"start":{},"end":{}}],"line":516},"85":{"loc":{"start":{"line":526,"column":4},"end":{"line":528,"column":5}},"type":"if","locations":[{"start":{"line":526,"column":4},"end":{"line":528,"column":5}},{"start":{},"end":{}}],"line":526},"86":{"loc":{"start":{"line":533,"column":37},"end":{"line":533,"column":49}},"type":"default-arg","locations":[{"start":{"line":533,"column":47},"end":{"line":533,"column":49}}],"line":533},"87":{"loc":{"start":{"line":545,"column":13},"end":{"line":545,"column":47}},"type":"default-arg","locations":[{"start":{"line":545,"column":25},"end":{"line":545,"column":47}}],"line":545},"88":{"loc":{"start":{"line":554,"column":27},"end":{"line":554,"column":41}},"type":"default-arg","locations":[{"start":{"line":554,"column":37},"end":{"line":554,"column":41}}],"line":554},"89":{"loc":{"start":{"line":571,"column":9},"end":{"line":571,"column":33}},"type":"default-arg","locations":[{"start":{"line":571,"column":16},"end":{"line":571,"column":33}}],"line":571},"90":{"loc":{"start":{"line":582,"column":6},"end":{"line":597,"column":7}},"type":"if","locations":[{"start":{"line":582,"column":6},"end":{"line":597,"column":7}},{"start":{},"end":{}}],"line":582},"91":{"loc":{"start":{"line":585,"column":10},"end":{"line":588,"column":11}},"type":"if","locations":[{"start":{"line":585,"column":10},"end":{"line":588,"column":11}},{"start":{},"end":{}}],"line":585},"92":{"loc":{"start":{"line":591,"column":10},"end":{"line":593,"column":11}},"type":"if","locations":[{"start":{"line":591,"column":10},"end":{"line":593,"column":11}},{"start":{},"end":{}}],"line":591},"93":{"loc":{"start":{"line":591,"column":14},"end":{"line":591,"column":74}},"type":"binary-expr","locations":[{"start":{"line":591,"column":14},"end":{"line":591,"column":37}},{"start":{"line":591,"column":41},"end":{"line":591,"column":74}}],"line":591},"94":{"loc":{"start":{"line":599,"column":6},"end":{"line":601,"column":7}},"type":"if","locations":[{"start":{"line":599,"column":6},"end":{"line":601,"column":7}},{"start":{},"end":{}}],"line":599},"95":{"loc":{"start":{"line":603,"column":6},"end":{"line":607,"column":7}},"type":"if","locations":[{"start":{"line":603,"column":6},"end":{"line":607,"column":7}},{"start":{},"end":{}}],"line":603},"96":{"loc":{"start":{"line":611,"column":6},"end":{"line":613,"column":7}},"type":"if","locations":[{"start":{"line":611,"column":6},"end":{"line":613,"column":7}},{"start":{},"end":{}}],"line":611},"97":{"loc":{"start":{"line":611,"column":10},"end":{"line":611,"column":52}},"type":"binary-expr","locations":[{"start":{"line":611,"column":10},"end":{"line":611,"column":18}},{"start":{"line":611,"column":22},"end":{"line":611,"column":52}}],"line":611},"98":{"loc":{"start":{"line":619,"column":4},"end":{"line":619,"column":40}},"type":"if","locations":[{"start":{"line":619,"column":4},"end":{"line":619,"column":40}},{"start":{},"end":{}}],"line":619},"99":{"loc":{"start":{"line":622,"column":23},"end":{"line":622,"column":71}},"type":"binary-expr","locations":[{"start":{"line":622,"column":23},"end":{"line":622,"column":60}},{"start":{"line":622,"column":64},"end":{"line":622,"column":71}}],"line":622},"100":{"loc":{"start":{"line":637,"column":11},"end":{"line":637,"column":35}},"type":"default-arg","locations":[{"start":{"line":637,"column":18},"end":{"line":637,"column":35}}],"line":637},"101":{"loc":{"start":{"line":639,"column":4},"end":{"line":642,"column":5}},"type":"if","locations":[{"start":{"line":639,"column":4},"end":{"line":642,"column":5}},{"start":{},"end":{}}],"line":639},"102":{"loc":{"start":{"line":648,"column":4},"end":{"line":650,"column":5}},"type":"if","locations":[{"start":{"line":648,"column":4},"end":{"line":650,"column":5}},{"start":{},"end":{}}],"line":648},"103":{"loc":{"start":{"line":652,"column":4},"end":{"line":654,"column":5}},"type":"if","locations":[{"start":{"line":652,"column":4},"end":{"line":654,"column":5}},{"start":{},"end":{}}],"line":652},"104":{"loc":{"start":{"line":657,"column":4},"end":{"line":659,"column":5}},"type":"if","locations":[{"start":{"line":657,"column":4},"end":{"line":659,"column":5}},{"start":{},"end":{}}],"line":657},"105":{"loc":{"start":{"line":662,"column":4},"end":{"line":669,"column":5}},"type":"if","locations":[{"start":{"line":662,"column":4},"end":{"line":669,"column":5}},{"start":{},"end":{}}],"line":662},"106":{"loc":{"start":{"line":662,"column":8},"end":{"line":662,"column":106}},"type":"binary-expr","locations":[{"start":{"line":662,"column":8},"end":{"line":662,"column":30}},{"start":{"line":662,"column":34},"end":{"line":662,"column":50}},{"start":{"line":662,"column":54},"end":{"line":662,"column":106}}],"line":662},"107":{"loc":{"start":{"line":676,"column":4},"end":{"line":678,"column":5}},"type":"if","locations":[{"start":{"line":676,"column":4},"end":{"line":678,"column":5}},{"start":{},"end":{}}],"line":676},"108":{"loc":{"start":{"line":676,"column":8},"end":{"line":676,"column":55}},"type":"binary-expr","locations":[{"start":{"line":676,"column":8},"end":{"line":676,"column":35}},{"start":{"line":676,"column":39},"end":{"line":676,"column":55}}],"line":676},"109":{"loc":{"start":{"line":681,"column":4},"end":{"line":683,"column":5}},"type":"if","locations":[{"start":{"line":681,"column":4},"end":{"line":683,"column":5}},{"start":{},"end":{}}],"line":681},"110":{"loc":{"start":{"line":681,"column":8},"end":{"line":681,"column":69}},"type":"binary-expr","locations":[{"start":{"line":681,"column":8},"end":{"line":681,"column":34}},{"start":{"line":681,"column":38},"end":{"line":681,"column":69}}],"line":681},"111":{"loc":{"start":{"line":686,"column":4},"end":{"line":688,"column":5}},"type":"if","locations":[{"start":{"line":686,"column":4},"end":{"line":688,"column":5}},{"start":{},"end":{}}],"line":686},"112":{"loc":{"start":{"line":686,"column":8},"end":{"line":686,"column":73}},"type":"binary-expr","locations":[{"start":{"line":686,"column":8},"end":{"line":686,"column":36}},{"start":{"line":686,"column":40},"end":{"line":686,"column":73}}],"line":686},"113":{"loc":{"start":{"line":693,"column":6},"end":{"line":695,"column":7}},"type":"if","locations":[{"start":{"line":693,"column":6},"end":{"line":695,"column":7}},{"start":{},"end":{}}],"line":693},"114":{"loc":{"start":{"line":693,"column":10},"end":{"line":693,"column":85}},"type":"binary-expr","locations":[{"start":{"line":693,"column":10},"end":{"line":693,"column":43}},{"start":{"line":693,"column":47},"end":{"line":693,"column":85}}],"line":693},"115":{"loc":{"start":{"line":699,"column":4},"end":{"line":701,"column":5}},"type":"if","locations":[{"start":{"line":699,"column":4},"end":{"line":701,"column":5}},{"start":{},"end":{}}],"line":699},"116":{"loc":{"start":{"line":699,"column":8},"end":{"line":699,"column":76}},"type":"binary-expr","locations":[{"start":{"line":699,"column":8},"end":{"line":699,"column":39}},{"start":{"line":699,"column":43},"end":{"line":699,"column":76}}],"line":699},"117":{"loc":{"start":{"line":706,"column":11},"end":{"line":706,"column":71}},"type":"binary-expr","locations":[{"start":{"line":706,"column":11},"end":{"line":706,"column":29}},{"start":{"line":706,"column":33},"end":{"line":706,"column":48}},{"start":{"line":706,"column":52},"end":{"line":706,"column":71}}],"line":706},"118":{"loc":{"start":{"line":710,"column":4},"end":{"line":710,"column":47}},"type":"if","locations":[{"start":{"line":710,"column":4},"end":{"line":710,"column":47}},{"start":{},"end":{}}],"line":710},"119":{"loc":{"start":{"line":713,"column":11},"end":{"line":713,"column":88}},"type":"binary-expr","locations":[{"start":{"line":713,"column":11},"end":{"line":713,"column":69}},{"start":{"line":713,"column":73},"end":{"line":713,"column":88}}],"line":713},"120":{"loc":{"start":{"line":717,"column":4},"end":{"line":717,"column":57}},"type":"if","locations":[{"start":{"line":717,"column":4},"end":{"line":717,"column":57}},{"start":{},"end":{}}],"line":717},"121":{"loc":{"start":{"line":717,"column":8},"end":{"line":717,"column":43}},"type":"binary-expr","locations":[{"start":{"line":717,"column":8},"end":{"line":717,"column":26}},{"start":{"line":717,"column":30},"end":{"line":717,"column":43}}],"line":717},"122":{"loc":{"start":{"line":719,"column":11},"end":{"line":719,"column":59}},"type":"cond-expr","locations":[{"start":{"line":719,"column":42},"end":{"line":719,"column":52}},{"start":{"line":719,"column":55},"end":{"line":719,"column":59}}],"line":719},"123":{"loc":{"start":{"line":723,"column":4},"end":{"line":723,"column":46}},"type":"if","locations":[{"start":{"line":723,"column":4},"end":{"line":723,"column":46}},{"start":{},"end":{}}],"line":723},"124":{"loc":{"start":{"line":726,"column":11},"end":{"line":726,"column":57}},"type":"cond-expr","locations":[{"start":{"line":726,"column":41},"end":{"line":726,"column":50}},{"start":{"line":726,"column":53},"end":{"line":726,"column":57}}],"line":726},"125":{"loc":{"start":{"line":730,"column":4},"end":{"line":730,"column":43}},"type":"if","locations":[{"start":{"line":730,"column":4},"end":{"line":730,"column":43}},{"start":{},"end":{}}],"line":730},"126":{"loc":{"start":{"line":737,"column":4},"end":{"line":737,"column":45}},"type":"if","locations":[{"start":{"line":737,"column":4},"end":{"line":737,"column":45}},{"start":{},"end":{}}],"line":737},"127":{"loc":{"start":{"line":742,"column":4},"end":{"line":742,"column":41}},"type":"if","locations":[{"start":{"line":742,"column":4},"end":{"line":742,"column":41}},{"start":{},"end":{}}],"line":742}},"s":{"0":0,"1":0,"2":0,"3":0,"4":0,"5":0,"6":0,"7":0,"8":0,"9":0,"10":0,"11":0,"12":0,"13":0,"14":0,"15":0,"16":0,"17":0,"18":0,"19":0,"20":0,"21":0,"22":0,"23":0,"24":0,"25":0,"26":0,"27":0,"28":0,"29":0,"30":0,"31":0,"32":0,"33":0,"34":0,"35":0,"36":0,"37":0,"38":0,"39":0,"40":0,"41":0,"42":0,"43":0,"44":0,"45":0,"46":0,"47":0,"48":0,"49":0,"50":0,"51":0,"52":0,"53":0,"54":0,"55":0,"56":0,"57":0,"58":0,"59":0,"60":0,"61":0,"62":0,"63":0,"64":0,"65":0,"66":0,"67":0,"68":0,"69":0,"70":0,"71":0,"72":0,"73":0,"74":0,"75":0,"76":0,"77":0,"78":0,"79":0,"80":0,"81":0,"82":0,"83":0,"84":0,"85":0,"86":0,"87":0,"88":0,"89":0,"90":0,"91":0,"92":0,"93":0,"94":0,"95":0,"96":0,"97":0,"98":0,"99":0,"100":0,"101":0,"102":0,"103":0,"104":0,"105":0,"106":0,"107":0,"108":0,"109":0,"110":0,"111":0,"112":0,"113":0,"114":0,"115":0,"116":0,"117":0,"118":0,"119":0,"120":0,"121":0,"122":0,"123":0,"124":0,"125":0,"126":0,"127":0,"128":0,"129":0,"130":0,"131":0,"132":0,"133":0,"134":0,"135":0,"136":0,"137":0,"138":0,"139":0,"140":0,"141":0,"142":0,"143":0,"144":0,"145":0,"146":0,"147":0,"148":0,"149":0,"150":0,"151":0,"152":0,"153":0,"154":0,"155":0,"156":0,"157":0,"158":0,"159":0,"160":0,"161":0,"162":0,"163":0,"164":0,"165":0,"166":0,"167":0,"168":0,"169":0,"170":0,"171":0,"172":0,"173":0,"174":0,"175":0,"176":0,"177":0,"178":0,"179":0,"180":0,"181":0,"182":0,"183":0,"184":0,"185":0,"186":0,"187":0,"188":0,"189":0,"190":0,"191":0,"192":0,"193":0,"194":0,"195":0,"196":0,"197":0,"198":0,"199":0,"200":0,"201":0,"202":0,"203":0,"204":0,"205":0,"206":0,"207":0,"208":0,"209":0,"210":0,"211":0,"212":0,"213":0,"214":0,"215":0,"216":0,"217":0,"218":0,"219":0,"220":0,"221":0,"222":0,"223":0,"224":0,"225":0,"226":0,"227":0,"228":0,"229":0,"230":0,"231":0,"232":0,"233":0,"234":0,"235":0,"236":0,"237":0,"238":0,"239":0,"240":0,"241":0,"242":0,"243":0,"244":0,"245":0,"246":0,"247":0,"248":0,"249":0,"250":0,"251":0,"252":0,"253":0,"254":0,"255":0,"256":0,"257":0,"258":0,"259":0,"260":0,"261":0,"262":0,"263":0,"264":0,"265":0,"266":0,"267":0,"268":0,"269":0,"270":0,"271":0,"272":0,"273":0,"274":0,"275":0,"276":0,"277":0,"278":0,"279":0,"280":0,"281":0,"282":0,"283":0,"284":0,"285":0,"286":0,"287":0,"288":0,"289":0},"f":{"0":0,"1":0,"2":0,"3":0,"4":0,"5":0,"6":0,"7":0,"8":0,"9":0,"10":0,"11":0,"12":0,"13":0,"14":0,"15":0,"16":0,"17":0,"18":0,"19":0,"20":0,"21":0,"22":0,"23":0,"24":0,"25":0,"26":0,"27":0,"28":0,"29":0,"30":0,"31":0,"32":0,"33":0,"34":0,"35":0,"36":0,"37":0,"38":0,"39":0,"40":0,"41":0,"42":0,"43":0,"44":0,"45":0,"46":0,"47":0,"48":0,"49":0,"50":0,"51":0,"52":0,"53":0,"54":0,"55":0,"56":0,"57":0,"58":0,"59":0,"60":0,"61":0},"b":{"0":[0],"1":[0,0],"2":[0,0],"3":[0,0],"4":[0,0],"5":[0,0],"6":[0,0],"7":[0,0],"8":[0,0],"9":[0,0],"10":[0,0],"11":[0,0],"12":[0,0],"13":[0,0],"14":[0,0],"15":[0,0],"16":[0,0],"17":[0,0],"18":[0,0],"19":[0,0],"20":[0,0],"21":[0,0],"22":[0,0],"23":[0,0],"24":[0,0],"25":[0,0],"26":[0,0],"27":[0,0],"28":[0,0],"29":[0,0],"30":[0,0],"31":[0,0],"32":[0,0],"33":[0,0],"34":[0,0],"35":[0,0],"36":[0,0],"37":[0,0],"38":[0],"39":[0],"40":[0,0],"41":[0,0],"42":[0,0],"43":[0,0],"44":[0,0],"45":[0],"46":[0,0],"47":[0,0],"48":[0,0],"49":[0,0],"50":[0,0],"51":[0,0],"52":[0,0],"53":[0,0],"54":[0,0],"55":[0,0],"56":[0,0],"57":[0,0],"58":[0,0],"59":[0,0],"60":[0,0],"61":[0,0],"62":[0,0],"63":[0,0],"64":[0,0],"65":[0],"66":[0,0],"67":[0,0],"68":[0,0],"69":[0,0],"70":[0,0],"71":[0,0],"72":[0,0],"73":[0,0],"74":[0,0],"75":[0,0],"76":[0,0],"77":[0,0],"78":[0,0],"79":[0,0],"80":[0,0],"81":[0,0],"82":[0,0,0],"83":[0],"84":[0,0],"85":[0,0],"86":[0],"87":[0],"88":[0],"89":[0],"90":[0,0],"91":[0,0],"92":[0,0],"93":[0,0],"94":[0,0],"95":[0,0],"96":[0,0],"97":[0,0],"98":[0,0],"99":[0,0],"100":[0],"101":[0,0],"102":[0,0],"103":[0,0],"104":[0,0],"105":[0,0],"106":[0,0,0],"107":[0,0],"108":[0,0],"109":[0,0],"110":[0,0],"111":[0,0],"112":[0,0],"113":[0,0],"114":[0,0],"115":[0,0],"116":[0,0],"117":[0,0,0],"118":[0,0],"119":[0,0],"120":[0,0],"121":[0,0],"122":[0,0],"123":[0,0],"124":[0,0],"125":[0,0],"126":[0,0],"127":[0,0]}}
,"C:\\Users\\admin\\Downloads\\veko.js-master (1)\\veko.js-master\\lib\\plugin-manager.js": {"path":"C:\\Users\\admin\\Downloads\\veko.js-master (1)\\veko.js-master\\lib\\plugin-manager.js","statementMap":{"0":{"start":{"line":1,"column":13},"end":{"line":1,"column":28}},"1":{"start":{"line":2,"column":11},"end":{"line":2,"column":24}},"2":{"start":{"line":3,"column":21},"end":{"line":3,"column":38}},"3":{"start":{"line":6,"column":15},"end":{"line":23,"column":1}},"4":{"start":{"line":27,"column":4},"end":{"line":27,"column":12}},"5":{"start":{"line":29,"column":4},"end":{"line":29,"column":19}},"6":{"start":{"line":30,"column":4},"end":{"line":45,"column":6}},"7":{"start":{"line":47,"column":4},"end":{"line":47,"column":29}},"8":{"start":{"line":48,"column":4},"end":{"line":48,"column":27}},"9":{"start":{"line":49,"column":4},"end":{"line":49,"column":25}},"10":{"start":{"line":50,"column":4},"end":{"line":50,"column":21}},"11":{"start":{"line":51,"column":4},"end":{"line":51,"column":30}},"12":{"start":{"line":52,"column":4},"end":{"line":52,"column":24}},"13":{"start":{"line":53,"column":4},"end":{"line":53,"column":34}},"14":{"start":{"line":54,"column":4},"end":{"line":54,"column":32}},"15":{"start":{"line":55,"column":4},"end":{"line":55,"column":29}},"16":{"start":{"line":56,"column":4},"end":{"line":56,"column":30}},"17":{"start":{"line":57,"column":4},"end":{"line":57,"column":29}},"18":{"start":{"line":58,"column":4},"end":{"line":58,"column":30}},"19":{"start":{"line":61,"column":4},"end":{"line":61,"column":50}},"20":{"start":{"line":63,"column":4},"end":{"line":63,"column":16}},"21":{"start":{"line":69,"column":4},"end":{"line":69,"column":53}},"22":{"start":{"line":69,"column":41},"end":{"line":69,"column":53}},"23":{"start":{"line":71,"column":4},"end":{"line":92,"column":5}},"24":{"start":{"line":73,"column":21},"end":{"line":73,"column":39}},"25":{"start":{"line":74,"column":6},"end":{"line":84,"column":9}},"26":{"start":{"line":86,"column":6},"end":{"line":86,"column":76}},"27":{"start":{"line":87,"column":6},"end":{"line":87,"column":51}},"28":{"start":{"line":90,"column":6},"end":{"line":90,"column":82}},"29":{"start":{"line":91,"column":6},"end":{"line":91,"column":51}},"30":{"start":{"line":96,"column":4},"end":{"line":98,"column":5}},"31":{"start":{"line":97,"column":6},"end":{"line":97,"column":55}},"32":{"start":{"line":100,"column":4},"end":{"line":127,"column":5}},"33":{"start":{"line":102,"column":6},"end":{"line":102,"column":33}},"34":{"start":{"line":105,"column":25},"end":{"line":105,"column":46}},"35":{"start":{"line":106,"column":24},"end":{"line":106,"column":59}},"36":{"start":{"line":108,"column":21},"end":{"line":113,"column":8}},"37":{"start":{"line":116,"column":21},"end":{"line":116,"column":53}},"38":{"start":{"line":117,"column":6},"end":{"line":117,"column":39}},"39":{"start":{"line":119,"column":6},"end":{"line":126,"column":7}},"40":{"start":{"line":120,"column":23},"end":{"line":120,"column":38}},"41":{"start":{"line":121,"column":8},"end":{"line":121,"column":30}},"42":{"start":{"line":122,"column":8},"end":{"line":122,"column":22}},"43":{"start":{"line":124,"column":8},"end":{"line":124,"column":57}},"44":{"start":{"line":124,"column":35},"end":{"line":124,"column":57}},"45":{"start":{"line":125,"column":8},"end":{"line":125,"column":20}},"46":{"start":{"line":133,"column":4},"end":{"line":133,"column":22}},"47":{"start":{"line":134,"column":4},"end":{"line":134,"column":25}},"48":{"start":{"line":135,"column":4},"end":{"line":135,"column":24}},"49":{"start":{"line":136,"column":4},"end":{"line":136,"column":24}},"50":{"start":{"line":138,"column":4},"end":{"line":142,"column":5}},"51":{"start":{"line":139,"column":6},"end":{"line":141,"column":9}},"52":{"start":{"line":140,"column":8},"end":{"line":140,"column":82}},"53":{"start":{"line":146,"column":25},"end":{"line":162,"column":5}},"54":{"start":{"line":164,"column":4},"end":{"line":166,"column":7}},"55":{"start":{"line":165,"column":6},"end":{"line":165,"column":35}},"56":{"start":{"line":170,"column":4},"end":{"line":170,"column":38}},"57":{"start":{"line":170,"column":31},"end":{"line":170,"column":38}},"58":{"start":{"line":172,"column":4},"end":{"line":184,"column":7}},"59":{"start":{"line":174,"column":22},"end":{"line":174,"column":45}},"60":{"start":{"line":175,"column":8},"end":{"line":182,"column":10}},"61":{"start":{"line":177,"column":24},"end":{"line":177,"column":47}},"62":{"start":{"line":178,"column":29},"end":{"line":178,"column":58}},"63":{"start":{"line":179,"column":12},"end":{"line":179,"column":77}},"64":{"start":{"line":180,"column":12},"end":{"line":180,"column":28}},"65":{"start":{"line":186,"column":4},"end":{"line":196,"column":7}},"66":{"start":{"line":188,"column":8},"end":{"line":191,"column":9}},"67":{"start":{"line":189,"column":10},"end":{"line":189,"column":57}},"68":{"start":{"line":190,"column":10},"end":{"line":190,"column":19}},"69":{"start":{"line":194,"column":8},"end":{"line":194,"column":94}},"70":{"start":{"line":198,"column":4},"end":{"line":202,"column":7}},"71":{"start":{"line":199,"column":20},"end":{"line":199,"column":42}},"72":{"start":{"line":200,"column":21},"end":{"line":200,"column":44}},"73":{"start":{"line":201,"column":31},"end":{"line":201,"column":64}},"74":{"start":{"line":206,"column":4},"end":{"line":206,"column":44}},"75":{"start":{"line":206,"column":37},"end":{"line":206,"column":44}},"76":{"start":{"line":208,"column":4},"end":{"line":210,"column":14}},"77":{"start":{"line":209,"column":6},"end":{"line":209,"column":28}},"78":{"start":{"line":214,"column":4},"end":{"line":214,"column":72}},"79":{"start":{"line":214,"column":65},"end":{"line":214,"column":72}},"80":{"start":{"line":216,"column":21},"end":{"line":216,"column":40}},"81":{"start":{"line":217,"column":24},"end":{"line":217,"column":73}},"82":{"start":{"line":219,"column":20},"end":{"line":226,"column":6}},"83":{"start":{"line":228,"column":4},"end":{"line":239,"column":7}},"84":{"start":{"line":229,"column":25},"end":{"line":229,"column":61}},"85":{"start":{"line":230,"column":6},"end":{"line":238,"column":7}},"86":{"start":{"line":231,"column":8},"end":{"line":231,"column":84}},"87":{"start":{"line":232,"column":8},"end":{"line":237,"column":9}},"88":{"start":{"line":233,"column":10},"end":{"line":233,"column":46}},"89":{"start":{"line":234,"column":10},"end":{"line":234,"column":59}},"90":{"start":{"line":236,"column":10},"end":{"line":236,"column":64}},"91":{"start":{"line":241,"column":4},"end":{"line":241,"column":40}},"92":{"start":{"line":249,"column":4},"end":{"line":321,"column":5}},"93":{"start":{"line":252,"column":6},"end":{"line":265,"column":7}},"94":{"start":{"line":253,"column":8},"end":{"line":253,"column":28}},"95":{"start":{"line":255,"column":8},"end":{"line":257,"column":9}},"96":{"start":{"line":256,"column":10},"end":{"line":256,"column":80}},"97":{"start":{"line":259,"column":8},"end":{"line":259,"column":42}},"98":{"start":{"line":260,"column":8},"end":{"line":260,"column":56}},"99":{"start":{"line":262,"column":8},"end":{"line":262,"column":30}},"100":{"start":{"line":263,"column":8},"end":{"line":263,"column":48}},"101":{"start":{"line":264,"column":8},"end":{"line":264,"column":42}},"102":{"start":{"line":267,"column":6},"end":{"line":271,"column":7}},"103":{"start":{"line":268,"column":8},"end":{"line":268,"column":62}},"104":{"start":{"line":269,"column":8},"end":{"line":269,"column":45}},"105":{"start":{"line":270,"column":8},"end":{"line":270,"column":20}},"106":{"start":{"line":274,"column":6},"end":{"line":274,"column":66}},"107":{"start":{"line":276,"column":29},"end":{"line":299,"column":7}},"108":{"start":{"line":301,"column":6},"end":{"line":301,"column":59}},"109":{"start":{"line":302,"column":6},"end":{"line":302,"column":62}},"110":{"start":{"line":304,"column":6},"end":{"line":304,"column":51}},"111":{"start":{"line":305,"column":6},"end":{"line":305,"column":38}},"112":{"start":{"line":306,"column":6},"end":{"line":306,"column":43}},"113":{"start":{"line":308,"column":6},"end":{"line":308,"column":87}},"114":{"start":{"line":309,"column":6},"end":{"line":309,"column":61}},"115":{"start":{"line":310,"column":6},"end":{"line":310,"column":72}},"116":{"start":{"line":312,"column":6},"end":{"line":312,"column":18}},"117":{"start":{"line":314,"column":6},"end":{"line":317,"column":7}},"118":{"start":{"line":315,"column":8},"end":{"line":315,"column":45}},"119":{"start":{"line":316,"column":8},"end":{"line":316,"column":84}},"120":{"start":{"line":318,"column":6},"end":{"line":318,"column":78}},"121":{"start":{"line":319,"column":6},"end":{"line":319,"column":51}},"122":{"start":{"line":320,"column":6},"end":{"line":320,"column":18}},"123":{"start":{"line":325,"column":24},"end":{"line":325,"column":73}},"124":{"start":{"line":328,"column":26},"end":{"line":337,"column":5}},"125":{"start":{"line":339,"column":4},"end":{"line":347,"column":5}},"126":{"start":{"line":340,"column":6},"end":{"line":346,"column":7}},"127":{"start":{"line":341,"column":8},"end":{"line":345,"column":9}},"128":{"start":{"line":342,"column":10},"end":{"line":342,"column":61}},"129":{"start":{"line":344,"column":10},"end":{"line":344,"column":37}},"130":{"start":{"line":350,"column":4},"end":{"line":354,"column":5}},"131":{"start":{"line":351,"column":6},"end":{"line":351,"column":33}},"132":{"start":{"line":353,"column":6},"end":{"line":353,"column":60}},"133":{"start":{"line":358,"column":4},"end":{"line":358,"column":52}},"134":{"start":{"line":358,"column":27},"end":{"line":358,"column":52}},"135":{"start":{"line":361,"column":4},"end":{"line":361,"column":53}},"136":{"start":{"line":361,"column":33},"end":{"line":361,"column":53}},"137":{"start":{"line":362,"column":4},"end":{"line":362,"column":45}},"138":{"start":{"line":362,"column":29},"end":{"line":362,"column":45}},"139":{"start":{"line":363,"column":4},"end":{"line":363,"column":44}},"140":{"start":{"line":363,"column":31},"end":{"line":363,"column":44}},"141":{"start":{"line":364,"column":4},"end":{"line":364,"column":51}},"142":{"start":{"line":364,"column":32},"end":{"line":364,"column":51}},"143":{"start":{"line":365,"column":4},"end":{"line":365,"column":49}},"144":{"start":{"line":365,"column":31},"end":{"line":365,"column":49}},"145":{"start":{"line":366,"column":4},"end":{"line":366,"column":41}},"146":{"start":{"line":366,"column":27},"end":{"line":366,"column":41}},"147":{"start":{"line":367,"column":4},"end":{"line":367,"column":43}},"148":{"start":{"line":367,"column":28},"end":{"line":367,"column":43}},"149":{"start":{"line":369,"column":4},"end":{"line":369,"column":21}},"150":{"start":{"line":373,"column":4},"end":{"line":373,"column":47}},"151":{"start":{"line":373,"column":40},"end":{"line":373,"column":47}},"152":{"start":{"line":376,"column":4},"end":{"line":378,"column":5}},"153":{"start":{"line":377,"column":6},"end":{"line":377,"column":71}},"154":{"start":{"line":380,"column":4},"end":{"line":382,"column":5}},"155":{"start":{"line":381,"column":6},"end":{"line":381,"column":78}},"156":{"start":{"line":385,"column":27},"end":{"line":385,"column":46}},"157":{"start":{"line":386,"column":27},"end":{"line":386,"column":89}},"158":{"start":{"line":388,"column":4},"end":{"line":392,"column":5}},"159":{"start":{"line":389,"column":6},"end":{"line":391,"column":7}},"160":{"start":{"line":390,"column":8},"end":{"line":390,"column":87}},"161":{"start":{"line":395,"column":4},"end":{"line":397,"column":5}},"162":{"start":{"line":396,"column":6},"end":{"line":396,"column":92}},"163":{"start":{"line":400,"column":4},"end":{"line":402,"column":5}},"164":{"start":{"line":401,"column":6},"end":{"line":401,"column":83}},"165":{"start":{"line":405,"column":4},"end":{"line":407,"column":5}},"166":{"start":{"line":406,"column":6},"end":{"line":406,"column":62}},"167":{"start":{"line":410,"column":4},"end":{"line":416,"column":5}},"168":{"start":{"line":411,"column":6},"end":{"line":415,"column":7}},"169":{"start":{"line":412,"column":8},"end":{"line":414,"column":9}},"170":{"start":{"line":413,"column":10},"end":{"line":413,"column":83}},"171":{"start":{"line":419,"column":4},"end":{"line":421,"column":5}},"172":{"start":{"line":420,"column":6},"end":{"line":420,"column":75}},"173":{"start":{"line":426,"column":4},"end":{"line":437,"column":5}},"174":{"start":{"line":427,"column":22},"end":{"line":427,"column":24}},"175":{"start":{"line":428,"column":6},"end":{"line":432,"column":7}},"176":{"start":{"line":429,"column":8},"end":{"line":431,"column":9}},"177":{"start":{"line":430,"column":10},"end":{"line":430,"column":28}},"178":{"start":{"line":434,"column":6},"end":{"line":436,"column":7}},"179":{"start":{"line":435,"column":8},"end":{"line":435,"column":84}},"180":{"start":{"line":440,"column":4},"end":{"line":453,"column":5}},"181":{"start":{"line":441,"column":27},"end":{"line":441,"column":29}},"182":{"start":{"line":442,"column":6},"end":{"line":448,"column":7}},"183":{"start":{"line":443,"column":8},"end":{"line":447,"column":9}},"184":{"start":{"line":444,"column":10},"end":{"line":444,"column":35}},"185":{"start":{"line":446,"column":10},"end":{"line":446,"column":37}},"186":{"start":{"line":450,"column":6},"end":{"line":452,"column":7}},"187":{"start":{"line":451,"column":8},"end":{"line":451,"column":113}},"188":{"start":{"line":456,"column":4},"end":{"line":458,"column":5}},"189":{"start":{"line":457,"column":6},"end":{"line":457,"column":78}},"190":{"start":{"line":467,"column":19},"end":{"line":506,"column":5}},"191":{"start":{"line":474,"column":8},"end":{"line":474,"column":60}},"192":{"start":{"line":477,"column":8},"end":{"line":481,"column":9}},"193":{"start":{"line":478,"column":10},"end":{"line":480,"column":13}},"194":{"start":{"line":479,"column":12},"end":{"line":479,"column":51}},"195":{"start":{"line":483,"column":8},"end":{"line":485,"column":9}},"196":{"start":{"line":484,"column":10},"end":{"line":484,"column":70}},"197":{"start":{"line":484,"column":43},"end":{"line":484,"column":68}},"198":{"start":{"line":487,"column":8},"end":{"line":491,"column":9}},"199":{"start":{"line":488,"column":10},"end":{"line":490,"column":13}},"200":{"start":{"line":489,"column":12},"end":{"line":489,"column":45}},"201":{"start":{"line":493,"column":8},"end":{"line":497,"column":9}},"202":{"start":{"line":494,"column":10},"end":{"line":496,"column":13}},"203":{"start":{"line":495,"column":12},"end":{"line":495,"column":70}},"204":{"start":{"line":500,"column":8},"end":{"line":502,"column":9}},"205":{"start":{"line":501,"column":10},"end":{"line":501,"column":51}},"206":{"start":{"line":508,"column":4},"end":{"line":508,"column":18}},"207":{"start":{"line":515,"column":4},"end":{"line":515,"column":31}},"208":{"st
[...]
ons":[{"start":{"line":473,"column":12},"end":{"line":473,"column":27}},{"start":{"line":473,"column":31},"end":{"line":473,"column":52}}],"line":473},"74":{"loc":{"start":{"line":481,"column":4},"end":{"line":484,"column":5}},"type":"if","locations":[{"start":{"line":481,"column":4},"end":{"line":484,"column":5}},{"start":{},"end":{}}],"line":481},"75":{"loc":{"start":{"line":481,"column":8},"end":{"line":481,"column":72}},"type":"binary-expr","locations":[{"start":{"line":481,"column":8},"end":{"line":481,"column":32}},{"start":{"line":481,"column":36},"end":{"line":481,"column":72}}],"line":481},"76":{"loc":{"start":{"line":487,"column":4},"end":{"line":490,"column":5}},"type":"if","locations":[{"start":{"line":487,"column":4},"end":{"line":490,"column":5}},{"start":{},"end":{}}],"line":487},"77":{"loc":{"start":{"line":487,"column":8},"end":{"line":487,"column":58}},"type":"binary-expr","locations":[{"start":{"line":487,"column":8},"end":{"line":487,"column":25}},{"start":{"line":487,"column":29},"end":{"line":487,"column":58}}],"line":487},"78":{"loc":{"start":{"line":492,"column":4},"end":{"line":494,"column":5}},"type":"if","locations":[{"start":{"line":492,"column":4},"end":{"line":494,"column":5}},{"start":{},"end":{}}],"line":492},"79":{"loc":{"start":{"line":497,"column":43},"end":{"line":497,"column":55}},"type":"default-arg","locations":[{"start":{"line":497,"column":53},"end":{"line":497,"column":55}}],"line":497},"80":{"loc":{"start":{"line":507,"column":6},"end":{"line":509,"column":7}},"type":"if","locations":[{"start":{"line":507,"column":6},"end":{"line":509,"column":7}},{"start":{},"end":{}}],"line":507},"81":{"loc":{"start":{"line":512,"column":6},"end":{"line":514,"column":7}},"type":"if","locations":[{"start":{"line":512,"column":6},"end":{"line":514,"column":7}},{"start":{},"end":{}}],"line":512},"82":{"loc":{"start":{"line":517,"column":6},"end":{"line":519,"column":7}},"type":"if","locations":[{"start":{"line":517,"column":6},"end":{"line":519,"column":7}},{"start":{},"end":{}}],"line":517},"83":{"loc":{"start":{"line":521,"column":6},"end":{"line":524,"column":7}},"type":"if","locations":[{"start":{"line":521,"column":6},"end":{"line":524,"column":7}},{"start":{},"end":{}}],"line":521},"84":{"loc":{"start":{"line":529,"column":6},"end":{"line":533,"column":7}},"type":"if","locations":[{"start":{"line":529,"column":6},"end":{"line":533,"column":7}},{"start":{"line":531,"column":13},"end":{"line":533,"column":7}}],"line":529},"85":{"loc":{"start":{"line":542,"column":19},"end":{"line":542,"column":48}},"type":"binary-expr","locations":[{"start":{"line":542,"column":19},"end":{"line":542,"column":36}},{"start":{"line":542,"column":40},"end":{"line":542,"column":48}}],"line":542},"86":{"loc":{"start":{"line":547,"column":6},"end":{"line":549,"column":7}},"type":"if","locations":[{"start":{"line":547,"column":6},"end":{"line":549,"column":7}},{"start":{},"end":{}}],"line":547},"87":{"loc":{"start":{"line":551,"column":6},"end":{"line":558,"column":7}},"type":"if","locations":[{"start":{"line":551,"column":6},"end":{"line":558,"column":7}},{"start":{},"end":{}}],"line":551},"88":{"loc":{"start":{"line":551,"column":10},"end":{"line":551,"column":54}},"type":"binary-expr","locations":[{"start":{"line":551,"column":10},"end":{"line":551,"column":32}},{"start":{"line":551,"column":36},"end":{"line":551,"column":54}}],"line":551},"89":{"loc":{"start":{"line":588,"column":10},"end":{"line":592,"column":11}},"type":"if","locations":[{"start":{"line":588,"column":10},"end":{"line":592,"column":11}},{"start":{"line":590,"column":17},"end":{"line":592,"column":11}}],"line":588},"90":{"loc":{"start":{"line":597,"column":4},"end":{"line":601,"column":5}},"type":"if","locations":[{"start":{"line":597,"column":4},"end":{"line":601,"column":5}},{"start":{"line":599,"column":11},"end":{"line":601,"column":5}}],"line":597},"91":{"loc":{"start":{"line":609,"column":4},"end":{"line":611,"column":5}},"type":"if","locations":[{"start":{"line":609,"column":4},"end":{"line":611,"column":5}},{"start":{},"end":{}}],"line":609},"92":{"loc":{"start":{"line":613,"column":4},"end":{"line":615,"column":5}},"type":"if","locations":[{"start":{"line":613,"column":4},"end":{"line":615,"column":5}},{"start":{},"end":{}}],"line":613},"93":{"loc":{"start":{"line":617,"column":4},"end":{"line":619,"column":5}},"type":"if","locations":[{"start":{"line":617,"column":4},"end":{"line":619,"column":5}},{"start":{},"end":{}}],"line":617},"94":{"loc":{"start":{"line":624,"column":6},"end":{"line":633,"column":7}},"type":"if","locations":[{"start":{"line":624,"column":6},"end":{"line":633,"column":7}},{"start":{},"end":{}}],"line":624},"95":{"loc":{"start":{"line":625,"column":8},"end":{"line":627,"column":9}},"type":"if","locations":[{"start":{"line":625,"column":8},"end":{"line":627,"column":9}},{"start":{},"end":{}}],"line":625},"96":{"loc":{"start":{"line":630,"column":8},"end":{"line":632,"column":9}},"type":"if","locations":[{"start":{"line":630,"column":8},"end":{"line":632,"column":9}},{"start":{},"end":{}}],"line":630},"97":{"loc":{"start":{"line":644,"column":6},"end":{"line":646,"column":7}},"type":"if","locations":[{"start":{"line":644,"column":6},"end":{"line":646,"column":7}},{"start":{},"end":{}}],"line":644},"98":{"loc":{"start":{"line":657,"column":6},"end":{"line":660,"column":7}},"type":"if","locations":[{"start":{"line":657,"column":6},"end":{"line":660,"column":7}},{"start":{},"end":{}}],"line":657},"99":{"loc":{"start":{"line":657,"column":10},"end":{"line":657,"column":78}},"type":"binary-expr","locations":[{"start":{"line":657,"column":10},"end":{"line":657,"column":43}},{"start":{"line":657,"column":47},"end":{"line":657,"column":78}}],"line":657},"100":{"loc":{"start":{"line":667,"column":6},"end":{"line":674,"column":7}},"type":"if","locations":[{"start":{"line":667,"column":6},"end":{"line":674,"column":7}},{"start":{},"end":{}}],"line":667},"101":{"loc":{"start":{"line":667,"column":10},"end":{"line":667,"column":54}},"type":"binary-expr","locations":[{"start":{"line":667,"column":10},"end":{"line":667,"column":32}},{"start":{"line":667,"column":36},"end":{"line":667,"column":54}}],"line":667},"102":{"loc":{"start":{"line":697,"column":4},"end":{"line":697,"column":44}},"type":"if","locations":[{"start":{"line":697,"column":4},"end":{"line":697,"column":44}},{"start":{},"end":{}}],"line":697},"103":{"loc":{"start":{"line":700,"column":6},"end":{"line":703,"column":7}},"type":"if","locations":[{"start":{"line":700,"column":6},"end":{"line":703,"column":7}},{"start":{},"end":{}}],"line":700},"104":{"loc":{"start":{"line":702,"column":15},"end":{"line":702,"column":87}},"type":"binary-expr","locations":[{"start":{"line":702,"column":15},"end":{"line":702,"column":40}},{"start":{"line":702,"column":44},"end":{"line":702,"column":87}}],"line":702},"105":{"loc":{"start":{"line":709,"column":4},"end":{"line":709,"column":38}},"type":"if","locations":[{"start":{"line":709,"column":4},"end":{"line":709,"column":38}},{"start":{},"end":{}}],"line":709},"106":{"loc":{"start":{"line":712,"column":6},"end":{"line":721,"column":7}},"type":"if","locations":[{"start":{"line":712,"column":6},"end":{"line":721,"column":7}},{"start":{},"end":{}}],"line":712},"107":{"loc":{"start":{"line":714,"column":29},"end":{"line":714,"column":101}},"type":"binary-expr","locations":[{"start":{"line":714,"column":29},"end":{"line":714,"column":54}},{"start":{"line":714,"column":58},"end":{"line":714,"column":101}}],"line":714},"108":{"loc":{"start":{"line":716,"column":8},"end":{"line":718,"column":9}},"type":"if","locations":[{"start":{"line":716,"column":8},"end":{"line":718,"column":9}},{"start":{},"end":{}}],"line":716},"109":{"loc":{"start":{"line":726,"column":13},"end":{"line":726,"column":47}},"type":"default-arg","locations":[{"start":{"line":726,"column":25},"end":{"line":726,"column":47}}],"line":726},"110":{"loc":{"start":{"line":729,"column":4},"end":{"line":733,"column":5}},"type":"if","locations":[{"start":{"line":729,"column":4},"end":{"line":733,"column":5}},{"start":{},"end":{}}],"line":729},"111":{"loc":{"start":{"line":739,"column":4},"end":{"line":741,"column":5}},"type":"if","locations":[{"start":{"line":739,"column":4},"end":{"line":741,"column":5}},{"start":{},"end":{}}],"line":739},"112":{"loc":{"start":{"line":753,"column":6},"end":{"line":757,"column":7}},"type":"if","locations":[{"start":{"line":753,"column":6},"end":{"line":757,"column":7}},{"start":{"line":755,"column":13},"end":{"line":757,"column":7}}],"line":753},"113":{"loc":{"start":{"line":755,"column":13},"end":{"line":757,"column":7}},"type":"if","locations":[{"start":{"line":755,"column":13},"end":{"line":757,"column":7}},{"start":{},"end":{}}],"line":755},"114":{"loc":{"start":{"line":767,"column":6},"end":{"line":769,"column":7}},"type":"if","locations":[{"start":{"line":767,"column":6},"end":{"line":769,"column":7}},{"start":{},"end":{}}],"line":767},"115":{"loc":{"start":{"line":772,"column":6},"end":{"line":774,"column":7}},"type":"if","locations":[{"start":{"line":772,"column":6},"end":{"line":774,"column":7}},{"start":{},"end":{}}],"line":772},"116":{"loc":{"start":{"line":784,"column":6},"end":{"line":801,"column":7}},"type":"if","locations":[{"start":{"line":784,"column":6},"end":{"line":801,"column":7}},{"start":{"line":794,"column":13},"end":{"line":801,"column":7}}],"line":784},"117":{"loc":{"start":{"line":794,"column":13},"end":{"line":801,"column":7}},"type":"if","locations":[{"start":{"line":794,"column":13},"end":{"line":801,"column":7}},{"start":{"line":796,"column":13},"end":{"line":801,"column":7}}],"line":794},"118":{"loc":{"start":{"line":796,"column":13},"end":{"line":801,"column":7}},"type":"if","locations":[{"start":{"line":796,"column":13},"end":{"line":801,"column":7}},{"start":{"line":798,"column":13},"end":{"line":801,"column":7}}],"line":796},"119":{"loc":{"start":{"line":796,"column":17},"end":{"line":796,"column":114}},"type":"binary-expr","locations":[{"start":{"line":796,"column":17},"end":{"line":796,"column":32}},{"start":{"line":796,"column":36},"end":{"line":796,"column":52}},{"start":{"line":796,"column":56},"end":{"line":796,"column":71}},{"start":{"line":796,"column":75},"end":{"line":796,"column":93}},{"start":{"line":796,"column":97},"end":{"line":796,"column":114}}],"line":796},"120":{"loc":{"start":{"line":809,"column":6},"end":{"line":811,"column":7}},"type":"if","locations":[{"start":{"line":809,"column":6},"end":{"line":811,"column":7}},{"start":{},"end":{}}],"line":809},"121":{"loc":{"start":{"line":849,"column":4},"end":{"line":899,"column":5}},"type":"if","locations":[{"start":{"line":849,"column":4},"end":{"line":899,"column":5}},{"start":{},"end":{}}],"line":849},"122":{"loc":{"start":{"line":851,"column":6},"end":{"line":854,"column":7}},"type":"if","locations":[{"start":{"line":851,"column":6},"end":{"line":854,"column":7}},{"start":{},"end":{}}],"line":851},"123":{"loc":{"start":{"line":909,"column":4},"end":{"line":911,"column":5}},"type":"if","locations":[{"start":{"line":909,"column":4},"end":{"line":911,"column":5}},{"start":{},"end":{}}],"line":909},"124":{"loc":{"start":{"line":914,"column":4},"end":{"line":916,"column":5}},"type":"if","locations":[{"start":{"line":914,"column":4},"end":{"line":916,"column":5}},{"start":{},"end":{}}],"line":914},"125":{"loc":{"start":{"line":914,"column":8},"end":{"line":914,"column":37}},"type":"binary-expr","locations":[{"start":{"line":914,"column":8},"end":{"line":914,"column":20}},{"start":{"line":914,"column":24},"end":{"line":914,"column":37}}],"line":914},"126":{"loc":{"start":{"line":922,"column":4},"end":{"line":922,"column":64}},"type":"if","locations":[{"start":{"line":922,"column":4},"end":{"line":922,"column":64}},{"start":{},"end":{}}],"line":922},"127":{"loc":{"start":{"line":923,"column":4},"end":{"line":923,"column":67}},"type":"if","locations":[{"start":{"line":923,"column":4},"end":{"line":923,"column":67}},{"start":{},"end":{}}],"line":923},"128":{"loc":{"start":{"line":924,"column":4},"end":{"line":924,"column":64}},"type":"if","locations":[{"start":{"line":924,"column":4},"end":{"line":924,"column":64}},{"start":{},"end":{}}],"line":924},"129":{"loc":{"start":{"line":925,"column":4},"end":{"line":925,"column":73}},"type":"if","locations":[{"start":{"line":925,"column":4},"end":{"line":925,"column":73}},{"start":{},"end":{}}],"line":925},"130":{"loc":{"start":{"line":926,"column":4},"end":{"line":926,"column":70}},"type":"if","locations":[{"start":{"line":926,"column":4},"end":{"line":926,"column":70}},{"start":{},"end":{}}],"line":926},"131":{"loc":{"start":{"line":957,"column":4},"end":{"line":959,"column":5}},"type":"if","locations":[{"start":{"line":957,"column":4},"end":{"line":959,"column":5}},{"start":{},"end":{}}],"line":957},"132":{"loc":{"start":{"line":957,"column":8},"end":{"line":957,"column":60}},"type":"binary-expr","locations":[{"start":{"line":957,"column":8},"end":{"line":957,"column":25}},{"start":{"line":957,"column":29},"end":{"line":957,"column":60}}],"line":957},"133":{"loc":{"start":{"line":961,"column":4},"end":{"line":961,"column":41}},"type":"if","locations":[{"start":{"line":961,"column":4},"end":{"line":961,"column":41}},{"start":{},"end":{}}],"line":961},"134":{"loc":{"start":{"line":965,"column":6},"end":{"line":969,"column":7}},"type":"if","locations":[{"start":{"line":965,"column":6},"end":{"line":969,"column":7}},{"start":{},"end":{}}],"line":965},"135":{"loc":{"start":{"line":965,"column":10},"end":{"line":965,"column":55}},"type":"binary-expr","locations":[{"start":{"line":965,"column":10},"end":{"line":965,"column":21}},{"start":{"line":965,"column":25},"end":{"line":965,"column":55}}],"line":965},"136":{"loc":{"start":{"line":975,"column":4},"end":{"line":977,"column":5}},"type":"if","locations":[{"start":{"line":975,"column":4},"end":{"line":977,"column":5}},{"start":{},"end":{}}],"line":975},"137":{"loc":{"start":{"line":985,"column":4},"end":{"line":992,"column":5}},"type":"if","locations":[{"start":{"line":985,"column":4},"end":{"line":992,"column":5}},{"start":{},"end":{}}],"line":985},"138":{"loc":{"start":{"line":988,"column":8},"end":{"line":990,"column":9}},"type":"if","locations":[{"start":{"line":988,"column":8},"end":{"line":990,"column":9}},{"start":{},"end":{}}],"line":988},"139":{"loc":{"start":{"line":994,"column":4},"end":{"line":996,"column":5}},"type":"if","locations":[{"start":{"line":994,"column":4},"end":{"line":996,"column":5}},{"start":{},"end":{}}],"line":994},"140":{"loc":{"start":{"line":994,"column":8},"end":{"line":994,"column":58}},"type":"binary-expr","locations":[{"start":{"line":994,"column":8},"end":{"line":994,"column":25}},{"start":{"line":994,"column":29},"end":{"line":994,"column":58}}],"line":994}},"s":{"0":0,"1":0,"2":0,"3":0,"4":0,"5":0,"6":0,"7":0,"8":0,"9":0,"10":0,"11":0,"12":0,"13":0,"14":0,"15":0,"16":0,"17":0,"18":0,"19":0,"20":0,"21":0,"22":0,"23":0,"24":0,"25":0,"26":0,"27":0,"28":0,"29":0,"30":0,"31":0,"32":0,"33":0,"34":0,"35":0,"36":0,"37":0,"38":0,"39":0,"40":0,"41":0,"42":0,"43":0,"44":0,"45":0,"46":0,"47":0,"48":0,"49":0,"50":0,"51":0,"52":0,"53":0,"54":0,"55":0,"56":0,"57":0,"58":0,"59":0,"60":0,"61":0,"62":0,"63":0,"64":0,"65":0,"66":0,"67":0,"68":0,"69":0,"70":0,"71":0,"72":0,"73":0,"74":0,"75":0,"76":0,"77":0,"78":0,"79":0,"80":0,"81":0,"82":0,"83":0,"84":0,"85":0,"86":0,"87":0,"88":0,"89":0,"90":0,"91":0,"92":0,"93":0,"94":0,"95":0,"96":0,"97":0,"98":0,"99":0,"100":0,"101":0,"102":0,"103":0,"104":0,"105":0,"106":0,"107":0,"108":0,"109":0,"110":0,"111":0,"112":0,"113":0,"114":0,"115":0,"116":0,"117":0,"118":0,"119":0,"120":0,"121":0,"122":0,"123":0,"124":0,"125":0,"126":0,"127":0,"128":0,"129":0,"130":0,"131":0,"132":0,"133":0,"134":0,"135":0,"136":0,"137":0,"138":0,"139":0,"140":0,"141":0,"142":0,"143":0,"144":0,"145":0,"146":0,"147":0,"148":0,"149":0,"150":0,"151":0,"152":0,"153":0,"154":0,"155":0,"156":0,"157":0,"158":0,"159":0,"160":0,"161":0,"162":0,"163":0,"164":0,"165":0,"166":0,"167":0,"168":0,"169":0,"170":0,"171":0,"172":0,"173":0,"174":0,"175":0,"176":0,"177":0,"178":0,"179":0,"180":0,"181":0,"182":0,"183":0,"184":0,"185":0,"186":0,"187":0,"188":0,"189":0,"190":0,"191":0,"192":0,"193":0,"194":0,"195":0,"196":0,"197":0,"198":0,"199":0,"200":0,"201":0,"202":0,"203":0,"204":0,"205":0,"206":0,"207":0,"208":0,"209":0,"210":0,"211":0,"212":0,"213":0,"214":0,"215":0,"216":0,"217":0,"218":0,"219":0,"220":0,"221":0,"222":0,"223":0,"224":0,"225":0,"226":0,"227":0,"228":0,"229":0,"230":0,"231":0,"232":0,"233":0,"234":0,"235":0,"236":0,"237":0,"238":0,"239":0,"240":0,"241":0,"242":0,"243":0,"244":0,"245":0,"246":0,"247":0,"248":0,"249":0,"250":0,"251":0,"252":0,"253":0,"254":0,"255":0,"256":0,"257":0,"258":0,"259":0,"260":0,"261":0,"262":0,"263":0,"264":0,"265":0,"266":0,"267":0,"268":0,"269":0,"270":0,"271":0,"272":0,"273":0,"274":0,"275":0,"276":0,"277":0,"278":0,"279":0,"280":0,"281":0,"282":0,"283":0,"284":0,"285":0,"286":0,"287":0,"288":0,"289":0,"290":0,"291":0,"292":0,"293":0,"294":0,"295":0,"296":0,"297":0,"298":0,"299":0,"300":0,"301":0,"302":0,"303":0,"304":0,"305":0,"306":0,"307":0,"308":0,"309":0,"310":0,"311":0,"312":0,"313":0,"314":0,"315":0,"316":0,"317":0,"318":0,"319":0,"320":0,"321":0,"322":0,"323":0,"324":0,"325":0,"326":0,"327":0,"328":0,"329":0,"330":0,"331":0,"332":0,"333":0,"334":0,"335":0,"336":0,"337":0,"338":0,"339":0,"340":0,"341":0,"342":0,"343":0,"344":0,"345":0,"346":0,"347":0,"348":0,"349":0,"350":0,"351":0,"352":0,"353":0,"354":0,"355":0,"356":0,"357":0,"358":0,"359":0,"360":0,"361":0,"362":0,"363":0,"364":0,"365":0,"366":0,"367":0,"368":0,"369":0,"370":0,"371":0,"372":0,"373":0,"374":0,"375":0,"376":0,"377":0,"378":0,"379":0,"380":0,"381":0,"382":0,"383":0,"384":0,"385":0,"386":0,"387":0,"388":0,"389":0,"390":0,"391":0,"392":0,"393":0,"394":0,"395":0,"396":0,"397":0,"398":0,"399":0,"400":0,"401":0,"402":0,"403":0,"404":0,"405":0,"406":0,"407":0,"408":0},"f":{"0":0,"1":0,"2":0,"3":0,"4":0,"5":0,"6":0,"7":0,"8":0,"9":0,"10":0,"11":0,"12":0,"13":0,"14":0,"15":0,"16":0,"17":0,"18":0,"19":0,"20":0,"21":0,"22":0,"23":0,"24":0,"25":0,"26":0,"27":0,"28":0,"29":0,"30":0,"31":0,"32":0,"33":0,"34":0,"35":0,"36":0,"37":0,"38":0,"39":0,"40":0,"41":0,"42":0,"43":0,"44":0,"45":0,"46":0,"47":0,"48":0,"49":0,"50":0,"51":0,"52":0,"53":0,"54":0,"55":0,"56":0,"57":0,"58":0},"b":{"0":[0,0],"1":[0,0],"2":[0,0],"3":[0,0],"4":[0,0],"5":[0,0],"6":[0,0],"7":[0,0],"8":[0,0],"9":[0,0],"10":[0,0],"11":[0,0],"12":[0,0],"13":[0,0],"14":[0,0],"15":[0,0,0],"16":[0,0],"17":[0,0],"18":[0,0],"19":[0,0],"20":[0,0],"21":[0],"22":[0],"23":[0,0],"24":[0,0],"25":[0,0],"26":[0,0],"27":[0],"28":[0,0],"29":[0,0],"30":[0,0],"31":[0,0],"32":[0,0],"33":[0,0],"34":[0,0],"35":[0,0],"36":[0,0],"37":[0,0],"38":[0],"39":[0,0],"40":[0,0],"41":[0,0],"42":[0,0],"43":[0,0],"44":[0,0],"45":[0,0],"46":[0,0],"47":[0,0],"48":[0,0],"49":[0,0,0],"50":[0,0],"51":[0,0],"52":[0,0],"53":[0],"54":[0],"55":[0,0],"56":[0,0],"57":[0,0],"58":[0,0],"59":[0,0],"60":[0,0],"61":[0,0],"62":[0,0],"63":[0,0],"64":[0,0],"65":[0,0],"66":[0,0,0],"67":[0,0],"68":[0,0],"69":[0,0],"70":[0,0],"71":[0,0],"72":[0,0],"73":[0,0],"74":[0,0],"75":[0,0],"76":[0,0],"77":[0,0],"78":[0,0],"79":[0],"80":[0,0],"81":[0,0],"82":[0,0],"83":[0,0],"84":[0,0],"85":[0,0],"86":[0,0],"87":[0,0],"88":[0,0],"89":[0,0],"90":[0,0],"91":[0,0],"92":[0,0],"93":[0,0],"94":[0,0],"95":[0,0],"96":[0,0],"97":[0,0],"98":[0,0],"99":[0,0],"100":[0,0],"101":[0,0],"102":[0,0],"103":[0,0],"104":[0,0],"105":[0,0],"106":[0,0],"107":[0,0],"108":[0,0],"109":[0],"110":[0,0],"111":[0,0],"112":[0,0],"113":[0,0],"114":[0,0],"115":[0,0],"116":[0,0],"117":[0,0],"118":[0,0],"119":[0,0,0,0,0],"120":[0,0],"121":[0,0],"122":[0,0],"123":[0,0],"124":[0,0],"125":[0,0],"126":[0,0],"127":[0,0],"128":[0,0],"129":[0,0],"130":[0,0],"131":[0,0],"132":[0,0],"133":[0,0],"134":[0,0],"135":[0,0],"136":[0,0],"137":[0,0],"138":[0,0],"139":[0,0],"140":[0,0]}}
}
