TN:
SF:lib\app.js
FN:26,(anonymous_0)
FN:122,(anonymous_1)
FN:133,(anonymous_2)
FN:137,(anonymous_3)
FN:142,(anonymous_4)
FN:166,(anonymous_5)
FN:173,(anonymous_6)
FN:174,(anonymous_7)
FN:179,(anonymous_8)
FN:192,(anonymous_9)
FN:199,(anonymous_10)
FN:199,(anonymous_11)
FN:212,(anonymous_12)
FN:221,(anonymous_13)
FN:241,(anonymous_14)
FN:291,(anonymous_15)
FN:316,(anonymous_16)
FN:330,(anonymous_17)
FN:334,(anonymous_18)
FN:344,(anonymous_19)
FN:359,(anonymous_20)
FN:364,(anonymous_21)
FN:377,(anonymous_22)
FN:381,(anonymous_23)
FN:399,(anonymous_24)
FN:432,(anonymous_25)
FN:469,(anonymous_26)
FN:470,(anonymous_27)
FN:489,(anonymous_28)
FN:500,(anonymous_29)
FN:508,(anonymous_30)
FN:515,(anonymous_31)
FN:525,(anonymous_32)
FN:533,(anonymous_33)
FN:537,(anonymous_34)
FN:541,(anonymous_35)
FN:545,(anonymous_36)
FN:549,(anonymous_37)
FN:554,(anonymous_38)
FN:558,(anonymous_39)
FN:562,(anonymous_40)
FN:566,(anonymous_41)
FN:571,(anonymous_42)
FN:572,(anonymous_43)
FN:618,(anonymous_44)
FN:624,(anonymous_45)
FN:625,(anonymous_46)
FN:637,(anonymous_47)
FN:647,(anonymous_48)
FN:675,(anonymous_49)
FN:704,(anonymous_50)
FN:709,(anonymous_51)
FN:713,(anonymous_52)
FN:716,(anonymous_53)
FN:722,(anonymous_54)
FN:729,(anonymous_55)
FN:732,(anonymous_56)
FN:733,(anonymous_57)
FN:736,(anonymous_58)
FN:741,(anonymous_59)
FN:744,(anonymous_60)
FN:745,(anonymous_61)
FNF:62
FNH:0
FNDA:0,(anonymous_0)
FNDA:0,(anonymous_1)
FNDA:0,(anonymous_2)
FNDA:0,(anonymous_3)
FNDA:0,(anonymous_4)
FNDA:0,(anonymous_5)
FNDA:0,(anonymous_6)
FNDA:0,(anonymous_7)
FNDA:0,(anonymous_8)
FNDA:0,(anonymous_9)
FNDA:0,(anonymous_10)
FNDA:0,(anonymous_11)
FNDA:0,(anonymous_12)
FNDA:0,(anonymous_13)
FNDA:0,(anonymous_14)
FNDA:0,(anonymous_15)
FNDA:0,(anonymous_16)
FNDA:0,(anonymous_17)
FNDA:0,(anonymous_18)
FNDA:0,(anonymous_19)
FNDA:0,(anonymous_20)
FNDA:0,(anonymous_21)
FNDA:0,(anonymous_22)
FNDA:0,(anonymous_23)
FNDA:0,(anonymous_24)
FNDA:0,(anonymous_25)
FNDA:0,(anonymous_26)
FNDA:0,(anonymous_27)
FNDA:0,(anonymous_28)
FNDA:0,(anonymous_29)
FNDA:0,(anonymous_30)
FNDA:0,(anonymous_31)
FNDA:0,(anonymous_32)
FNDA:0,(anonymous_33)
FNDA:0,(anonymous_34)
FNDA:0,(anonymous_35)
FNDA:0,(anonymous_36)
FNDA:0,(anonymous_37)
FNDA:0,(anonymous_38)
FNDA:0,(anonymous_39)
FNDA:0,(anonymous_40)
FNDA:0,(anonymous_41)
FNDA:0,(anonymous_42)
FNDA:0,(anonymous_43)
FNDA:0,(anonymous_44)
FNDA:0,(anonymous_45)
FNDA:0,(anonymous_46)
FNDA:0,(anonymous_47)
FNDA:0,(anonymous_48)
FNDA:0,(anonymous_49)
FNDA:0,(anonymous_50)
FNDA:0,(anonymous_51)
FNDA:0,(anonymous_52)
FNDA:0,(anonymous_53)
FNDA:0,(anonymous_54)
FNDA:0,(anonymous_55)
FNDA:0,(anonymous_56)
FNDA:0,(anonymous_57)
FNDA:0,(anonymous_58)
FNDA:0,(anonymous_59)
FNDA:0,(anonymous_60)
FNDA:0,(anonymous_61)
DA:1,0
DA:2,0
DA:3,0
DA:4,0
DA:5,0
DA:6,0
DA:8,0
DA:9,0
DA:10,0
DA:11,0
DA:12,0
DA:13,0
DA:14,0
DA:17,0
DA:18,0
DA:19,0
DA:22,0
DA:28,0
DA:31,0
DA:94,0
DA:95,0
DA:98,0
DA:99,0
DA:100,0
DA:103,0
DA:106,0
DA:107,0
DA:108,0
DA:111,0
DA:112,0
DA:115,0
DA:116,0
DA:119,0
DA:123,0
DA:124,0
DA:125,0
DA:126,0
DA:128,0
DA:134,0
DA:138,0
DA:143,0
DA:145,0
DA:146,0
DA:149,0
DA:150,0
DA:154,0
DA:166,0
DA:167,0
DA:168,0
DA:171,0
DA:173,0
DA:174,0
DA:175,0
DA:180,0
DA:181,0
DA:186,0
DA:187,0
DA:193,0
DA:195,0
DA:196,0
DA:199,0
DA:202,0
DA:203,0
DA:206,0
DA:207,0
DA:210,0
DA:211,0
DA:212,0
DA:213,0
DA:219,0
DA:220,0
DA:221,0
DA:222,0
DA:225,0
DA:226,0
DA:227,0
DA:228,0
DA:231,0
DA:235,0
DA:236,0
DA:242,0
DA:243,0
DA:246,0
DA:247,0
DA:250,0
DA:251,0
DA:254,0
DA:256,0
DA:257,0
DA:260,0
DA:261,0
DA:265,0
DA:266,0
DA:267,0
DA:268,0
DA:269,0
DA:272,0
DA:274,0
DA:275,0
DA:279,0
DA:282,0
DA:283,0
DA:286,0
DA:292,0
DA:293,0
DA:296,0
DA:297,0
DA:299,0
DA:301,0
DA:302,0
DA:303,0
DA:305,0
DA:306,0
DA:310,0
DA:311,0
DA:317,0
DA:318,0
DA:321,0
DA:331,0
DA:334,0
DA:335,0
DA:336,0
DA:337,0
DA:339,0
DA:344,0
DA:345,0
DA:346,0
DA:347,0
DA:348,0
DA:349,0
DA:351,0
DA:354,0
DA:359,0
DA:360,0
DA:364,0
DA:365,0
DA:366,0
DA:367,0
DA:368,0
DA:370,0
DA:374,0
DA:378,0
DA:381,0
DA:385,0
DA:386,0
DA:389,0
DA:390,0
DA:394,0
DA:395,0
DA:401,0
DA:402,0
DA:416,0
DA:417,0
DA:418,0
DA:421,0
DA:422,0
DA:430,0
DA:434,0
DA:435,0
DA:440,0
DA:447,0
DA:448,0
DA:455,0
DA:457,0
DA:458,0
DA:461,0
DA:462,0
DA:465,0
DA:470,0
DA:472,0
DA:475,0
DA:478,0
DA:479,0
DA:480,0
DA:481,0
DA:485,0
DA:491,0
DA:501,0
DA:502,0
DA:509,0
DA:516,0
DA:517,0
DA:519,0
DA:526,0
DA:527,0
DA:529,0
DA:534,0
DA:538,0
DA:542,0
DA:546,0
DA:550,0
DA:555,0
DA:559,0
DA:563,0
DA:567,0
DA:568,0
DA:572,0
DA:573,0
DA:574,0
DA:579,0
DA:582,0
DA:583,0
DA:584,0
DA:585,0
DA:586,0
DA:587,0
DA:591,0
DA:592,0
DA:595,0
DA:599,0
DA:600,0
DA:603,0
DA:604,0
DA:605,0
DA:606,0
DA:609,0
DA:611,0
DA:612,0
DA:619,0
DA:621,0
DA:622,0
DA:624,0
DA:625,0
DA:627,0
DA:631,0
DA:633,0
DA:638,0
DA:639,0
DA:640,0
DA:641,0
DA:643,0
DA:644,0
DA:648,0
DA:649,0
DA:652,0
DA:653,0
DA:657,0
DA:658,0
DA:662,0
DA:663,0
DA:664,0
DA:665,0
DA:667,0
DA:671,0
DA:676,0
DA:677,0
DA:681,0
DA:682,0
DA:686,0
DA:687,0
DA:691,0
DA:692,0
DA:693,0
DA:694,0
DA:699,0
DA:700,0
DA:705,0
DA:706,0
DA:710,0
DA:712,0
DA:713,0
DA:717,0
DA:718,0
DA:719,0
DA:723,0
DA:725,0
DA:726,0
DA:730,0
DA:731,0
DA:732,0
DA:733,0
DA:737,0
DA:738,0
DA:742,0
DA:743,0
DA:744,0
DA:745,0
DA:749,0
LF:278
LH:0
BRDA:26,0,0,0
BRDA:32,1,0,0
BRDA:32,1,1,0
BRDA:33,2,0,0
BRDA:33,2,1,0
BRDA:34,3,0,0
BRDA:34,3,1,0
BRDA:35,4,0,0
BRDA:35,4,1,0
BRDA:36,5,0,0
BRDA:36,5,1,0
BRDA:38,6,0,0
BRDA:38,6,1,0
BRDA:39,7,0,0
BRDA:39,7,1,0
BRDA:40,8,0,0
BRDA:40,8,1,0
BRDA:41,9,0,0
BRDA:41,9,1,0
BRDA:51,10,0,0
BRDA:51,10,1,0
BRDA:58,11,0,0
BRDA:58,11,1,0
BRDA:59,12,0,0
BRDA:59,12,1,0
BRDA:60,13,0,0
BRDA:60,13,1,0
BRDA:61,14,0,0
BRDA:61,14,1,0
BRDA:66,15,0,0
BRDA:66,15,1,0
BRDA:67,16,0,0
BRDA:67,16,1,0
BRDA:68,17,0,0
BRDA:68,17,1,0
BRDA:69,18,0,0
BRDA:69,18,1,0
BRDA:73,19,0,0
BRDA:73,19,1,0
BRDA:74,20,0,0
BRDA:74,20,1,0
BRDA:75,21,0,0
BRDA:75,21,1,0
BRDA:76,22,0,0
BRDA:76,22,1,0
BRDA:77,23,0,0
BRDA:77,23,1,0
BRDA:82,24,0,0
BRDA:82,24,1,0
BRDA:82,25,0,0
BRDA:82,25,1,0
BRDA:83,26,0,0
BRDA:83,26,1,0
BRDA:84,27,0,0
BRDA:84,27,1,0
BRDA:85,28,0,0
BRDA:85,28,1,0
BRDA:86,29,0,0
BRDA:86,29,1,0
BRDA:87,30,0,0
BRDA:87,30,1,0
BRDA:88,31,0,0
BRDA:88,31,1,0
BRDA:89,32,0,0
BRDA:89,32,1,0
BRDA:106,33,0,0
BRDA:106,33,1,0
BRDA:106,34,0,0
BRDA:106,34,1,0
BRDA:111,35,0,0
BRDA:111,35,1,0
BRDA:115,36,0,0
BRDA:115,36,1,0
BRDA:123,37,0,0
BRDA:123,37,1,0
BRDA:133,38,0,0
BRDA:137,39,0,0
BRDA:143,40,0,0
BRDA:143,40,1,0
BRDA:143,41,0,0
BRDA:143,41,1,0
BRDA:149,42,0,0
BRDA:149,42,1,0
BRDA:155,43,0,0
BRDA:155,43,1,0
BRDA:171,44,0,0
BRDA:171,44,1,0
BRDA:192,45,0,0
BRDA:193,46,0,0
BRDA:193,46,1,0
BRDA:202,47,0,0
BRDA:202,47,1,0
BRDA:202,48,0,0
BRDA:202,48,1,0
BRDA:206,49,0,0
BRDA:206,49,1,0
BRDA:210,50,0,0
BRDA:210,50,1,0
BRDA:210,51,0,0
BRDA:210,51,1,0
BRDA:219,52,0,0
BRDA:219,52,1,0
BRDA:219,53,0,0
BRDA:219,53,1,0
BRDA:225,54,0,0
BRDA:225,54,1,0
BRDA:225,55,0,0
BRDA:225,55,1,0
BRDA:227,56,0,0
BRDA:227,56,1,0
BRDA:227,57,0,0
BRDA:227,57,1,0
BRDA:228,58,0,0
BRDA:228,58,1,0
BRDA:242,59,0,0
BRDA:242,59,1,0
BRDA:250,60,0,0
BRDA:250,60,1,0
BRDA:256,61,0,0
BRDA:256,61,1,0
BRDA:260,62,0,0
BRDA:260,62,1,0
BRDA:265,63,0,0
BRDA:265,63,1,0
BRDA:282,64,0,0
BRDA:282,64,1,0
BRDA:291,65,0,0
BRDA:292,66,0,0
BRDA:292,66,1,0
BRDA:301,67,0,0
BRDA:301,67,1,0
BRDA:317,68,0,0
BRDA:317,68,1,0
BRDA:331,69,0,0
BRDA:331,69,1,0
BRDA:347,70,0,0
BRDA:347,70,1,0
BRDA:385,71,0,0
BRDA:385,71,1,0
BRDA:389,72,0,0
BRDA:389,72,1,0
BRDA:394,73,0,0
BRDA:394,73,1,0
BRDA:401,74,0,0
BRDA:401,74,1,0
BRDA:416,75,0,0
BRDA:416,75,1,0
BRDA:434,76,0,0
BRDA:434,76,1,0
BRDA:451,77,0,0
BRDA:451,77,1,0
BRDA:457,78,0,0
BRDA:457,78,1,0
BRDA:461,79,0,0
BRDA:461,79,1,0
BRDA:480,80,0,0
BRDA:480,80,1,0
BRDA:480,81,0,0
BRDA:480,81,1,0
BRDA:491,82,0,0
BRDA:491,82,1,0
BRDA:491,82,2,0
BRDA:500,83,0,0
BRDA:516,84,0,0
BRDA:516,84,1,0
BRDA:526,85,0,0
BRDA:526,85,1,0
BRDA:533,86,0,0
BRDA:545,87,0,0
BRDA:554,88,0,0
BRDA:571,89,0,0
BRDA:582,90,0,0
BRDA:582,90,1,0
BRDA:585,91,0,0
BRDA:585,91,1,0
BRDA:591,92,0,0
BRDA:591,92,1,0
BRDA:591,93,0,0
BRDA:591,93,1,0
BRDA:599,94,0,0
BRDA:599,94,1,0
BRDA:603,95,0,0
BRDA:603,95,1,0
BRDA:611,96,0,0
BRDA:611,96,1,0
BRDA:611,97,0,0
BRDA:611,97,1,0
BRDA:619,98,0,0
BRDA:619,98,1,0
BRDA:622,99,0,0
BRDA:622,99,1,0
BRDA:637,100,0,0
BRDA:639,101,0,0
BRDA:639,101,1,0
BRDA:648,102,0,0
BRDA:648,102,1,0
BRDA:652,103,0,0
BRDA:652,103,1,0
BRDA:657,104,0,0
BRDA:657,104,1,0
BRDA:662,105,0,0
BRDA:662,105,1,0
BRDA:662,106,0,0
BRDA:662,106,1,0
BRDA:662,106,2,0
BRDA:676,107,0,0
BRDA:676,107,1,0
BRDA:676,108,0,0
BRDA:676,108,1,0
BRDA:681,109,0,0
BRDA:681,109,1,0
BRDA:681,110,0,0
BRDA:681,110,1,0
BRDA:686,111,0,0
BRDA:686,111,1,0
BRDA:686,112,0,0
BRDA:686,112,1,0
BRDA:693,113,0,0
BRDA:693,113,1,0
BRDA:693,114,0,0
BRDA:693,114,1,0
BRDA:699,115,0,0
BRDA:699,115,1,0
BRDA:699,116,0,0
BRDA:699,116,1,0
BRDA:706,117,0,0
BRDA:706,117,1,0
BRDA:706,117,2,0
BRDA:710,118,0,0
BRDA:710,118,1,0
BRDA:713,119,0,0
BRDA:713,119,1,0
BRDA:717,120,0,0
BRDA:717,120,1,0
BRDA:717,121,0,0
BRDA:717,121,1,0
BRDA:719,122,0,0
BRDA:719,122,1,0
BRDA:723,123,0,0
BRDA:723,123,1,0
BRDA:726,124,0,0
BRDA:726,124,1,0
BRDA:730,125,0,0
BRDA:730,125,1,0
BRDA:737,126,0,0
BRDA:737,126,1,0
BRDA:742,127,0,0
BRDA:742,127,1,0
BRF:248
BRH:0
end_of_record
TN:
SF:lib\plugin-manager.js
FN:26,(anonymous_0)
FN:68,(anonymous_1)
FN:95,(anonymous_2)
FN:132,(anonymous_3)
FN:139,(anonymous_4)
FN:145,(anonymous_5)
FN:164,(anonymous_6)
FN:169,(anonymous_7)
FN:173,(anonymous_8)
FN:176,(anonymous_9)
FN:187,(anonymous_10)
FN:193,(anonymous_11)
FN:199,(anonymous_12)
FN:200,(anonymous_13)
FN:201,(anonymous_14)
FN:205,(anonymous_15)
FN:208,(anonymous_16)
FN:213,(anonymous_17)
FN:228,(anonymous_18)
FN:246,(anonymous_19)
FN:324,(anonymous_20)
FN:357,(anonymous_21)
FN:372,(anonymous_22)
FN:424,(anonymous_23)
FN:466,(anonymous_24)
FN:473,(anonymous_25)
FN:478,(anonymous_26)
FN:484,(anonymous_27)
FN:488,(anonymous_28)
FN:494,(anonymous_29)
FN:514,(anonymous_30)
FN:521,(anonymous_31)
FN:547,(anonymous_32)
FN:565,(anonymous_33)
FN:576,(anonymous_34)
FN:581,(anonymous_35)
FN:582,(anonymous_36)
FN:583,(anonymous_37)
FN:584,(anonymous_38)
FN:585,(anonymous_39)
FN:586,(anonymous_40)
FN:587,(anonymous_41)
FN:599,(anonymous_42)
FN:612,(anonymous_43)
FN:613,(anonymous_44)
FN:614,(anonymous_45)
FN:615,(anonymous_46)
FN:644,(anonymous_47)
FN:671,(anonymous_48)
FN:678,(anonymous_49)
FN:700,(anonymous_50)
FN:713,(anonymous_51)
FN:731,(anonymous_52)
FN:773,(anonymous_53)
FN:796,(anonymous_54)
FN:820,(anonymous_55)
FN:830,(anonymous_56)
FN:834,(anonymous_57)
FN:846,(anonymous_58)
FN:848,(anonymous_59)
FN:849,(anonymous_60)
FN:857,(anonymous_61)
FN:860,(anonymous_62)
FN:873,(anonymous_63)
FN:889,(anonymous_64)
FN:893,(anonymous_65)
FN:899,(anonymous_66)
FN:920,(anonymous_67)
FN:932,(anonymous_68)
FN:1025,(anonymous_69)
FN:1039,(anonymous_70)
FN:1040,(anonymous_71)
FN:1072,(anonymous_72)
FN:1091,(anonymous_73)
FN:1109,(anonymous_74)
FN:1119,(anonymous_75)
FN:1179,(anonymous_76)
FN:1194,(anonymous_77)
FN:1203,(anonymous_78)
FN:1208,(anonymous_79)
FN:1222,(anonymous_80)
FN:1246,(anonymous_81)
FN:1266,(anonymous_82)
FN:1278,(anonymous_83)
FN:1295,(anonymous_84)
FN:1302,(anonymous_85)
FN:1303,(anonymous_86)
FN:1319,(anonymous_87)
FN:1322,(anonymous_88)
FN:1324,(anonymous_89)
FN:1328,(anonymous_90)
FN:1332,(anonymous_91)
FN:1336,(anonymous_92)
FN:1340,(anonymous_93)
FN:1344,(anonymous_94)
FN:1345,(anonymous_95)
FN:1348,(anonymous_96)
FN:1349,(anonymous_97)
FN:1356,(anonymous_98)
FN:1364,(anonymous_99)
FN:1368,(anonymous_100)
FN:1379,(anonymous_101)
FN:1409,(anonymous_102)
FN:1422,(anonymous_103)
FN:1445,(anonymous_104)
FN:1461,(anonymous_105)
FN:1470,(anonymous_106)
FN:1474,(anonymous_107)
FN:1484,(anonymous_108)
FN:1494,(anonymous_109)
FN:1495,(anonymous_110)
FN:1514,(anonymous_111)
FN:1526,(anonymous_112)
FN:1539,(anonymous_113)
FN:1553,(anonymous_114)
FN:1554,(anonymous_115)
FN:1555,(anonymous_116)
FN:1559,(anonymous_117)
FN:1560,(anonymous_118)
FN:1563,(anonymous_119)
FN:1564,(anonymous_120)
FN:1567,(anonymous_121)
FN:1581,(anonymous_122)
FN:1588,(anonymous_123)
FN:1589,(anonymous_124)
FN:1604,(anonymous_125)
FN:1616,(anonymous_126)
FN:1651,(anonymous_127)
FN:1670,(anonymous_128)
FN:1696,(anonymous_129)
FN:1713,(anonymous_130)
FN:1718,(anonymous_131)
FN:1719,(anonymous_132)
FN:1722,(anonymous_133)
FN:1726,(anonymous_134)
FN:1727,(anonymous_135)
FN:1734,(anonymous_136)
FN:1737,(anonymous_137)
FN:1764,(anonymous_138)
FNF:139
FNH:0
FNDA:0,(anonymous_0)
FNDA:0,(anonymous_1)
FNDA:0,(anonymous_2)
FNDA:0,(anonymous_3)
FNDA:0,(anonymous_4)
FNDA:0,(anonymous_5)
FNDA:0,(anonymous_6)
FNDA:0,(anonymous_7)
FNDA:0,(anonymous_8)
FNDA:0,(anonymous_9)
FNDA:0,(anonymous_10)
FNDA:0,(anonymous_11)
FNDA:0,(anonymous_12)
FNDA:0,(anonymous_13)
FNDA:0,(anonymous_14)
FNDA:0,(anonymous_15)
FNDA:0,(anonymous_16)
FNDA:0,(anonymous_17)
FNDA:0,(anonymous_18)
FNDA:0,(anonymous_19)
FNDA:0,(anonymous_20)
FNDA:0,(anonymous_21)
FNDA:0,(anonymous_22)
FNDA:0,(anonymous_23)
FNDA:0,(anonymous_24)
FNDA:0,(anonymous_25)
FNDA:0,(anonymous_26)
FNDA:0,(anonymous_27)
FNDA:0,(anonymous_28)
FNDA:0,(anonymous_29)
FNDA:0,(anonymous_30)
FNDA:0,(anonymous_31)
FNDA:0,(anonymous_32)
FNDA:0,(anonymous_33)
FNDA:0,(anonymous_34)
FNDA:0,(anonymous_35)
FNDA:0,(anonymous_36)
FNDA:0,(anonymous_37)
FNDA:0,(anonymous_38)
FNDA:0,(anonymous_39)
FNDA:0,(anonymous_40)
FNDA:0,(anonymous_41)
FNDA:0,(anonymous_42)
FNDA:0,(anonymous_43)
FNDA:0,(anonymous_44)
FNDA:0,(anonymous_45)
FNDA:0,(anonymous_46)
FNDA:0,(anonymous_47)
FNDA:0,(anonymous_48)
FNDA:0,(anonymous_49)
FNDA:0,(anonymous_50)
FNDA:0,(anonymous_51)
FNDA:0,(anonymous_52)
FNDA:0,(anonymous_53)
FNDA:0,(anonymous_54)
FNDA:0,(anonymous_55)
FNDA:0,(anonymous_56)
FNDA:0,(anonymous_57)
FNDA:0,(anonymous_58)
FNDA:0,(anonymous_59)
FNDA:0,(anonymous_60)
FNDA:0,(anonymous_61)
FNDA:0,(anonymous_62)
FNDA:0,(anonymous_63)
FNDA:0,(anonymous_64)
FNDA:0,(anonymous_65)
FNDA:0,(anonymous_66)
FNDA:0,(anonymous_67)
FNDA:0,(anonymous_68)
FNDA:0,(anonymous_69)
FNDA:0,(anonymous_70)
FNDA:0,(anonymous_71)
FNDA:0,(anonymous_72)
FNDA:0,(anonymous_73)
FNDA:0,(anonymous_74)
FNDA:0,(anonymous_75)
FNDA:0,(anonymous_76)
FNDA:0,(anonymous_77)
FNDA:0,(anonymous_78)
FNDA:0,(anonymous_79)
FNDA:0,(anonymous_80)
FNDA:0,(anonymous_81)
FNDA:0,(anonymous_82)
FNDA:0,(anonymous_83)
FNDA:0,(anonymous_84)
FNDA:0,(anonymous_85)
FNDA:0,(anonymous_86)
FNDA:0,(anonymous_87)
FNDA:0,(anonymous_88)
FNDA:0,(anonymous_89)
FNDA:0,(anonymous_90)
FNDA:0,(anonymous_91)
FNDA:0,(anonymous_92)
FNDA:0,(anonymous_93)
FNDA:0,(anonymous_94)
FNDA:0,(anonymous_95)
FNDA:0,(anonymous_96)
FNDA:0,(anonymous_97)
FNDA:0,(anonymous_98)
FNDA:0,(anonymous_99)
FNDA:0,(anonymous_100)
FNDA:0,(anonymous_101)
FNDA:0,(anonymous_102)
FNDA:0,(anonymous_103)
FNDA:0,(anonymous_104)
FNDA:0,(anonymous_105)
FNDA:0,(anonymous_106)
FNDA:0,(anonymous_107)
FNDA:0,(anonymous_108)
FNDA:0,(anonymous_109)
FNDA:0,(anonymous_110)
FNDA:0,(anonymous_111)
FNDA:0,(anonymous_112)
FNDA:0,(anonymous_113)
FNDA:0,(anonymous_114)
FNDA:0,(anonymous_115)
FNDA:0,(anonymous_116)
FNDA:0,(anonymous_117)
FNDA:0,(anonymous_118)
FNDA:0,(anonymous_119)
FNDA:0,(anonymous_120)
FNDA:0,(anonymous_121)
FNDA:0,(anonymous_122)
FNDA:0,(anonymous_123)
FNDA:0,(anonymous_124)
FNDA:0,(anonymous_125)
FNDA:0,(anonymous_126)
FNDA:0,(anonymous_127)
FNDA:0,(anonymous_128)
FNDA:0,(anonymous_129)
FNDA:0,(anonymous_130)
FNDA:0,(anonymous_131)
FNDA:0,(anonymous_132)
FNDA:0,(anonymous_133)
FNDA:0,(anonymous_134)
FNDA:0,(anonymous_135)
FNDA:0,(anonymous_136)
FNDA:0,(anonymous_137)
FNDA:0,(anonymous_138)
DA:1,0
DA:2,0
DA:3,0
DA:6,0
DA:27,0
DA:29,0
DA:30,0
DA:47,0
DA:48,0
DA:49,0
DA:50,0
DA:51,0
DA:52,0
DA:53,0
DA:54,0
DA:55,0
DA:56,0
DA:57,0
DA:58,0
DA:61,0
DA:63,0
DA:69,0
DA:71,0
DA:73,0
DA:74,0
DA:86,0
DA:87,0
DA:90,0
DA:91,0
DA:96,0
DA:97,0
DA:100,0
DA:102,0
DA:105,0
DA:106,0
DA:108,0
DA:116,0
DA:117,0
DA:119,0
DA:120,0
DA:121,0
DA:122,0
DA:124,0
DA:125,0
DA:133,0
DA:134,0
DA:135,0
DA:136,0
DA:138,0
DA:139,0
DA:140,0
DA:146,0
DA:164,0
DA:165,0
DA:170,0
DA:172,0
DA:174,0
DA:175,0
DA:177,0
DA:178,0
DA:179,0
DA:180,0
DA:186,0
DA:188,0
DA:189,0
DA:190,0
DA:194,0
DA:198,0
DA:199,0
DA:200,0
DA:201,0
DA:206,0
DA:208,0
DA:209,0
DA:214,0
DA:216,0
DA:217,0
DA:219,0
DA:228,0
DA:229,0
DA:230,0
DA:231,0
DA:232,0
DA:233,0
DA:234,0
DA:236,0
DA:241,0
DA:249,0
DA:252,0
DA:253,0
DA:255,0
DA:256,0
DA:259,0
DA:260,0
DA:262,0
DA:263,0
DA:264,0
DA:267,0
DA:268,0
DA:269,0
DA:270,0
DA:274,0
DA:276,0
DA:301,0
DA:302,0
DA:304,0
DA:305,0
DA:306,0
DA:308,0
DA:309,0
DA:310,0
DA:312,0
DA:314,0
DA:315,0
DA:316,0
DA:318,0
DA:319,0
DA:320,0
DA:325,0
DA:328,0
DA:339,0
DA:340,0
DA:341,0
DA:342,0
DA:344,0
DA:350,0
DA:351,0
DA:353,0
DA:358,0
DA:361,0
DA:362,0
DA:363,0
DA:364,0
DA:365,0
DA:366,0
DA:367,0
DA:369,0
DA:373,0
DA:376,0
DA:377,0
DA:380,0
DA:381,0
DA:385,0
DA:386,0
DA:388,0
DA:389,0
DA:390,0
DA:395,0
DA:396,0
DA:400,0
DA:401,0
DA:405,0
DA:406,0
DA:410,0
DA:411,0
DA:412,0
DA:413,0
DA:419,0
DA:420,0
DA:426,0
DA:427,0
DA:428,0
DA:429,0
DA:430,0
DA:434,0
DA:435,0
DA:440,0
DA:441,0
DA:442,0
DA:443,0
DA:444,0
DA:446,0
DA:450,0
DA:451,0
DA:456,0
DA:457,0
DA:467,0
DA:474,0
DA:477,0
DA:478,0
DA:479,0
DA:483,0
DA:484,0
DA:487,0
DA:488,0
DA:489,0
DA:493,0
DA:494,0
DA:495,0
DA:500,0
DA:501,0
DA:508,0
DA:515,0
DA:522,0
DA:523,0
DA:526,0
DA:527,0
DA:528,0
DA:531,0
DA:533,0
DA:540,0
DA:541,0
DA:548,0
DA:549,0
DA:551,0
DA:563,0
DA:565,0
DA:566,0
DA:567,0
DA:570,0
DA:577,0
DA:578,0
DA:580,0
DA:581,0
DA:582,0
DA:583,0
DA:584,0
DA:585,0
DA:586,0
DA:587,0
DA:590,0
DA:591,0
DA:593,0
DA:600,0
DA:601,0
DA:603,0
DA:611,0
DA:612,0
DA:613,0
DA:614,0
DA:615,0
DA:618,0
DA:620,0
DA:621,0
DA:622,0
DA:623,0
DA:624,0
DA:625,0
DA:627,0
DA:628,0
DA:631,0
DA:632,0
DA:633,0
DA:637,0
DA:638,0
DA:645,0
DA:654,0
DA:655,0
DA:656,0
DA:659,0
DA:660,0
DA:662,0
DA:663,0
DA:665,0
DA:672,0
DA:673,0
DA:674,0
DA:676,0
DA:678,0
DA:689,0
DA:690,0
DA:691,0
DA:694,0
DA:695,0
DA:697,0
DA:701,0
DA:702,0
DA:705,0
DA:708,0
DA:709,0
DA:713,0
DA:715,0
DA:716,0
DA:717,0
DA:718,0
DA:719,0
DA:722,0
DA:726,0
DA:732,0
DA:774,0
DA:797,0
DA:821,0
DA:822,0
DA:823,0
DA:825,0
DA:831,0
DA:835,0
DA:836,0
DA:837,0
DA:839,0
DA:840,0
DA:842,0
DA:847,0
DA:848,0
DA:849,0
DA:850,0
DA:851,0
DA:854,0
DA:859,0
DA:860,0
DA:861,0
DA:862,0
DA:863,0
DA:864,0
DA:865,0
DA:867,0
DA:868,0
DA:874,0
DA:875,0
DA:876,0
DA:878,0
DA:890,0
DA:892,0
DA:893,0
DA:894,0
DA:901,0
DA:920,0
DA:921,0
DA:935,0
DA:938,0
DA:939,0
DA:942,0
DA:943,0
DA:946,0
DA:949,0
DA:951,0
DA:952,0
DA:953,0
DA:954,0
DA:957,0
DA:958,0
DA:960,0
DA:964,0
DA:965,0
DA:966,0
DA:970,0
DA:971,0
DA:972,0
DA:973,0
DA:977,0
DA:980,0
DA:995,0
DA:998,0
DA:1001,0
DA:1002,0
DA:1003,0
DA:1005,0
DA:1006,0
DA:1007,0
DA:1009,0
DA:1011,0
DA:1012,0
DA:1013,0
DA:1015,0
DA:1016,0
DA:1017,0
DA:1026,0
DA:1027,0
DA:1029,0
DA:1030,0
DA:1031,0
DA:1035,0
DA:1036,0
DA:1037,0
DA:1040,0
DA:1044,0
DA:1049,0
DA:1052,0
DA:1055,0
DA:1058,0
DA:1061,0
DA:1062,0
DA:1063,0
DA:1064,0
DA:1071,0
DA:1072,0
DA:1073,0
DA:1075,0
DA:1076,0
DA:1077,0
DA:1079,0
DA:1081,0
DA:1082,0
DA:1092,0
DA:1093,0
DA:1094,0
DA:1097,0
DA:1099,0
DA:1100,0
DA:1102,0
DA:1103,0
DA:1110,0
DA:1112,0
DA:1113,0
DA:1114,0
DA:1115,0
DA:1118,0
DA:1119,0
DA:1120,0
DA:1126,0
DA:1127,0
DA:1128,0
DA:1131,0
DA:1134,0
DA:1135,0
DA:1136,0
DA:1137,0
DA:1138,0
DA:1141,0
DA:1144,0
DA:1150,0
DA:1155,0
DA:1158,0
DA:1161,0
DA:1163,0
DA:1164,0
DA:1165,0
DA:1167,0
DA:1168,0
DA:1169,0
DA:1170,0
DA:1171,0
DA:1173,0
DA:1174,0
DA:1176,0
DA:1177,0
DA:1179,0
DA:1181,0
DA:1182,0
DA:1189,0
DA:1192,0
DA:1193,0
DA:1194,0
DA:1197,0
DA:1204,0
DA:1205,0
DA:1206,0
DA:1208,0
DA:1210,0
DA:1213,0
DA:1214,0
DA:1215,0
DA:1218,0
DA:1221,0
DA:1222,0
DA:1223,0
DA:1224,0
DA:1226,0
DA:1231,0
DA:1232,0
DA:1233,0
DA:1237,0
DA:1238,0
DA:1241,0
DA:1247,0
DA:1248,0
DA:1251,0
DA:1252,0
DA:1256,0
DA:1257,0
DA:1260,0
DA:1261,0
DA:1265,0
DA:1266,0
DA:1267,0
DA:1268,0
DA:1273,0
DA:1274,0
DA:1279,0
DA:1280,0
DA:1283,0
DA:1284,0
DA:1285,0
DA:1286,0
DA:1290,0
DA:1291,0
DA:1296,0
DA:1298,0
DA:1300,0
DA:1303,0
DA:1307,0
DA:1308,0
DA:1310,0
DA:1311,0
DA:1313,0
DA:1320,0
DA:1323,0
DA:1325,0
DA:1329,0
DA:1333,0
DA:1337,0
DA:1341,0
DA:1344,0
DA:1345,0
DA:1348,0
DA:1350,0
DA:1357,0
DA:1365,0
DA:1367,0
DA:1369,0
DA:1370,0
DA:1371,0
DA:1372,0
DA:1374,0
DA:1375,0
DA:1380,0
DA:1381,0
DA:1382,0
DA:1383,0
DA:1386,0
DA:1387,0
DA:1388,0
DA:1389,0
DA:1391,0
DA:1395,0
DA:1396,0
DA:1398,0
DA:1401,0
DA:1402,0
DA:1404,0
DA:1405,0
DA:1410,0
DA:1411,0
DA:1412,0
DA:1413,0
DA:1414,0
DA:1415,0
DA:1417,0
DA:1418,0
DA:1423,0
DA:1424,0
DA:1425,0
DA:1427,0
DA:1429,0
DA:1430,0
DA:1446,0
DA:1447,0
DA:1450,0
DA:1451,0
DA:1454,0
DA:1461,0
DA:1471,0
DA:1473,0
DA:1474,0
DA:1475,0
DA:1485,0
DA:1487,0
DA:1488,0
DA:1490,0
DA:1491,0
DA:1492,0
DA:1495,0
DA:1499,0
DA:1500,0
DA:1503,0
DA:1505,0
DA:1509,0
DA:1515,0
DA:1516,0
DA:1519,0
DA:1521,0
DA:1522,0
DA:1527,0
DA:1528,0
DA:1531,0
DA:1532,0
DA:1534,0
DA:1535,0
DA:1540,0
DA:1541,0
DA:1544,0
DA:1554,0
DA:1555,0
DA:1560,0
DA:1564,0
DA:1568,0
DA:1569,0
DA:1570,0
DA:1582,0
DA:1589,0
DA:1605,0
DA:1606,0
DA:1607,0
DA:1608,0
DA:1610,0
DA:1617,0
DA:1618,0
DA:1620,0
DA:1622,0
DA:1623,0
DA:1625,0
DA:1626,0
DA:1628,0
DA:1629,0
DA:1630,0
DA:1631,0
DA:1633,0
DA:1634,0
DA:1636,0
DA:1637,0
DA:1638,0
DA:1641,0
DA:1642,0
DA:1645,0
DA:1652,0
DA:1653,0
DA:1655,0
DA:1656,0
DA:1658,0
DA:1671,0
DA:1672,0
DA:1674,0
DA:1682,0
DA:1684,0
DA:1685,0
DA:1688,0
DA:1697,0
DA:1714,0
DA:1716,0
DA:1718,0
DA:1719,0
DA:1722,0
DA:1726,0
DA:1727,0
DA:1735,0
DA:1737,0
DA:1745,0
DA:1746,0
DA:1747,0
DA:1749,0
DA:1750,0
DA:1753,0
DA:1754,0
DA:1756,0
DA:1757,0
DA:1765,0
DA:1766,0
DA:1768,0
DA:1769,0
DA:1772,0
DA:1775,0
DA:1776,0
DA:1777,0
DA:1778,0
DA:1779,0
DA:1782,0
DA:1786,0
DA:1787,0
DA:1789,0
DA:1790,0
DA:1795,0
LF:651
LH:0
BRDA:26,0,0,0
BRDA:69,1,0,0
BRDA:69,1,1,0
BRDA:96,2,0,0
BRDA:96,2,1,0
BRDA:100,3,0,0
BRDA:100,3,1,0
BRDA:124,4,0,0
BRDA:124,4,1,0
BRDA:138,5,0,0
BRDA:138,5,1,0
BRDA:170,6,0,0
BRDA:170,6,1,0
BRDA:187,7,0,0
BRDA:188,8,0,0
BRDA:188,8,1,0
BRDA:193,9,0,0
BRDA:206,10,0,0
BRDA:206,10,1,0
BRDA:214,11,0,0
BRDA:214,11,1,0
BRDA:214,12,0,0
BRDA:214,12,1,0
BRDA:230,13,0,0
BRDA:230,13,1,0
BRDA:230,14,0,0
BRDA:230,14,1,0
BRDA:246,15,0,0
BRDA:252,16,0,0
BRDA:252,16,1,0
BRDA:255,17,0,0
BRDA:255,17,1,0
BRDA:263,18,0,0
BRDA:263,18,1,0
BRDA:267,19,0,0
BRDA:267,19,1,0
BRDA:278,20,0,0
BRDA:278,20,1,0
BRDA:279,21,0,0
BRDA:279,21,1,0
BRDA:280,22,0,0
BRDA:280,22,1,0
BRDA:281,23,0,0
BRDA:281,23,1,0
BRDA:282,24,0,0
BRDA:282,24,1,0
BRDA:297,25,0,0
BRDA:297,25,1,0
BRDA:298,26,0,0
BRDA:298,26,1,0
BRDA:314,27,0,0
BRDA:314,27,1,0
BRDA:316,28,0,0
BRDA:316,28,1,0
BRDA:340,29,0,0
BRDA:340,29,1,0
BRDA:341,30,0,0
BRDA:341,30,1,0
BRDA:358,31,0,0
BRDA:358,31,1,0
BRDA:361,32,0,0
BRDA:361,32,1,0
BRDA:362,33,0,0
BRDA:362,33,1,0
BRDA:363,34,0,0
BRDA:363,34,1,0
BRDA:364,35,0,0
BRDA:364,35,1,0
BRDA:365,36,0,0
BRDA:365,36,1,0
BRDA:366,37,0,0
BRDA:366,37,1,0
BRDA:367,38,0,0
BRDA:367,38,1,0
BRDA:373,39,0,0
BRDA:373,39,1,0
BRDA:376,40,0,0
BRDA:376,40,1,0
BRDA:376,41,0,0
BRDA:376,41,1,0
BRDA:380,42,0,0
BRDA:380,42,1,0
BRDA:380,43,0,0
BRDA:380,43,1,0
BRDA:389,44,0,0
BRDA:389,44,1,0
BRDA:395,45,0,0
BRDA:395,45,1,0
BRDA:395,46,0,0
BRDA:395,46,1,0
BRDA:400,47,0,0
BRDA:400,47,1,0
BRDA:400,48,0,0
BRDA:400,48,1,0
BRDA:405,49,0,0
BRDA:405,49,1,0
BRDA:410,50,0,0
BRDA:410,50,1,0
BRDA:410,51,0,0
BRDA:410,51,1,0
BRDA:412,52,0,0
BRDA:412,52,1,0
BRDA:419,53,0,0
BRDA:419,53,1,0
BRDA:419,54,0,0
BRDA:419,54,1,0
BRDA:426,55,0,0
BRDA:426,55,1,0
BRDA:426,56,0,0
BRDA:426,56,1,0
BRDA:429,57,0,0
BRDA:429,57,1,0
BRDA:434,58,0,0
BRDA:434,58,1,0
BRDA:440,59,0,0
BRDA:440,59,1,0
BRDA:440,60,0,0
BRDA:440,60,1,0
BRDA:450,61,0,0
BRDA:450,61,1,0
BRDA:456,62,0,0
BRDA:456,62,1,0
BRDA:466,63,0,0
BRDA:477,64,0,0
BRDA:477,64,1,0
BRDA:483,65,0,0
BRDA:483,65,1,0
BRDA:487,66,0,0
BRDA:487,66,1,0
BRDA:493,67,0,0
BRDA:493,67,1,0
BRDA:500,68,0,0
BRDA:500,68,1,0
BRDA:500,69,0,0
BRDA:500,69,1,0
BRDA:521,70,0,0
BRDA:522,71,0,0
BRDA:522,71,1,0
BRDA:527,72,0,0
BRDA:527,72,1,0
BRDA:531,73,0,0
BRDA:531,73,1,0
BRDA:547,74,0,0
BRDA:549,75,0,0
BRDA:549,75,1,0
BRDA:578,76,0,0
BRDA:578,76,1,0
BRDA:599,77,0,0
BRDA:601,78,0,0
BRDA:601,78,1,0
BRDA:615,79,0,0
BRDA:615,79,1,0
BRDA:623,80,0,0
BRDA:623,80,1,0
BRDA:644,81,0,0
BRDA:644,82,0,0
BRDA:655,83,0,0
BRDA:655,83,1,0
BRDA:671,84,0,0
BRDA:674,85,0,0
BRDA:674,85,1,0
BRDA:690,86,0,0
BRDA:690,86,1,0
BRDA:701,87,0,0
BRDA:701,87,1,0
BRDA:718,88,0,0
BRDA:718,88,1,0
BRDA:839,89,0,0
BRDA:839,89,1,0
BRDA:839,90,0,0
BRDA:839,90,1,0
BRDA:850,91,0,0
BRDA:850,91,1,0
BRDA:876,92,0,0
BRDA:876,92,1,0
BRDA:883,93,0,0
BRDA:883,93,1,0
BRDA:883,94,0,0
BRDA:883,94,1,0
BRDA:892,95,0,0
BRDA:892,95,1,0
BRDA:932,96,0,0
BRDA:938,97,0,0
BRDA:938,97,1,0
BRDA:942,98,0,0
BRDA:942,98,1,0
BRDA:951,99,0,0
BRDA:951,99,1,0
BRDA:953,100,0,0
BRDA:953,100,1,0
BRDA:965,101,0,0
BRDA:965,101,1,0
BRDA:970,102,0,0
BRDA:970,102,1,0
BRDA:982,103,0,0
BRDA:982,103,1,0
BRDA:983,104,0,0
BRDA:983,104,1,0
BRDA:984,105,0,0
BRDA:984,105,1,0
BRDA:985,106,0,0
BRDA:985,106,1,0
BRDA:1011,107,0,0
BRDA:1011,107,1,0
BRDA:1013,108,0,0
BRDA:1013,108,1,0
BRDA:1029,109,0,0
BRDA:1029,109,1,0
BRDA:1035,110,0,0
BRDA:1035,110,1,0
BRDA:1035,111,0,0
BRDA:1035,111,1,0
BRDA:1063,112,0,0
BRDA:1063,112,1,0
BRDA:1063,113,0,0
BRDA:1063,113,1,0
BRDA:1091,114,0,0
BRDA:1093,115,0,0
BRDA:1093,115,1,0
BRDA:1112,116,0,0
BRDA:1112,116,1,0
BRDA:1120,117,0,0
BRDA:1120,117,1,0
BRDA:1120,117,2,0
BRDA:1120,117,3,0
BRDA:1120,117,4,0
BRDA:1126,118,0,0
BRDA:1126,118,1,0
BRDA:1142,119,0,0
BRDA:1142,119,1,0
BRDA:1146,120,0,0
BRDA:1146,120,1,0
BRDA:1167,121,0,0
BRDA:1167,121,1,0
BRDA:1176,122,0,0
BRDA:1176,122,1,0
BRDA:1192,123,0,0
BRDA:1192,123,1,0
BRDA:1210,124,0,0
BRDA:1210,124,1,0
BRDA:1213,125,0,0
BRDA:1213,125,1,0
BRDA:1223,126,0,0
BRDA:1223,126,1,0
BRDA:1247,127,0,0
BRDA:1247,127,1,0
BRDA:1247,128,0,0
BRDA:1247,128,1,0
BRDA:1251,129,0,0
BRDA:1251,129,1,0
BRDA:1251,130,0,0
BRDA:1251,130,1,0
BRDA:1256,131,0,0
BRDA:1256,131,1,0
BRDA:1256,132,0,0
BRDA:1256,132,1,0
BRDA:1260,133,0,0
BRDA:1260,133,1,0
BRDA:1260,134,0,0
BRDA:1260,134,1,0
BRDA:1267,135,0,0
BRDA:1267,135,1,0
BRDA:1267,136,0,0
BRDA:1267,136,1,0
BRDA:1273,137,0,0
BRDA:1273,137,1,0
BRDA:1273,138,0,0
BRDA:1273,138,1,0
BRDA:1279,139,0,0
BRDA:1279,139,1,0
BRDA:1279,140,0,0
BRDA:1279,140,1,0
BRDA:1285,141,0,0
BRDA:1285,141,1,0
BRDA:1290,142,0,0
BRDA:1290,142,1,0
BRDA:1310,143,0,0
BRDA:1310,143,1,0
BRDA:1322,144,0,0
BRDA:1340,145,0,0
BRDA:1368,146,0,0
BRDA:1370,147,0,0
BRDA:1370,147,1,0
BRDA:1372,148,0,0
BRDA:1372,148,1,0
BRDA:1372,149,0,0
BRDA:1372,149,1,0
BRDA:1382,150,0,0
BRDA:1382,150,1,0
BRDA:1387,151,0,0
BRDA:1387,151,1,0
BRDA:1395,152,0,0
BRDA:1395,152,1,0
BRDA:1411,153,0,0
BRDA:1411,153,1,0
BRDA:1424,154,0,0
BRDA:1424,154,1,0
BRDA:1445,155,0,0
BRDA:1445,156,0,0
BRDA:1446,157,0,0
BRDA:1446,157,1,0
BRDA:1450,158,0,0
BRDA:1450,158,1,0
BRDA:1457,159,0,0
BRDA:1457,159,1,0
BRDA:1471,160,0,0
BRDA:1471,160,1,0
BRDA:1475,161,0,0
BRDA:1475,161,1,0
BRDA:1485,162,0,0
BRDA:1485,162,1,0
BRDA:1499,163,0,0
BRDA:1499,163,1,0
BRDA:1500,164,0,0
BRDA:1500,164,1,0
BRDA:1515,165,0,0
BRDA:1515,165,1,0
BRDA:1521,166,0,0
BRDA:1521,166,1,0
BRDA:1521,167,0,0
BRDA:1521,167,1,0
BRDA:1527,168,0,0
BRDA:1527,168,1,0
BRDA:1527,169,0,0
BRDA:1527,169,1,0
BRDA:1527,169,2,0
BRDA:1534,170,0,0
BRDA:1534,170,1,0
BRDA:1534,171,0,0
BRDA:1534,171,1,0
BRDA:1540,172,0,0
BRDA:1540,172,1,0
BRDA:1540,173,0,0
BRDA:1540,173,1,0
BRDA:1546,174,0,0
BRDA:1546,174,1,0
BRDA:1569,175,0,0
BRDA:1569,175,1,0
BRDA:1582,176,0,0
BRDA:1582,176,1,0
BRDA:1606,177,0,0
BRDA:1606,177,1,0
BRDA:1616,178,0,0
BRDA:1618,179,0,0
BRDA:1618,179,1,0
BRDA:1620,180,0,0
BRDA:1620,180,1,0
BRDA:1623,181,0,0
BRDA:1623,181,1,0
BRDA:1623,182,0,0
BRDA:1623,182,1,0
BRDA:1625,183,0,0
BRDA:1625,183,1,0
BRDA:1631,184,0,0
BRDA:1631,184,1,0
BRDA:1631,185,0,0
BRDA:1631,185,1,0
BRDA:1633,186,0,0
BRDA:1633,186,1,0
BRDA:1653,187,0,0
BRDA:1653,187,1,0
BRDA:1655,188,0,0
BRDA:1655,188,1,0
BRDA:1664,189,0,0
BRDA:1664,189,1,0
BRDA:1664,190,0,0
BRDA:1664,190,1,0
BRDA:1670,191,0,0
BRDA:1682,192,0,0
BRDA:1682,192,1,0
BRDA:1696,193,0,0
BRDA:1699,194,0,0
BRDA:1699,194,1,0
BRDA:1700,195,0,0
BRDA:1700,195,1,0
BRDA:1701,196,0,0
BRDA:1701,196,1,0
BRDA:1727,197,0,0
BRDA:1727,197,1,0
BRDA:1749,198,0,0
BRDA:1749,198,1,0
BRDA:1768,199,0,0
BRDA:1768,199,1,0
BRDA:1778,200,0,0
BRDA:1778,200,1,0
BRF:385
BRH:0
end_of_record
TN:
SF:lib\adapters\nextjs-adapter.js
FN:13,(anonymous_0)
FN:26,(anonymous_1)
FN:38,(anonymous_2)
FN:51,(anonymous_3)
FN:62,(anonymous_4)
FN:79,(anonymous_5)
FN:80,(anonymous_6)
FN:83,(anonymous_7)
FN:84,(anonymous_8)
FN:109,(anonymous_9)
FN:110,(anonymous_10)
FN:127,(anonymous_11)
FN:144,(anonymous_12)
FN:154,(anonymous_13)
FN:156,(anonymous_14)
FN:157,(anonymous_15)
FN:186,(anonymous_16)
FN:195,(anonymous_17)
FN:217,(anonymous_18)
FNF:19
FNH:0
FNDA:0,(anonymous_0)
FNDA:0,(anonymous_1)
FNDA:0,(anonymous_2)
FNDA:0,(anonymous_3)
FNDA:0,(anonymous_4)
FNDA:0,(anonymous_5)
FNDA:0,(anonymous_6)
FNDA:0,(anonymous_7)
FNDA:0,(anonymous_8)
FNDA:0,(anonymous_9)
FNDA:0,(anonymous_10)
FNDA:0,(anonymous_11)
FNDA:0,(anonymous_12)
FNDA:0,(anonymous_13)
FNDA:0,(anonymous_14)
FNDA:0,(anonymous_15)
FNDA:0,(anonymous_16)
FNDA:0,(anonymous_17)
FNDA:0,(anonymous_18)
DA:10,0
DA:14,0
DA:15,0
DA:16,0
DA:17,0
DA:18,0
DA:19,0
DA:27,0
DA:28,0
DA:31,0
DA:33,0
DA:34,0
DA:38,0
DA:40,0
DA:43,0
DA:44,0
DA:52,0
DA:53,0
DA:56,0
DA:59,0
DA:60,0
DA:62,0
DA:64,0
DA:65,0
DA:67,0
DA:71,0
DA:80,0
DA:81,0
DA:83,0
DA:84,0
DA:85,0
DA:86,0
DA:90,0
DA:93,0
DA:94,0
DA:98,0
DA:99,0
DA:110,0
DA:111,0
DA:112,0
DA:116,0
DA:117,0
DA:118,0
DA:121,0
DA:122,0
DA:126,0
DA:127,0
DA:128,0
DA:129,0
DA:131,0
DA:134,0
DA:145,0
DA:146,0
DA:149,0
DA:150,0
DA:153,0
DA:154,0
DA:155,0
DA:156,0
DA:157,0
DA:158,0
DA:159,0
DA:162,0
DA:163,0
DA:164,0
DA:173,0
DA:175,0
DA:187,0
DA:188,0
DA:191,0
DA:192,0
DA:193,0
DA:195,0
DA:196,0
DA:197,0
DA:198,0
DA:201,0
DA:202,0
DA:206,0
DA:207,0
DA:210,0
DA:218,0
DA:241,0
LF:83
LH:0
BRDA:13,0,0,0
BRDA:17,1,0,0
BRDA:17,1,1,0
BRDA:27,2,0,0
BRDA:27,2,1,0
BRDA:33,3,0,0
BRDA:33,3,1,0
BRDA:52,4,0,0
BRDA:52,4,1,0
BRDA:59,5,0,0
BRDA:59,5,1,0
BRDA:64,6,0,0
BRDA:64,6,1,0
BRDA:85,7,0,0
BRDA:85,7,1,0
BRDA:93,8,0,0
BRDA:93,8,1,0
BRDA:93,9,0,0
BRDA:93,9,1,0
BRDA:98,10,0,0
BRDA:98,10,1,0
BRDA:111,11,0,0
BRDA:111,11,1,0
BRDA:117,12,0,0
BRDA:117,12,1,0
BRDA:121,13,0,0
BRDA:121,13,1,0
BRDA:128,14,0,0
BRDA:128,14,1,0
BRDA:145,15,0,0
BRDA:145,15,1,0
BRDA:149,16,0,0
BRDA:149,16,1,0
BRDA:153,17,0,0
BRDA:153,17,1,0
BRDA:158,18,0,0
BRDA:158,18,1,0
BRDA:163,19,0,0
BRDA:163,19,1,0
BRDA:163,20,0,0
BRDA:163,20,1,0
BRDA:186,21,0,0
BRDA:187,22,0,0
BRDA:187,22,1,0
BRDA:201,23,0,0
BRDA:201,23,1,0
BRF:46
BRH:0
end_of_record
TN:
SF:lib\core\auth-manager.js
FN:6,(anonymous_0)
FN:78,(anonymous_1)
FN:83,(anonymous_2)
FN:129,(anonymous_3)
FN:134,(anonymous_4)
FN:148,(anonymous_5)
FN:152,(anonymous_6)
FN:162,(anonymous_7)
FN:194,(anonymous_8)
FN:205,(anonymous_9)
FN:219,(anonymous_10)
FN:244,(anonymous_11)
FN:256,(anonymous_12)
FN:271,(anonymous_13)
FN:284,(anonymous_14)
FN:336,(anonymous_15)
FN:337,(anonymous_16)
FN:342,(anonymous_17)
FN:343,(anonymous_18)
FN:353,(anonymous_19)
FN:368,(anonymous_20)
FN:376,(anonymous_21)
FN:421,(anonymous_22)
FN:423,(anonymous_23)
FN:454,(anonymous_24)
FN:543,(anonymous_25)
FN:553,(anonymous_26)
FN:617,(anonymous_27)
FN:625,(anonymous_28)
FN:641,(anonymous_29)
FN:667,(anonymous_30)
FN:689,(anonymous_31)
FN:729,(anonymous_32)
FN:756,(anonymous_33)
FN:774,(anonymous_34)
FN:807,(anonymous_35)
FN:851,(anonymous_36)
FN:895,(anonymous_37)
FN:948,(anonymous_38)
FN:950,(anonymous_39)
FN:962,(anonymous_40)
FN:974,(anonymous_41)
FN:984,(anonymous_42)
FN:1003,(anonymous_43)
FN:1004,(anonymous_44)
FN:1036,(anonymous_45)
FN:1060,(anonymous_46)
FN:1061,(anonymous_47)
FN:1075,(anonymous_48)
FN:1088,(anonymous_49)
FN:1089,(anonymous_50)
FN:1103,(anonymous_51)
FN:1107,(anonymous_52)
FN:1111,(anonymous_53)
FN:1112,(anonymous_54)
FN:1113,(anonymous_55)
FN:1119,(anonymous_56)
FN:1132,(anonymous_57)
FN:1154,(anonymous_58)
FN:1155,(anonymous_59)
FN:1164,(anonymous_60)
FN:1176,(anonymous_61)
FN:1188,(anonymous_62)
FN:1193,(anonymous_63)
FN:1223,(anonymous_64)
FN:1251,(anonymous_65)
FN:1269,(anonymous_66)
FN:1281,(anonymous_67)
FN:1282,(anonymous_68)
FN:1283,(anonymous_69)
FN:1290,(anonymous_70)
FN:1298,(anonymous_71)
FN:1299,(anonymous_72)
FN:1307,(anonymous_73)
FN:1315,(anonymous_74)
FN:1316,(anonymous_75)
FN:1325,(anonymous_76)
FN:1334,(anonymous_77)
FN:1335,(anonymous_78)
FN:1343,(anonymous_79)
FNF:80
FNH:0
FNDA:0,(anonymous_0)
FNDA:0,(anonymous_1)
FNDA:0,(anonymous_2)
FNDA:0,(anonymous_3)
FNDA:0,(anonymous_4)
FNDA:0,(anonymous_5)
FNDA:0,(anonymous_6)
FNDA:0,(anonymous_7)
FNDA:0,(anonymous_8)
FNDA:0,(anonymous_9)
FNDA:0,(anonymous_10)
FNDA:0,(anonymous_11)
FNDA:0,(anonymous_12)
FNDA:0,(anonymous_13)
FNDA:0,(anonymous_14)
FNDA:0,(anonymous_15)
FNDA:0,(anonymous_16)
FNDA:0,(anonymous_17)
FNDA:0,(anonymous_18)
FNDA:0,(anonymous_19)
FNDA:0,(anonymous_20)
FNDA:0,(anonymous_21)
FNDA:0,(anonymous_22)
FNDA:0,(anonymous_23)
FNDA:0,(anonymous_24)
FNDA:0,(anonymous_25)
FNDA:0,(anonymous_26)
FNDA:0,(anonymous_27)
FNDA:0,(anonymous_28)
FNDA:0,(anonymous_29)
FNDA:0,(anonymous_30)
FNDA:0,(anonymous_31)
FNDA:0,(anonymous_32)
FNDA:0,(anonymous_33)
FNDA:0,(anonymous_34)
FNDA:0,(anonymous_35)
FNDA:0,(anonymous_36)
FNDA:0,(anonymous_37)
FNDA:0,(anonymous_38)
FNDA:0,(anonymous_39)
FNDA:0,(anonymous_40)
FNDA:0,(anonymous_41)
FNDA:0,(anonymous_42)
FNDA:0,(anonymous_43)
FNDA:0,(anonymous_44)
FNDA:0,(anonymous_45)
FNDA:0,(anonymous_46)
FNDA:0,(anonymous_47)
FNDA:0,(anonymous_48)
FNDA:0,(anonymous_49)
FNDA:0,(anonymous_50)
FNDA:0,(anonymous_51)
FNDA:0,(anonymous_52)
FNDA:0,(anonymous_53)
FNDA:0,(anonymous_54)
FNDA:0,(anonymous_55)
FNDA:0,(anonymous_56)
FNDA:0,(anonymous_57)
FNDA:0,(anonymous_58)
FNDA:0,(anonymous_59)
FNDA:0,(anonymous_60)
FNDA:0,(anonymous_61)
FNDA:0,(anonymous_62)
FNDA:0,(anonymous_63)
FNDA:0,(anonymous_64)
FNDA:0,(anonymous_65)
FNDA:0,(anonymous_66)
FNDA:0,(anonymous_67)
FNDA:0,(anonymous_68)
FNDA:0,(anonymous_69)
FNDA:0,(anonymous_70)
FNDA:0,(anonymous_71)
FNDA:0,(anonymous_72)
FNDA:0,(anonymous_73)
FNDA:0,(anonymous_74)
FNDA:0,(anonymous_75)
FNDA:0,(anonymous_76)
FNDA:0,(anonymous_77)
FNDA:0,(anonymous_78)
FNDA:0,(anonymous_79)
DA:1,0
DA:2,0
DA:3,0
DA:7,0
DA:8,0
DA:72,0
DA:73,0
DA:74,0
DA:75,0
DA:79,0
DA:84,0
DA:86,0
DA:87,0
DA:89,0
DA:90,0
DA:91,0
DA:94,0
DA:96,0
DA:97,0
DA:98,0
DA:102,0
DA:103,0
DA:106,0
DA:107,0
DA:111,0
DA:112,0
DA:116,0
DA:117,0
DA:122,0
DA:130,0
DA:132,0
DA:135,0
DA:142,0
DA:149,0
DA:153,0
DA:154,0
DA:156,0
DA:163,0
DA:164,0
DA:167,0
DA:169,0
DA:170,0
DA:171,0
DA:172,0
DA:173,0
DA:175,0
DA:176,0
DA:179,0
DA:181,0
DA:182,0
DA:185,0
DA:186,0
DA:189,0
DA:190,0
DA:196,0
DA:197,0
DA:200,0
DA:201,0
DA:206,0
DA:208,0
DA:209,0
DA:210,0
DA:212,0
DA:216,0
DA:220,0
DA:228,0
DA:229,0
DA:230,0
DA:231,0
DA:234,0
DA:235,0
DA:236,0
DA:238,0
DA:239,0
DA:245,0
DA:246,0
DA:247,0
DA:248,0
DA:250,0
DA:253,0
DA:257,0
DA:258,0
DA:260,0
DA:268,0
DA:272,0
DA:273,0
DA:275,0
DA:276,0
DA:277,0
DA:280,0
DA:281,0
DA:285,0
DA:317,0
DA:332,0
DA:333,0
DA:334,0
DA:336,0
DA:337,0
DA:338,0
DA:339,0
DA:342,0
DA:343,0
DA:344,0
DA:345,0
DA:350,0
DA:354,0
DA:357,0
DA:369,0
DA:373,0
DA:377,0
DA:378,0
DA:381,0
DA:393,0
DA:405,0
DA:415,0
DA:416,0
DA:418,0
DA:423,0
DA:424,0
DA:425,0
DA:426,0
DA:432,0
DA:436,0
DA:454,0
DA:455,0
DA:457,0
DA:458,0
DA:459,0
DA:466,0
DA:467,0
DA:470,0
DA:471,0
DA:477,0
DA:479,0
DA:480,0
DA:482,0
DA:483,0
DA:487,0
DA:489,0
DA:496,0
DA:498,0
DA:505,0
DA:507,0
DA:513,0
DA:514,0
DA:522,0
DA:543,0
DA:553,0
DA:554,0
DA:556,0
DA:557,0
DA:558,0
DA:565,0
DA:568,0
DA:569,0
DA:575,0
DA:576,0
DA:578,0
DA:580,0
DA:581,0
DA:584,0
DA:586,0
DA:593,0
DA:601,0
DA:602,0
DA:607,0
DA:608,0
DA:617,0
DA:618,0
DA:619,0
DA:625,0
DA:626,0
DA:627,0
DA:632,0
DA:641,0
DA:643,0
DA:645,0
DA:646,0
DA:652,0
DA:653,0
DA:659,0
DA:667,0
DA:668,0
DA:675,0
DA:686,0
DA:690,0
DA:692,0
DA:693,0
DA:694,0
DA:701,0
DA:702,0
DA:704,0
DA:705,0
DA:706,0
DA:707,0
DA:710,0
DA:716,0
DA:717,0
DA:725,0
DA:730,0
DA:731,0
DA:732,0
DA:733,0
DA:734,0
DA:735,0
DA:736,0
DA:738,0
DA:739,0
DA:740,0
DA:741,0
DA:742,0
DA:744,0
DA:745,0
DA:747,0
DA:748,0
DA:750,0
DA:753,0
DA:758,0
DA:774,0
DA:776,0
DA:779,0
DA:780,0
DA:781,0
DA:789,0
DA:790,0
DA:794,0
DA:795,0
DA:798,0
DA:807,0
DA:808,0
DA:810,0
DA:811,0
DA:815,0
DA:816,0
DA:817,0
DA:820,0
DA:821,0
DA:823,0
DA:825,0
DA:826,0
DA:828,0
DA:829,0
DA:832,0
DA:839,0
DA:840,0
DA:842,0
DA:845,0
DA:846,0
DA:851,0
DA:852,0
DA:853,0
DA:856,0
DA:857,0
DA:860,0
DA:869,0
DA:895,0
DA:896,0
DA:898,0
DA:899,0
DA:903,0
DA:904,0
DA:905,0
DA:908,0
DA:910,0
DA:911,0
DA:914,0
DA:915,0
DA:916,0
DA:919,0
DA:920,0
DA:922,0
DA:924,0
DA:925,0
DA:928,0
DA:935,0
DA:938,0
DA:939,0
DA:941,0
DA:942,0
DA:948,0
DA:949,0
DA:950,0
DA:951,0
DA:952,0
DA:954,0
DA:957,0
DA:962,0
DA:963,0
DA:970,0
DA:975,0
DA:985,0
DA:988,0
DA:989,0
DA:992,0
DA:998,0
DA:999,0
DA:1000,0
DA:1001,0
DA:1003,0
DA:1004,0
DA:1005,0
DA:1006,0
DA:1011,0
DA:1012,0
DA:1016,0
DA:1017,0
DA:1018,0
DA:1022,0
DA:1024,0
DA:1025,0
DA:1026,0
DA:1029,0
DA:1031,0
DA:1032,0
DA:1037,0
DA:1040,0
DA:1041,0
DA:1042,0
DA:1045,0
DA:1047,0
DA:1051,0
DA:1052,0
DA:1053,0
DA:1060,0
DA:1061,0
DA:1062,0
DA:1063,0
DA:1076,0
DA:1077,0
DA:1078,0
DA:1083,0
DA:1085,0
DA:1089,0
DA:1090,0
DA:1091,0
DA:1094,0
DA:1095,0
DA:1098,0
DA:1104,0
DA:1108,0
DA:1112,0
DA:1113,0
DA:1114,0
DA:1120,0
DA:1121,0
DA:1122,0
DA:1124,0
DA:1127,0
DA:1128,0
DA:1133,0
DA:1134,0
DA:1135,0
DA:1137,0
DA:1138,0
DA:1139,0
DA:1140,0
DA:1144,0
DA:1145,0
DA:1148,0
DA:1149,0
DA:1151,0
DA:1152,0
DA:1154,0
DA:1155,0
DA:1156,0
DA:1157,0
DA:1165,0
DA:1167,0
DA:1168,0
DA:1169,0
DA:1171,0
DA:1177,0
DA:1179,0
DA:1180,0
DA:1181,0
DA:1183,0
DA:1189,0
DA:1190,0
DA:1194,0
DA:1195,0
DA:1197,0
DA:1198,0
DA:1201,0
DA:1202,0
DA:1205,0
DA:1206,0
DA:1209,0
DA:1210,0
DA:1213,0
DA:1214,0
DA:1217,0
DA:1224,0
DA:1225,0
DA:1228,0
DA:1229,0
DA:1232,0
DA:1233,0
DA:1234,0
DA:1238,0
DA:1239,0
DA:1240,0
DA:1244,0
DA:1245,0
DA:1248,0
DA:1252,0
DA:1253,0
DA:1255,0
DA:1256,0
DA:1257,0
DA:1260,0
DA:1261,0
DA:1264,0
DA:1265,0
DA:1266,0
DA:1270,0
DA:1271,0
DA:1273,0
DA:1274,0
DA:1276,0
DA:1277,0
DA:1282,0
DA:1283,0
DA:1284,0
DA:1285,0
DA:1291,0
DA:1295,0
DA:1296,0
DA:1298,0
DA:1299,0
DA:1300,0
DA:1301,0
DA:1308,0
DA:1312,0
DA:1313,0
DA:1315,0
DA:1316,0
DA:1317,0
DA:1318,0
DA:1326,0
DA:1327,0
DA:1331,0
DA:1332,0
DA:1334,0
DA:1335,0
DA:1336,0
DA:1337,0
DA:1344,0
DA:1345,0
DA:1346,0
DA:1347,0
DA:1348,0
DA:1349,0
DA:1353,0
LF:453
LH:0
BRDA:89,0,0,0
BRDA:89,0,1,0
BRDA:89,1,0,0
BRDA:89,1,1,0
BRDA:89,1,2,0
BRDA:94,2,0,0
BRDA:94,2,1,0
BRDA:96,3,0,0
BRDA:96,3,1,0
BRDA:96,4,0,0
BRDA:96,4,1,0
BRDA:102,5,0,0
BRDA:102,5,1,0
BRDA:102,6,0,0
BRDA:102,6,1,0
BRDA:106,7,0,0
BRDA:106,7,1,0
BRDA:106,8,0,0
BRDA:106,8,1,0
BRDA:111,9,0,0
BRDA:111,9,1,0
BRDA:111,10,0,0
BRDA:111,10,1,0
BRDA:116,11,0,0
BRDA:116,11,1,0
BRDA:116,12,0,0
BRDA:116,12,1,0
BRDA:117,13,0,0
BRDA:117,13,1,0
BRDA:130,14,0,0
BRDA:130,14,1,0
BRDA:153,15,0,0
BRDA:153,15,1,0
BRDA:156,16,0,0
BRDA:156,16,1,0
BRDA:156,16,2,0
BRDA:162,17,0,0
BRDA:175,18,0,0
BRDA:175,18,1,0
BRDA:181,19,0,0
BRDA:181,19,1,0
BRDA:181,20,0,0
BRDA:181,20,1,0
BRDA:196,21,0,0
BRDA:196,21,1,0
BRDA:200,22,0,0
BRDA:200,22,1,0
BRDA:200,23,0,0
BRDA:200,23,1,0
BRDA:209,24,0,0
BRDA:209,24,1,0
BRDA:209,25,0,0
BRDA:209,25,1,0
BRDA:210,26,0,0
BRDA:210,26,1,0
BRDA:228,27,0,0
BRDA:228,27,1,0
BRDA:230,28,0,0
BRDA:230,28,1,0
BRDA:245,29,0,0
BRDA:245,29,1,0
BRDA:247,30,0,0
BRDA:247,30,1,0
BRDA:276,31,0,0
BRDA:276,31,1,0
BRDA:285,32,0,0
BRDA:285,32,1,0
BRDA:317,33,0,0
BRDA:317,33,1,0
BRDA:332,34,0,0
BRDA:332,34,1,0
BRDA:338,35,0,0
BRDA:338,35,1,0
BRDA:344,36,0,0
BRDA:344,36,1,0
BRDA:424,37,0,0
BRDA:424,37,1,0
BRDA:425,38,0,0
BRDA:425,38,1,0
BRDA:458,39,0,0
BRDA:458,39,1,0
BRDA:470,40,0,0
BRDA:470,40,1,0
BRDA:479,41,0,0
BRDA:479,41,1,0
BRDA:482,42,0,0
BRDA:482,42,1,0
BRDA:557,43,0,0
BRDA:557,43,1,0
BRDA:568,44,0,0
BRDA:568,44,1,0
BRDA:580,45,0,0
BRDA:580,45,1,0
BRDA:601,46,0,0
BRDA:601,46,1,0
BRDA:601,47,0,0
BRDA:601,47,1,0
BRDA:618,48,0,0
BRDA:618,48,1,0
BRDA:626,49,0,0
BRDA:626,49,1,0
BRDA:643,50,0,0
BRDA:643,50,1,0
BRDA:643,51,0,0
BRDA:643,51,1,0
BRDA:645,52,0,0
BRDA:645,52,1,0
BRDA:693,53,0,0
BRDA:693,53,1,0
BRDA:704,54,0,0
BRDA:704,54,1,0
BRDA:734,55,0,0
BRDA:734,55,1,0
BRDA:734,56,0,0
BRDA:734,56,1,0
BRDA:734,56,2,0
BRDA:738,57,0,0
BRDA:738,57,1,0
BRDA:740,58,0,0
BRDA:740,58,1,0
BRDA:740,59,0,0
BRDA:740,59,1,0
BRDA:744,60,0,0
BRDA:744,60,1,0
BRDA:744,61,0,0
BRDA:744,61,1,0
BRDA:747,62,0,0
BRDA:747,62,1,0
BRDA:747,63,0,0
BRDA:747,63,1,0
BRDA:780,64,0,0
BRDA:780,64,1,0
BRDA:789,65,0,0
BRDA:789,65,1,0
BRDA:794,66,0,0
BRDA:794,66,1,0
BRDA:810,67,0,0
BRDA:810,67,1,0
BRDA:816,68,0,0
BRDA:816,68,1,0
BRDA:825,69,0,0
BRDA:825,69,1,0
BRDA:828,70,0,0
BRDA:828,70,1,0
BRDA:852,71,0,0
BRDA:852,71,1,0
BRDA:856,72,0,0
BRDA:856,72,1,0
BRDA:898,73,0,0
BRDA:898,73,1,0
BRDA:904,74,0,0
BRDA:904,74,1,0
BRDA:910,75,0,0
BRDA:910,75,1,0
BRDA:915,76,0,0
BRDA:915,76,1,0
BRDA:924,77,0,0
BRDA:924,77,1,0
BRDA:938,78,0,0
BRDA:938,78,1,0
BRDA:938,79,0,0
BRDA:938,79,1,0
BRDA:949,80,0,0
BRDA:949,80,1,0
BRDA:951,81,0,0
BRDA:951,81,1,0
BRDA:975,82,0,0
BRDA:975,82,1,0
BRDA:975,82,2,0
BRDA:975,82,3,0
BRDA:975,82,4,0
BRDA:975,82,5,0
BRDA:975,82,6,0
BRDA:988,83,0,0
BRDA:988,83,1,0
BRDA:988,84,0,0
BRDA:988,84,1,0
BRDA:988,84,2,0
BRDA:988,84,3,0
BRDA:992,85,0,0
BRDA:992,85,1,0
BRDA:999,86,0,0
BRDA:999,86,1,0
BRDA:1005,87,0,0
BRDA:1005,87,1,0
BRDA:1011,88,0,0
BRDA:1011,88,1,0
BRDA:1016,89,0,0
BRDA:1016,89,1,0
BRDA:1024,90,0,0
BRDA:1024,90,1,0
BRDA:1041,91,0,0
BRDA:1041,91,1,0
BRDA:1047,92,0,0
BRDA:1047,92,1,0
BRDA:1051,93,0,0
BRDA:1051,93,1,0
BRDA:1062,94,0,0
BRDA:1062,94,1,0
BRDA:1076,95,0,0
BRDA:1076,95,1,0
BRDA:1076,96,0,0
BRDA:1076,96,1,0
BRDA:1076,96,2,0
BRDA:1077,97,0,0
BRDA:1077,97,1,0
BRDA:1077,98,0,0
BRDA:1077,98,1,0
BRDA:1090,99,0,0
BRDA:1090,99,1,0
BRDA:1094,100,0,0
BRDA:1094,100,1,0
BRDA:1094,101,0,0
BRDA:1094,101,1,0
BRDA:1108,102,0,0
BRDA:1108,102,1,0
BRDA:1120,103,0,0
BRDA:1120,103,1,0
BRDA:1121,104,0,0
BRDA:1121,104,1,0
BRDA:1138,105,0,0
BRDA:1138,105,1,0
BRDA:1144,106,0,0
BRDA:1144,106,1,0
BRDA:1151,107,0,0
BRDA:1151,107,1,0
BRDA:1156,108,0,0
BRDA:1156,108,1,0
BRDA:1167,109,0,0
BRDA:1167,109,1,0
BRDA:1167,110,0,0
BRDA:1167,110,1,0
BRDA:1179,111,0,0
BRDA:1179,111,1,0
BRDA:1179,112,0,0
BRDA:1179,112,1,0
BRDA:1189,113,0,0
BRDA:1189,113,1,0
BRDA:1197,114,0,0
BRDA:1197,114,1,0
BRDA:1201,115,0,0
BRDA:1201,115,1,0
BRDA:1201,116,0,0
BRDA:1201,116,1,0
BRDA:1205,117,0,0
BRDA:1205,117,1,0
BRDA:1205,118,0,0
BRDA:1205,118,1,0
BRDA:1209,119,0,0
BRDA:1209,119,1,0
BRDA:1209,120,0,0
BRDA:1209,120,1,0
BRDA:1213,121,0,0
BRDA:1213,121,1,0
BRDA:1213,122,0,0
BRDA:1213,122,1,0
BRDA:1224,123,0,0
BRDA:1224,123,1,0
BRDA:1224,124,0,0
BRDA:1224,124,1,0
BRDA:1224,124,2,0
BRDA:1224,124,3,0
BRDA:1228,125,0,0
BRDA:1228,125,1,0
BRDA:1233,126,0,0
BRDA:1233,126,1,0
BRDA:1239,127,0,0
BRDA:1239,127,1,0
BRDA:1244,128,0,0
BRDA:1244,128,1,0
BRDA:1244,129,0,0
BRDA:1244,129,1,0
BRDA:1253,130,0,0
BRDA:1253,130,1,0
BRDA:1255,131,0,0
BRDA:1255,131,1,0
BRDA:1260,132,0,0
BRDA:1260,132,1,0
BRDA:1271,133,0,0
BRDA:1271,133,1,0
BRDA:1273,134,0,0
BRDA:1273,134,1,0
BRDA:1284,135,0,0
BRDA:1284,135,1,0
BRDA:1291,136,0,0
BRDA:1291,136,1,0
BRDA:1295,137,0,0
BRDA:1295,137,1,0
BRDA:1300,138,0,0
BRDA:1300,138,1,0
BRDA:1308,139,0,0
BRDA:1308,139,1,0
BRDA:1312,140,0,0
BRDA:1312,140,1,0
BRDA:1317,141,0,0
BRDA:1317,141,1,0
BRDA:1327,142,0,0
BRDA:1327,142,1,0
BRDA:1331,143,0,0
BRDA:1331,143,1,0
BRDA:1336,144,0,0
BRDA:1336,144,1,0
BRDA:1346,145,0,0
BRDA:1346,145,1,0
BRDA:1347,146,0,0
BRDA:1347,146,1,0
BRF:306
BRH:0
end_of_record
TN:
SF:lib\core\auto-updater.js
FN:60,(anonymous_0)
FN:78,(anonymous_1)
FN:80,(anonymous_2)
FN:91,(anonymous_3)
FN:107,(anonymous_4)
FN:116,(anonymous_5)
FN:130,(anonymous_6)
FN:132,(anonymous_7)
FN:146,(anonymous_8)
FN:162,(anonymous_9)
FN:163,(anonymous_10)
FN:167,(anonymous_11)
FN:173,(anonymous_12)
FN:184,(anonymous_13)
FN:189,(anonymous_14)
FN:203,(anonymous_15)
FN:204,(anonymous_16)
FN:255,(anonymous_17)
FN:273,(anonymous_18)
FN:321,(anonymous_19)
FN:341,(anonymous_20)
FN:344,(anonymous_21)
FN:345,(anonymous_22)
FN:350,(anonymous_23)
FN:354,(anonymous_24)
FN:365,(anonymous_25)
FN:370,(anonymous_26)
FN:371,(anonymous_27)
FN:372,(anonymous_28)
FN:423,(anonymous_29)
FN:456,(anonymous_30)
FN:460,(anonymous_31)
FN:464,(anonymous_32)
FN:465,(anonymous_33)
FN:473,(anonymous_34)
FN:512,(anonymous_35)
FN:530,(anonymous_36)
FN:543,(anonymous_37)
FN:571,(anonymous_38)
FN:572,(anonymous_39)
FN:586,(anonymous_40)
FN:589,(anonymous_41)
FN:599,(anonymous_42)
FN:649,(anonymous_43)
FN:654,(anonymous_44)
FN:667,(anonymous_45)
FN:683,(anonymous_46)
FN:708,(anonymous_47)
FN:709,(anonymous_48)
FN:751,(anonymous_49)
FN:773,(anonymous_50)
FN:813,(anonymous_51)
FN:821,(anonymous_52)
FN:880,(anonymous_53)
FN:905,(anonymous_54)
FN:939,(anonymous_55)
FN:955,(anonymous_56)
FN:1023,(anonymous_57)
FN:1050,(anonymous_58)
FN:1051,(anonymous_59)
FN:1053,(anonymous_60)
FN:1076,(anonymous_61)
FN:1089,(anonymous_62)
FN:1094,(anonymous_63)
FN:1105,(anonymous_64)
FNF:65
FNH:0
FNDA:0,(anonymous_0)
FNDA:0,(anonymous_1)
FNDA:0,(anonymous_2)
FNDA:0,(anonymous_3)
FNDA:0,(anonymous_4)
FNDA:0,(anonymous_5)
FNDA:0,(anonymous_6)
FNDA:0,(anonymous_7)
FNDA:0,(anonymous_8)
FNDA:0,(anonymous_9)
FNDA:0,(anonymous_10)
FNDA:0,(anonymous_11)
FNDA:0,(anonymous_12)
FNDA:0,(anonymous_13)
FNDA:0,(anonymous_14)
FNDA:0,(anonymous_15)
FNDA:0,(anonymous_16)
FNDA:0,(anonymous_17)
FNDA:0,(anonymous_18)
FNDA:0,(anonymous_19)
FNDA:0,(anonymous_20)
FNDA:0,(anonymous_21)
FNDA:0,(anonymous_22)
FNDA:0,(anonymous_23)
FNDA:0,(anonymous_24)
FNDA:0,(anonymous_25)
FNDA:0,(anonymous_26)
FNDA:0,(anonymous_27)
FNDA:0,(anonymous_28)
FNDA:0,(anonymous_29)
FNDA:0,(anonymous_30)
FNDA:0,(anonymous_31)
FNDA:0,(anonymous_32)
FNDA:0,(anonymous_33)
FNDA:0,(anonymous_34)
FNDA:0,(anonymous_35)
FNDA:0,(anonymous_36)
FNDA:0,(anonymous_37)
FNDA:0,(anonymous_38)
FNDA:0,(anonymous_39)
FNDA:0,(anonymous_40)
FNDA:0,(anonymous_41)
FNDA:0,(anonymous_42)
FNDA:0,(anonymous_43)
FNDA:0,(anonymous_44)
FNDA:0,(anonymous_45)
FNDA:0,(anonymous_46)
FNDA:0,(anonymous_47)
FNDA:0,(anonymous_48)
FNDA:0,(anonymous_49)
FNDA:0,(anonymous_50)
FNDA:0,(anonymous_51)
FNDA:0,(anonymous_52)
FNDA:0,(anonymous_53)
FNDA:0,(anonymous_54)
FNDA:0,(anonymous_55)
FNDA:0,(anonymous_56)
FNDA:0,(anonymous_57)
FNDA:0,(anonymous_58)
FNDA:0,(anonymous_59)
FNDA:0,(anonymous_60)
FNDA:0,(anonymous_61)
FNDA:0,(anonymous_62)
FNDA:0,(anonymous_63)
FNDA:0,(anonymous_64)
DA:2,0
DA:3,0
DA:4,0
DA:5,0
DA:6,0
DA:7,0
DA:8,0
DA:11,0
DA:12,0
DA:13,0
DA:14,0
DA:15,0
DA:16,0
DA:17,0
DA:18,0
DA:26,0
DA:42,0
DA:61,0
DA:62,0
DA:63,0
DA:64,0
DA:66,0
DA:67,0
DA:70,0
DA:72,0
DA:73,0
DA:79,0
DA:80,0
DA:81,0
DA:82,0
DA:86,0
DA:92,0
DA:93,0
DA:94,0
DA:95,0
DA:97,0
DA:98,0
DA:101,0
DA:102,0
DA:108,0
DA:109,0
DA:111,0
DA:117,0
DA:118,0
DA:119,0
DA:120,0
DA:121,0
DA:125,0
DA:131,0
DA:132,0
DA:133,0
DA:134,0
DA:137,0
DA:141,0
DA:147,0
DA:149,0
DA:150,0
DA:151,0
DA:152,0
DA:154,0
DA:156,0
DA:157,0
DA:163,0
DA:165,0
DA:166,0
DA:167,0
DA:168,0
DA:172,0
DA:174,0
DA:175,0
DA:176,0
DA:177,0
DA:185,0
DA:187,0
DA:191,0
DA:193,0
DA:194,0
DA:195,0
DA:197,0
DA:201,0
DA:204,0
DA:208,0
DA:210,0
DA:211,0
DA:213,0
DA:216,0
DA:218,0
DA:219,0
DA:222,0
DA:223,0
DA:224,0
DA:226,0
DA:227,0
DA:228,0
DA:232,0
DA:240,0
DA:242,0
DA:246,0
DA:247,0
DA:249,0
DA:250,0
DA:256,0
DA:257,0
DA:260,0
DA:261,0
DA:262,0
DA:263,0
DA:265,0
DA:267,0
DA:268,0
DA:274,0
DA:275,0
DA:276,0
DA:278,0
DA:281,0
DA:288,0
DA:290,0
DA:291,0
DA:292,0
DA:293,0
DA:295,0
DA:296,0
DA:298,0
DA:299,0
DA:301,0
DA:305,0
DA:309,0
DA:311,0
DA:312,0
DA:315,0
DA:316,0
DA:322,0
DA:323,0
DA:326,0
DA:328,0
DA:329,0
DA:330,0
DA:332,0
DA:333,0
DA:335,0
DA:342,0
DA:343,0
DA:344,0
DA:345,0
DA:350,0
DA:352,0
DA:353,0
DA:354,0
DA:355,0
DA:356,0
DA:360,0
DA:366,0
DA:368,0
DA:369,0
DA:370,0
DA:371,0
DA:373,0
DA:376,0
DA:377,0
DA:380,0
DA:381,0
DA:384,0
DA:385,0
DA:388,0
DA:390,0
DA:392,0
DA:393,0
DA:394,0
DA:395,0
DA:397,0
DA:398,0
DA:399,0
DA:401,0
DA:403,0
DA:406,0
DA:409,0
DA:410,0
DA:412,0
DA:413,0
DA:416,0
DA:417,0
DA:418,0
DA:424,0
DA:426,0
DA:428,0
DA:430,0
DA:433,0
DA:434,0
DA:437,0
DA:438,0
DA:439,0
DA:442,0
DA:443,0
DA:447,0
DA:450,0
DA:455,0
DA:456,0
DA:457,0
DA:460,0
DA:461,0
DA:464,0
DA:465,0
DA:466,0
DA:467,0
DA:469,0
DA:473,0
DA:475,0
DA:480,0
DA:481,0
DA:482,0
DA:486,0
DA:487,0
DA:488,0
DA:490,0
DA:492,0
DA:493,0
DA:496,0
DA:499,0
DA:500,0
DA:502,0
DA:503,0
DA:504,0
DA:507,0
DA:513,0
DA:514,0
DA:516,0
DA:517,0
DA:518,0
DA:520,0
DA:521,0
DA:522,0
DA:531,0
DA:532,0
DA:533,0
DA:534,0
DA:535,0
DA:536,0
DA:537,0
DA:538,0
DA:539,0
DA:544,0
DA:546,0
DA:547,0
DA:548,0
DA:549,0
DA:552,0
DA:553,0
DA:554,0
DA:555,0
DA:556,0
DA:557,0
DA:558,0
DA:559,0
DA:560,0
DA:561,0
DA:563,0
DA:565,0
DA:566,0
DA:572,0
DA:573,0
DA:574,0
DA:575,0
DA:586,0
DA:587,0
DA:589,0
DA:591,0
DA:592,0
DA:593,0
DA:594,0
DA:596,0
DA:599,0
DA:600,0
DA:601,0
DA:602,0
DA:605,0
DA:606,0
DA:607,0
DA:609,0
DA:610,0
DA:611,0
DA:615,0
DA:617,0
DA:618,0
DA:620,0
DA:621,0
DA:624,0
DA:627,0
DA:628,0
DA:629,0
DA:632,0
DA:634,0
DA:643,0
DA:649,0
DA:650,0
DA:654,0
DA:655,0
DA:656,0
DA:659,0
DA:661,0
DA:668,0
DA:669,0
DA:670,0
DA:671,0
DA:672,0
DA:673,0
DA:674,0
DA:675,0
DA:676,0
DA:677,0
DA:678,0
DA:679,0
DA:684,0
DA:685,0
DA:688,0
DA:689,0
DA:691,0
DA:692,0
DA:696,0
DA:699,0
DA:700,0
DA:701,0
DA:702,0
DA:706,0
DA:709,0
DA:713,0
DA:715,0
DA:716,0
DA:717,0
DA:718,0
DA:719,0
DA:720,0
DA:722,0
DA:723,0
DA:727,0
DA:728,0
DA:729,0
DA:730,0
DA:732,0
DA:734,0
DA:735,0
DA:736,0
DA:738,0
DA:741,0
DA:744,0
DA:745,0
DA:746,0
DA:752,0
DA:753,0
DA:760,0
DA:761,0
DA:762,0
DA:763,0
DA:769,0
DA:774,0
DA:776,0
DA:777,0
DA:779,0
DA:780,0
DA:784,0
DA:786,0
DA:787,0
DA:788,0
DA:790,0
DA:791,0
DA:792,0
DA:794,0
DA:795,0
DA:796,0
DA:797,0
DA:799,0
DA:800,0
DA:803,0
DA:804,0
DA:807,0
DA:808,0
DA:814,0
DA:815,0
DA:816,0
DA:817,0
DA:822,0
DA:823,0
DA:825,0
DA:827,0
DA:828,0
DA:829,0
DA:832,0
DA:833,0
DA:834,0
DA:835,0
DA:838,0
DA:839,0
DA:840,0
DA:841,0
DA:842,0
DA:844,0
DA:847,0
DA:848,0
DA:849,0
DA:850,0
DA:851,0
DA:852,0
DA:854,0
DA:857,0
DA:862,0
DA:863,0
DA:864,0
DA:865,0
DA:868,0
DA:869,0
DA:870,0
DA:872,0
DA:874,0
DA:875,0
DA:881,0
DA:882,0
DA:883,0
DA:886,0
DA:888,0
DA:892,0
DA:893,0
DA:896,0
DA:897,0
DA:899,0
DA:900,0
DA:906,0
DA:907,0
DA:908,0
DA:911,0
DA:919,0
DA:920,0
DA:923,0
DA:924,0
DA:925,0
DA:927,0
DA:928,0
DA:934,0
DA:940,0
DA:941,0
DA:943,0
DA:944,0
DA:945,0
DA:946,0
DA:950,0
DA:956,0
DA:958,0
DA:960,0
DA:961,0
DA:965,0
DA:966,0
DA:969,0
DA:971,0
DA:974,0
DA:976,0
DA:979,0
DA:982,0
DA:984,0
DA:986,0
DA:989,0
DA:993,0
DA:996,0
DA:1001,0
DA:1006,0
DA:1011,0
DA:1014,0
DA:1015,0
DA:1016,0
DA:1018,0
DA:1024,0
DA:1026,0
DA:1027,0
DA:1028,0
DA:1029,0
DA:1032,0
DA:1033,0
DA:1034,0
DA:1038,0
DA:1039,0
DA:1041,0
DA:1042,0
DA:1044,0
DA:1045,0
DA:1051,0
DA:1052,0
DA:1053,0
DA:1054,0
DA:1057,0
DA:1058,0
DA:1061,0
DA:1062,0
DA:1063,0
DA:1066,0
DA:1067,0
DA:1068,0
DA:1069,0
DA:1072,0
DA:1077,0
DA:1078,0
DA:1080,0
DA:1081,0
DA:1082,0
DA:1083,0
DA:1084,0
DA:1087,0
DA:1088,0
DA:1089,0
DA:1093,0
DA:1094,0
DA:1095,0
DA:1106,0
DA:1107,0
DA:1108,0
DA:1109,0
DA:1110,0
DA:1113,0
DA:1118,0
LF:515
LH:0
BRDA:66,0,0,0
BRDA:66,0,1,0
BRDA:81,1,0,0
BRDA:81,1,1,0
BRDA:93,2,0,0
BRDA:93,2,1,0
BRDA:118,3,0,0
BRDA:118,3,1,0
BRDA:120,4,0,0
BRDA:120,4,1,0
BRDA:146,5,0,0
BRDA:147,6,0,0
BRDA:147,6,1,0
BRDA:156,7,0,0
BRDA:156,7,1,0
BRDA:163,8,0,0
BRDA:163,8,1,0
BRDA:173,9,0,0
BRDA:176,10,0,0
BRDA:176,10,1,0
BRDA:184,11,0,0
BRDA:187,12,0,0
BRDA:187,12,1,0
BRDA:194,13,0,0
BRDA:194,13,1,0
BRDA:195,14,0,0
BRDA:195,14,1,0
BRDA:210,15,0,0
BRDA:210,15,1,0
BRDA:211,16,0,0
BRDA:211,16,1,0
BRDA:218,17,0,0
BRDA:218,17,1,0
BRDA:219,18,0,0
BRDA:219,18,1,0
BRDA:222,19,0,0
BRDA:222,19,1,0
BRDA:226,20,0,0
BRDA:226,20,1,0
BRDA:240,21,0,0
BRDA:240,21,1,0
BRDA:246,22,0,0
BRDA:246,22,1,0
BRDA:256,23,0,0
BRDA:256,23,1,0
BRDA:256,24,0,0
BRDA:256,24,1,0
BRDA:295,25,0,0
BRDA:295,25,1,0
BRDA:298,26,0,0
BRDA:298,26,1,0
BRDA:322,27,0,0
BRDA:322,27,1,0
BRDA:332,28,0,0
BRDA:332,28,1,0
BRDA:352,29,0,0
BRDA:352,29,1,0
BRDA:368,30,0,0
BRDA:368,30,1,0
BRDA:376,31,0,0
BRDA:376,31,1,0
BRDA:384,32,0,0
BRDA:384,32,1,0
BRDA:397,33,0,0
BRDA:397,33,1,0
BRDA:398,34,0,0
BRDA:398,34,1,0
BRDA:434,35,0,0
BRDA:434,35,1,0
BRDA:443,36,0,0
BRDA:443,36,1,0
BRDA:466,37,0,0
BRDA:466,37,1,0
BRDA:481,38,0,0
BRDA:481,38,1,0
BRDA:492,39,0,0
BRDA:492,39,1,0
BRDA:502,40,0,0
BRDA:502,40,1,0
BRDA:502,41,0,0
BRDA:502,41,1,0
BRDA:516,42,0,0
BRDA:516,42,1,0
BRDA:518,43,0,0
BRDA:518,43,1,0
BRDA:521,44,0,0
BRDA:521,44,1,0
BRDA:535,45,0,0
BRDA:535,45,1,0
BRDA:536,46,0,0
BRDA:536,46,1,0
BRDA:537,47,0,0
BRDA:537,47,1,0
BRDA:543,48,0,0
BRDA:546,49,0,0
BRDA:546,49,1,0
BRDA:546,50,0,0
BRDA:546,50,1,0
BRDA:554,51,0,0
BRDA:554,51,1,0
BRDA:555,52,0,0
BRDA:555,52,1,0
BRDA:558,53,0,0
BRDA:558,53,1,0
BRDA:559,54,0,0
BRDA:559,54,1,0
BRDA:560,55,0,0
BRDA:560,55,1,0
BRDA:574,56,0,0
BRDA:574,56,1,0
BRDA:591,57,0,0
BRDA:591,57,1,0
BRDA:600,58,0,0
BRDA:600,58,1,0
BRDA:609,59,0,0
BRDA:609,59,1,0
BRDA:615,60,0,0
BRDA:615,60,1,0
BRDA:615,60,2,0
BRDA:615,60,3,0
BRDA:617,61,0,0
BRDA:617,61,1,0
BRDA:620,62,0,0
BRDA:620,62,1,0
BRDA:620,62,2,0
BRDA:627,63,0,0
BRDA:627,63,1,0
BRDA:627,64,0,0
BRDA:627,64,1,0
BRDA:627,64,2,0
BRDA:636,65,0,0
BRDA:636,65,1,0
BRDA:636,65,2,0
BRDA:637,66,0,0
BRDA:637,66,1,0
BRDA:699,67,0,0
BRDA:699,67,1,0
BRDA:715,68,0,0
BRDA:715,68,1,0
BRDA:727,69,0,0
BRDA:727,69,1,0
BRDA:729,70,0,0
BRDA:729,70,1,0
BRDA:734,71,0,0
BRDA:734,71,1,0
BRDA:754,72,0,0
BRDA:754,72,1,0
BRDA:755,73,0,0
BRDA:755,73,1,0
BRDA:757,74,0,0
BRDA:757,74,1,0
BRDA:786,75,0,0
BRDA:786,75,1,0
BRDA:791,76,0,0
BRDA:791,76,1,0
BRDA:814,77,0,0
BRDA:814,77,1,0
BRDA:839,78,0,0
BRDA:839,78,1,0
BRDA:848,79,0,0
BRDA:848,79,1,0
BRDA:863,80,0,0
BRDA:863,80,1,0
BRDA:882,81,0,0
BRDA:882,81,1,0
BRDA:888,82,0,0
BRDA:888,82,1,0
BRDA:888,82,2,0
BRDA:892,83,0,0
BRDA:892,83,1,0
BRDA:919,84,0,0
BRDA:919,84,1,0
BRDA:924,85,0,0
BRDA:924,85,1,0
BRDA:943,86,0,0
BRDA:943,86,1,0
BRDA:955,87,0,0
BRDA:960,88,0,0
BRDA:960,88,1,0
BRDA:960,89,0,0
BRDA:960,89,1,0
BRDA:965,90,0,0
BRDA:965,90,1,0
BRDA:969,91,0,0
BRDA:969,91,1,0
BRDA:974,92,0,0
BRDA:974,92,1,0
BRDA:974,92,2,0
BRDA:974,92,3,0
BRDA:974,92,4,0
BRDA:974,92,5,0
BRDA:974,92,6,0
BRDA:974,92,7,0
BRDA:974,92,8,0
BRDA:974,92,9,0
BRDA:974,92,10,0
BRDA:974,92,11,0
BRDA:974,92,12,0
BRDA:974,92,13,0
BRDA:974,92,14,0
BRDA:982,93,0,0
BRDA:982,93,1,0
BRDA:982,94,0,0
BRDA:982,94,1,0
BRDA:1015,95,0,0
BRDA:1015,95,1,0
BRDA:1027,96,0,0
BRDA:1027,96,1,0
BRDA:1028,97,0,0
BRDA:1028,97,1,0
BRDA:1029,98,0,0
BRDA:1029,98,1,0
BRDA:1032,99,0,0
BRDA:1032,99,1,0
BRDA:1054,100,0,0
BRDA:1054,100,1,0
BRDA:1061,101,0,0
BRDA:1061,101,1,0
BRDA:1062,102,0,0
BRDA:1062,102,1,0
BRDA:1063,103,0,0
BRDA:1063,103,1,0
BRDA:1066,104,0,0
BRDA:1066,104,1,0
BRDA:1066,105,0,0
BRDA:1066,105,1,0
BRDA:1067,106,0,0
BRDA:1067,106,1,0
BRDA:1067,107,0,0
BRDA:1067,107,1,0
BRDA:1068,108,0,0
BRDA:1068,108,1,0
BRDA:1068,109,0,0
BRDA:1068,109,1,0
BRDA:1078,110,0,0
BRDA:1078,110,1,0
BRDA:1081,111,0,0
BRDA:1081,111,1,0
BRDA:1093,112,0,0
BRDA:1093,112,1,0
BRDA:1107,113,0,0
BRDA:1107,113,1,0
BRF:242
BRH:0
end_of_record
TN:
SF:lib\core\logger.js
FN:22,(anonymous_0)
FNF:1
FNH:0
FNDA:0,(anonymous_0)
DA:1,0
DA:23,0
DA:24,0
DA:26,0
DA:89,0
DA:91,0
DA:97,0
LF:7
LH:0
BRDA:22,0,0,0
BRDA:89,1,0,0
BRDA:89,1,1,0
BRF:3
BRH:0
end_of_record
TN:
SF:lib\core\module-installer.js
FN:15,(anonymous_0)
FN:45,(anonymous_1)
FN:62,(anonymous_2)
FNF:3
FNH:0
FNDA:0,(anonymous_0)
FNDA:0,(anonymous_1)
FNDA:0,(anonymous_2)
DA:1,0
DA:2,0
DA:3,0
DA:6,0
DA:16,0
DA:17,0
DA:19,0
DA:20,0
DA:23,0
DA:25,0
DA:26,0
DA:27,0
DA:29,0
DA:33,0
DA:34,0
DA:35,0
DA:37,0
DA:38,0
DA:41,0
DA:46,0
DA:47,0
DA:49,0
DA:50,0
DA:55,0
DA:57,0
DA:58,0
DA:63,0
DA:65,0
DA:66,0
DA:68,0
DA:80,0
DA:81,0
DA:86,0
LF:33
LH:0
BRDA:19,0,0,0
BRDA:19,0,1,0
BRDA:33,1,0,0
BRDA:33,1,1,0
BRDA:65,2,0,0
BRDA:65,2,1,0
BRF:6
BRH:0
end_of_record
TN:
SF:lib\dev\dev-server.js
FN:14,(anonymous_0)
FN:21,(anonymous_1)
FN:27,(anonymous_2)
FN:28,(anonymous_3)
FN:35,(anonymous_4)
FN:43,(anonymous_5)
FN:51,(anonymous_6)
FN:65,(anonymous_7)
FN:72,(anonymous_8)
FN:76,(anonymous_9)
FN:84,(anonymous_10)
FN:88,(anonymous_11)
FN:93,(anonymous_12)
FN:103,(anonymous_13)
FN:127,(anonymous_14)
FN:132,(anonymous_15)
FN:137,(anonymous_16)
FN:142,(anonymous_17)
FN:166,(anonymous_18)
FN:170,(anonymous_19)
FN:180,(anonymous_20)
FN:183,(anonymous_21)
FN:193,(anonymous_22)
FN:198,(anonymous_23)
FN:213,(anonymous_24)
FN:214,(anonymous_25)
FN:217,(anonymous_26)
FN:232,(anonymous_27)
FN:275,(anonymous_28)
FN:277,(anonymous_29)
FN:285,(anonymous_30)
FN:286,(anonymous_31)
FNF:32
FNH:0
FNDA:0,(anonymous_0)
FNDA:0,(anonymous_1)
FNDA:0,(anonymous_2)
FNDA:0,(anonymous_3)
FNDA:0,(anonymous_4)
FNDA:0,(anonymous_5)
FNDA:0,(anonymous_6)
FNDA:0,(anonymous_7)
FNDA:0,(anonymous_8)
FNDA:0,(anonymous_9)
FNDA:0,(anonymous_10)
FNDA:0,(anonymous_11)
FNDA:0,(anonymous_12)
FNDA:0,(anonymous_13)
FNDA:0,(anonymous_14)
FNDA:0,(anonymous_15)
FNDA:0,(anonymous_16)
FNDA:0,(anonymous_17)
FNDA:0,(anonymous_18)
FNDA:0,(anonymous_19)
FNDA:0,(anonymous_20)
FNDA:0,(anonymous_21)
FNDA:0,(anonymous_22)
FNDA:0,(anonymous_23)
FNDA:0,(anonymous_24)
FNDA:0,(anonymous_25)
FNDA:0,(anonymous_26)
FNDA:0,(anonymous_27)
FNDA:0,(anonymous_28)
FNDA:0,(anonymous_29)
FNDA:0,(anonymous_30)
FNDA:0,(anonymous_31)
DA:1,0
DA:2,0
DA:6,0
DA:7,0
DA:8,0
DA:10,0
DA:15,0
DA:16,0
DA:17,0
DA:18,0
DA:22,0
DA:23,0
DA:24,0
DA:28,0
DA:29,0
DA:30,0
DA:31,0
DA:35,0
DA:36,0
DA:37,0
DA:38,0
DA:44,0
DA:45,0
DA:46,0
DA:49,0
DA:51,0
DA:52,0
DA:54,0
DA:59,0
DA:60,0
DA:66,0
DA:67,0
DA:68,0
DA:71,0
DA:72,0
DA:76,0
DA:77,0
DA:78,0
DA:84,0
DA:85,0
DA:88,0
DA:89,0
DA:90,0
DA:93,0
DA:94,0
DA:95,0
DA:98,0
DA:104,0
DA:105,0
DA:107,0
DA:108,0
DA:109,0
DA:110,0
DA:114,0
DA:115,0
DA:116,0
DA:117,0
DA:121,0
DA:123,0
DA:128,0
DA:129,0
DA:133,0
DA:134,0
DA:138,0
DA:139,0
DA:143,0
DA:144,0
DA:146,0
DA:148,0
DA:149,0
DA:151,0
DA:152,0
DA:154,0
DA:161,0
DA:162,0
DA:167,0
DA:169,0
DA:170,0
DA:171,0
DA:172,0
DA:173,0
DA:175,0
DA:181,0
DA:183,0
DA:184,0
DA:189,0
DA:194,0
DA:196,0
DA:197,0
DA:198,0
DA:199,0
DA:200,0
DA:201,0
DA:202,0
DA:210,0
DA:214,0
DA:215,0
DA:217,0
DA:218,0
DA:219,0
DA:221,0
DA:222,0
DA:223,0
DA:224,0
DA:226,0
DA:230,0
DA:232,0
DA:233,0
DA:234,0
DA:266,0
DA:268,0
DA:271,0
DA:276,0
DA:277,0
DA:278,0
DA:279,0
DA:286,0
DA:287,0
DA:288,0
DA:292,0
LF:120
LH:0
BRDA:30,0,0,0
BRDA:30,0,1,0
BRDA:37,1,0,0
BRDA:37,1,1,0
BRDA:44,2,0,0
BRDA:44,2,1,0
BRDA:59,3,0,0
BRDA:59,3,1,0
BRDA:66,4,0,0
BRDA:66,4,1,0
BRDA:77,5,0,0
BRDA:77,5,1,0
BRDA:107,6,0,0
BRDA:107,6,1,0
BRDA:109,7,0,0
BRDA:109,7,1,0
BRDA:115,8,0,0
BRDA:115,8,1,0
BRDA:129,9,0,0
BRDA:129,9,1,0
BRDA:134,10,0,0
BRDA:134,10,1,0
BRDA:139,11,0,0
BRDA:139,11,1,0
BRDA:169,12,0,0
BRDA:169,12,1,0
BRDA:169,13,0,0
BRDA:169,13,1,0
BRDA:171,14,0,0
BRDA:171,14,1,0
BRDA:171,15,0,0
BRDA:171,15,1,0
BRDA:197,16,0,0
BRDA:197,16,1,0
BRDA:199,17,0,0
BRDA:199,17,1,0
BRDA:201,18,0,0
BRDA:201,18,1,0
BRDA:201,19,0,0
BRDA:201,19,1,0
BRDA:222,20,0,0
BRDA:222,20,1,0
BRDA:223,21,0,0
BRDA:223,21,1,0
BRDA:233,22,0,0
BRDA:233,22,1,0
BRDA:233,23,0,0
BRDA:233,23,1,0
BRDA:237,24,0,0
BRDA:237,24,1,0
BRDA:276,25,0,0
BRDA:276,25,1,0
BRDA:278,26,0,0
BRDA:278,26,1,0
BRDA:287,27,0,0
BRDA:287,27,1,0
BRF:56
BRH:0
end_of_record
TN:
SF:lib\layout\layout-manager.js
FN:5,(anonymous_0)
FN:31,(anonymous_1)
FN:32,(anonymous_2)
FN:48,(anonymous_3)
FN:49,(anonymous_4)
FN:72,(anonymous_5)
FN:94,(anonymous_6)
FN:110,(anonymous_7)
FN:126,(anonymous_8)
FN:145,(anonymous_9)
FN:149,(anonymous_10)
FN:167,(anonymous_11)
FN:180,(anonymous_12)
FN:205,(anonymous_13)
FN:206,(anonymous_14)
FN:211,(anonymous_15)
FN:220,(anonymous_16)
FN:236,(anonymous_17)
FN:237,(anonymous_18)
FN:238,(anonymous_19)
FN:251,(anonymous_20)
FN:270,(anonymous_21)
FN:289,(anonymous_22)
FN:290,(anonymous_23)
FN:291,(anonymous_24)
FN:300,(anonymous_25)
FN:302,(anonymous_26)
FN:313,(anonymous_27)
FN:324,(anonymous_28)
FN:335,(anonymous_29)
FN:340,(anonymous_30)
FN:357,(anonymous_31)
FN:358,(anonymous_32)
FN:362,(anonymous_33)
FN:371,(anonymous_34)
FN:379,(anonymous_35)
FN:396,(anonymous_36)
FN:533,(anonymous_37)
FN:564,(anonymous_38)
FN:593,(anonymous_39)
FN:601,(anonymous_40)
FN:602,(anonymous_41)
FN:603,(anonymous_42)
FN:615,(anonymous_43)
FN:627,(anonymous_44)
FN:635,(anonymous_45)
FN:643,(anonymous_46)
FN:662,(anonymous_47)
FN:670,(anonymous_48)
FN:682,(anonymous_49)
FN:688,(anonymous_50)
FN:707,(anonymous_51)
FN:714,(anonymous_52)
FN:718,(anonymous_53)
FN:738,(anonymous_54)
FN:755,(anonymous_55)
FN:763,(anonymous_56)
FN:789,(anonymous_57)
FN:791,(anonymous_58)
FN:796,(anonymous_59)
FN:802,(anonymous_60)
FN:823,(anonymous_61)
FNF:62
FNH:0
FNDA:0,(anonymous_0)
FNDA:0,(anonymous_1)
FNDA:0,(anonymous_2)
FNDA:0,(anonymous_3)
FNDA:0,(anonymous_4)
FNDA:0,(anonymous_5)
FNDA:0,(anonymous_6)
FNDA:0,(anonymous_7)
FNDA:0,(anonymous_8)
FNDA:0,(anonymous_9)
FNDA:0,(anonymous_10)
FNDA:0,(anonymous_11)
FNDA:0,(anonymous_12)
FNDA:0,(anonymous_13)
FNDA:0,(anonymous_14)
FNDA:0,(anonymous_15)
FNDA:0,(anonymous_16)
FNDA:0,(anonymous_17)
FNDA:0,(anonymous_18)
FNDA:0,(anonymous_19)
FNDA:0,(anonymous_20)
FNDA:0,(anonymous_21)
FNDA:0,(anonymous_22)
FNDA:0,(anonymous_23)
FNDA:0,(anonymous_24)
FNDA:0,(anonymous_25)
FNDA:0,(anonymous_26)
FNDA:0,(anonymous_27)
FNDA:0,(anonymous_28)
FNDA:0,(anonymous_29)
FNDA:0,(anonymous_30)
FNDA:0,(anonymous_31)
FNDA:0,(anonymous_32)
FNDA:0,(anonymous_33)
FNDA:0,(anonymous_34)
FNDA:0,(anonymous_35)
FNDA:0,(anonymous_36)
FNDA:0,(anonymous_37)
FNDA:0,(anonymous_38)
FNDA:0,(anonymous_39)
FNDA:0,(anonymous_40)
FNDA:0,(anonymous_41)
FNDA:0,(anonymous_42)
FNDA:0,(anonymous_43)
FNDA:0,(anonymous_44)
FNDA:0,(anonymous_45)
FNDA:0,(anonymous_46)
FNDA:0,(anonymous_47)
FNDA:0,(anonymous_48)
FNDA:0,(anonymous_49)
FNDA:0,(anonymous_50)
FNDA:0,(anonymous_51)
FNDA:0,(anonymous_52)
FNDA:0,(anonymous_53)
FNDA:0,(anonymous_54)
FNDA:0,(anonymous_55)
FNDA:0,(anonymous_56)
FNDA:0,(anonymous_57)
FNDA:0,(anonymous_58)
FNDA:0,(anonymous_59)
FNDA:0,(anonymous_60)
FNDA:0,(anonymous_61)
DA:1,0
DA:2,0
DA:6,0
DA:7,0
DA:13,0
DA:14,0
DA:17,0
DA:25,0
DA:32,0
DA:33,0
DA:36,0
DA:39,0
DA:41,0
DA:49,0
DA:50,0
DA:52,0
DA:55,0
DA:56,0
DA:59,0
DA:60,0
DA:62,0
DA:64,0
DA:73,0
DA:74,0
DA:77,0
DA:78,0
DA:82,0
DA:83,0
DA:86,0
DA:87,0
DA:95,0
DA:96,0
DA:100,0
DA:104,0
DA:111,0
DA:120,0
DA:127,0
DA:129,0
DA:130,0
DA:131,0
DA:133,0
DA:134,0
DA:139,0
DA:146,0
DA:147,0
DA:149,0
DA:150,0
DA:151,0
DA:155,0
DA:168,0
DA:181,0
DA:183,0
DA:186,0
DA:187,0
DA:189,0
DA:191,0
DA:192,0
DA:194,0
DA:195,0
DA:198,0
DA:206,0
DA:207,0
DA:210,0
DA:212,0
DA:213,0
DA:214,0
DA:217,0
DA:220,0
DA:223,0
DA:224,0
DA:226,0
DA:237,0
DA:238,0
DA:239,0
DA:240,0
DA:242,0
DA:252,0
DA:253,0
DA:256,0
DA:257,0
DA:260,0
DA:261,0
DA:264,0
DA:271,0
DA:272,0
DA:275,0
DA:276,0
DA:279,0
DA:280,0
DA:283,0
DA:290,0
DA:291,0
DA:292,0
DA:301,0
DA:303,0
DA:306,0
DA:307,0
DA:309,0
DA:310,0
DA:314,0
DA:317,0
DA:318,0
DA:319,0
DA:321,0
DA:325,0
DA:328,0
DA:329,0
DA:330,0
DA:332,0
DA:336,0
DA:337,0
DA:341,0
DA:343,0
DA:344,0
DA:346,0
DA:347,0
DA:349,0
DA:358,0
DA:359,0
DA:362,0
DA:363,0
DA:364,0
DA:365,0
DA:368,0
DA:371,0
DA:372,0
DA:373,0
DA:374,0
DA:378,0
DA:379,0
DA:380,0
DA:381,0
DA:383,0
DA:384,0
DA:385,0
DA:397,0
DA:534,0
DA:535,0
DA:536,0
DA:537,0
DA:540,0
DA:542,0
DA:545,0
DA:546,0
DA:549,0
DA:551,0
DA:552,0
DA:554,0
DA:556,0
DA:557,0
DA:565,0
DA:566,0
DA:567,0
DA:569,0
DA:570,0
DA:573,0
DA:575,0
DA:576,0
DA:578,0
DA:580,0
DA:581,0
DA:583,0
DA:584,0
DA:586,0
DA:594,0
DA:595,0
DA:597,0
DA:598,0
DA:600,0
DA:601,0
DA:602,0
DA:603,0
DA:605,0
DA:606,0
DA:608,0
DA:616,0
DA:617,0
DA:618,0
DA:619,0
DA:628,0
DA:629,0
DA:636,0
DA:637,0
DA:644,0
DA:647,0
DA:648,0
DA:652,0
DA:653,0
DA:656,0
DA:663,0
DA:664,0
DA:671,0
DA:673,0
DA:682,0
DA:689,0
DA:691,0
DA:692,0
DA:693,0
DA:694,0
DA:695,0
DA:696,0
DA:701,0
DA:708,0
DA:715,0
DA:716,0
DA:718,0
DA:719,0
DA:720,0
DA:721,0
DA:722,0
DA:723,0
DA:725,0
DA:726,0
DA:727,0
DA:732,0
DA:739,0
DA:740,0
DA:743,0
DA:756,0
DA:757,0
DA:764,0
DA:771,0
DA:772,0
DA:775,0
DA:777,0
DA:778,0
DA:779,0
DA:781,0
DA:791,0
DA:792,0
DA:796,0
DA:803,0
DA:805,0
DA:806,0
DA:807,0
DA:811,0
DA:812,0
DA:813,0
DA:816,0
DA:824,0
DA:825,0
DA:826,0
DA:829,0
DA:830,0
DA:834,0
LF:245
LH:0
BRDA:5,0,0,0
BRDA:49,1,0,0
BRDA:55,2,0,0
BRDA:55,2,1,0
BRDA:59,3,0,0
BRDA:59,3,1,0
BRDA:73,4,0,0
BRDA:73,4,1,0
BRDA:73,5,0,0
BRDA:73,5,1,0
BRDA:77,6,0,0
BRDA:77,6,1,0
BRDA:82,7,0,0
BRDA:82,7,1,0
BRDA:82,8,0,0
BRDA:82,8,1,0
BRDA:82,8,2,0
BRDA:86,9,0,0
BRDA:86,9,1,0
BRDA:86,10,0,0
BRDA:86,10,1,0
BRDA:95,11,0,0
BRDA:95,11,1,0
BRDA:95,12,0,0
BRDA:95,12,1,0
BRDA:104,13,0,0
BRDA:104,13,1,0
BRDA:113,14,0,0
BRDA:113,14,1,0
BRDA:130,15,0,0
BRDA:130,15,1,0
BRDA:130,16,0,0
BRDA:130,16,1,0
BRDA:133,17,0,0
BRDA:133,17,1,0
BRDA:133,18,0,0
BRDA:133,18,1,0
BRDA:145,19,0,0
BRDA:150,20,0,0
BRDA:150,20,1,0
BRDA:150,21,0,0
BRDA:150,21,1,0
BRDA:156,22,0,0
BRDA:156,22,1,0
BRDA:157,23,0,0
BRDA:157,23,1,0
BRDA:158,24,0,0
BRDA:158,24,1,0
BRDA:159,25,0,0
BRDA:159,25,1,0
BRDA:160,26,0,0
BRDA:160,26,1,0
BRDA:169,27,0,0
BRDA:169,27,1,0
BRDA:170,28,0,0
BRDA:170,28,1,0
BRDA:171,29,0,0
BRDA:171,29,1,0
BRDA:191,30,0,0
BRDA:191,30,1,0
BRDA:239,31,0,0
BRDA:239,31,1,0
BRDA:252,32,0,0
BRDA:252,32,1,0
BRDA:256,33,0,0
BRDA:256,33,1,0
BRDA:260,34,0,0
BRDA:260,34,1,0
BRDA:275,35,0,0
BRDA:275,35,1,0
BRDA:279,36,0,0
BRDA:279,36,1,0
BRDA:303,37,0,0
BRDA:303,37,1,0
BRDA:314,38,0,0
BRDA:314,38,1,0
BRDA:318,39,0,0
BRDA:318,39,1,0
BRDA:318,40,0,0
BRDA:318,40,1,0
BRDA:325,41,0,0
BRDA:325,41,1,0
BRDA:329,42,0,0
BRDA:329,42,1,0
BRDA:329,43,0,0
BRDA:329,43,1,0
BRDA:341,44,0,0
BRDA:341,44,1,0
BRDA:346,45,0,0
BRDA:346,45,1,0
BRDA:346,46,0,0
BRDA:346,46,1,0
BRDA:363,47,0,0
BRDA:363,47,1,0
BRDA:363,48,0,0
BRDA:363,48,1,0
BRDA:372,49,0,0
BRDA:372,49,1,0
BRDA:380,50,0,0
BRDA:380,50,1,0
BRDA:533,51,0,0
BRDA:542,52,0,0
BRDA:542,52,1,0
BRDA:545,53,0,0
BRDA:545,53,1,0
BRDA:545,54,0,0
BRDA:545,54,1,0
BRDA:580,55,0,0
BRDA:580,55,1,0
BRDA:605,56,0,0
BRDA:605,56,1,0
BRDA:628,57,0,0
BRDA:628,57,1,0
BRDA:629,58,0,0
BRDA:629,58,1,0
BRDA:636,59,0,0
BRDA:636,59,1,0
BRDA:644,60,0,0
BRDA:644,60,1,0
BRDA:647,61,0,0
BRDA:647,61,1,0
BRDA:647,62,0,0
BRDA:647,62,1,0
BRDA:647,62,2,0
BRDA:652,63,0,0
BRDA:652,63,1,0
BRDA:652,64,0,0
BRDA:652,64,1,0
BRDA:652,64,2,0
BRDA:662,65,0,0
BRDA:663,66,0,0
BRDA:663,66,1,0
BRDA:671,67,0,0
BRDA:671,67,1,0
BRDA:689,68,0,0
BRDA:689,68,1,0
BRDA:689,69,0,0
BRDA:689,69,1,0
BRDA:693,70,0,0
BRDA:693,70,1,0
BRDA:693,71,0,0
BRDA:693,71,1,0
BRDA:695,72,0,0
BRDA:695,72,1,0
BRDA:695,73,0,0
BRDA:695,73,1,0
BRDA:719,74,0,0
BRDA:719,74,1,0
BRDA:720,75,0,0
BRDA:720,75,1,0
BRDA:720,76,0,0
BRDA:720,76,1,0
BRDA:721,77,0,0
BRDA:721,77,1,0
BRDA:722,78,0,0
BRDA:722,78,1,0
BRDA:725,79,0,0
BRDA:725,79,1,0
BRDA:726,80,0,0
BRDA:726,80,1,0
BRDA:739,81,0,0
BRDA:739,81,1,0
BRDA:739,82,0,0
BRDA:739,82,1,0
BRDA:744,83,0,0
BRDA:744,83,1,0
BRDA:745,84,0,0
BRDA:745,84,1,0
BRDA:746,85,0,0
BRDA:746,85,1,0
BRDA:756,86,0,0
BRDA:756,86,1,0
BRDA:757,87,0,0
BRDA:757,87,1,0
BRDA:775,88,0,0
BRDA:775,88,1,0
BRDA:778,89,0,0
BRDA:778,89,1,0
BRDA:805,90,0,0
BRDA:805,90,1,0
BRDA:811,91,0,0
BRDA:811,91,1,0
BRDA:824,92,0,0
BRDA:824,92,1,0
BRF:184
BRH:0
end_of_record
TN:
SF:lib\routing\route-manager.js
FN:7,(anonymous_0)
FN:37,(anonymous_1)
FN:76,(anonymous_2)
FN:92,(anonymous_3)
FN:106,(anonymous_4)
FN:110,(anonymous_5)
FN:141,(anonymous_6)
FN:158,(anonymous_7)
FN:171,(anonymous_8)
FN:243,(anonymous_9)
FN:244,(anonymous_10)
FN:245,(anonymous_11)
FN:273,(anonymous_12)
FN:274,(anonymous_13)
FN:303,(anonymous_14)
FN:310,(anonymous_15)
FN:320,(anonymous_16)
FN:328,(anonymous_17)
FN:351,(anonymous_18)
FN:372,(anonymous_19)
FN:404,(anonymous_20)
FN:407,(anonymous_21)
FN:417,(anonymous_22)
FN:422,(anonymous_23)
FN:427,(anonymous_24)
FN:434,(anonymous_25)
FN:459,(anonymous_26)
FN:461,(anonymous_27)
FN:466,(anonymous_28)
FN:497,(anonymous_29)
FN:568,(anonymous_30)
FN:569,(anonymous_31)
FN:570,(anonymous_32)
FN:598,(anonymous_33)
FN:605,(anonymous_34)
FN:622,(anonymous_35)
FN:638,(anonymous_36)
FN:652,(anonymous_37)
FN:683,(anonymous_38)
FN:696,(anonymous_39)
FN:699,(anonymous_40)
FN:708,(anonymous_41)
FN:711,(anonymous_42)
FN:726,(anonymous_43)
FN:746,(anonymous_44)
FN:749,(anonymous_45)
FN:761,(anonymous_46)
FN:786,(anonymous_47)
FN:815,(anonymous_48)
FN:845,(anonymous_49)
FN:902,(anonymous_50)
FN:921,(anonymous_51)
FN:929,(anonymous_52)
FN:932,(anonymous_53)
FN:941,(anonymous_54)
FN:954,(anonymous_55)
FN:964,(anonymous_56)
FN:966,(anonymous_57)
FN:984,(anonymous_58)
FNF:59
FNH:0
FNDA:0,(anonymous_0)
FNDA:0,(anonymous_1)
FNDA:0,(anonymous_2)
FNDA:0,(anonymous_3)
FNDA:0,(anonymous_4)
FNDA:0,(anonymous_5)
FNDA:0,(anonymous_6)
FNDA:0,(anonymous_7)
FNDA:0,(anonymous_8)
FNDA:0,(anonymous_9)
FNDA:0,(anonymous_10)
FNDA:0,(anonymous_11)
FNDA:0,(anonymous_12)
FNDA:0,(anonymous_13)
FNDA:0,(anonymous_14)
FNDA:0,(anonymous_15)
FNDA:0,(anonymous_16)
FNDA:0,(anonymous_17)
FNDA:0,(anonymous_18)
FNDA:0,(anonymous_19)
FNDA:0,(anonymous_20)
FNDA:0,(anonymous_21)
FNDA:0,(anonymous_22)
FNDA:0,(anonymous_23)
FNDA:0,(anonymous_24)
FNDA:0,(anonymous_25)
FNDA:0,(anonymous_26)
FNDA:0,(anonymous_27)
FNDA:0,(anonymous_28)
FNDA:0,(anonymous_29)
FNDA:0,(anonymous_30)
FNDA:0,(anonymous_31)
FNDA:0,(anonymous_32)
FNDA:0,(anonymous_33)
FNDA:0,(anonymous_34)
FNDA:0,(anonymous_35)
FNDA:0,(anonymous_36)
FNDA:0,(anonymous_37)
FNDA:0,(anonymous_38)
FNDA:0,(anonymous_39)
FNDA:0,(anonymous_40)
FNDA:0,(anonymous_41)
FNDA:0,(anonymous_42)
FNDA:0,(anonymous_43)
FNDA:0,(anonymous_44)
FNDA:0,(anonymous_45)
FNDA:0,(anonymous_46)
FNDA:0,(anonymous_47)
FNDA:0,(anonymous_48)
FNDA:0,(anonymous_49)
FNDA:0,(anonymous_50)
FNDA:0,(anonymous_51)
FNDA:0,(anonymous_52)
FNDA:0,(anonymous_53)
FNDA:0,(anonymous_54)
FNDA:0,(anonymous_55)
FNDA:0,(anonymous_56)
FNDA:0,(anonymous_57)
FNDA:0,(anonymous_58)
DA:1,0
DA:2,0
DA:3,0
DA:4,0
DA:8,0
DA:9,0
DA:10,0
DA:11,0
DA:14,0
DA:15,0
DA:16,0
DA:19,0
DA:20,0
DA:23,0
DA:33,0
DA:39,0
DA:40,0
DA:41,0
DA:42,0
DA:46,0
DA:47,0
DA:50,0
DA:51,0
DA:52,0
DA:56,0
DA:57,0
DA:61,0
DA:62,0
DA:66,0
DA:67,0
DA:71,0
DA:72,0
DA:75,0
DA:76,0
DA:77,0
DA:78,0
DA:83,0
DA:86,0
DA:88,0
DA:93,0
DA:106,0
DA:112,0
DA:115,0
DA:118,0
DA:119,0
DA:125,0
DA:126,0
DA:130,0
DA:133,0
DA:134,0
DA:137,0
DA:142,0
DA:143,0
DA:144,0
DA:146,0
DA:147,0
DA:152,0
DA:155,0
DA:158,0
DA:160,0
DA:161,0
DA:164,0
DA:165,0
DA:167,0
DA:172,0
DA:174,0
DA:175,0
DA:176,0
DA:177,0
DA:180,0
DA:181,0
DA:185,0
DA:186,0
DA:187,0
DA:191,0
DA:192,0
DA:195,0
DA:196,0
DA:197,0
DA:201,0
DA:203,0
DA:204,0
DA:206,0
DA:209,0
DA:210,0
DA:220,0
DA:222,0
DA:223,0
DA:226,0
DA:227,0
DA:235,0
DA:237,0
DA:238,0
DA:244,0
DA:245,0
DA:246,0
DA:248,0
DA:250,0
DA:251,0
DA:255,0
DA:258,0
DA:259,0
DA:260,0
DA:261,0
DA:266,0
DA:271,0
DA:272,0
DA:273,0
DA:274,0
DA:277,0
DA:280,0
DA:281,0
DA:282,0
DA:288,0
DA:290,0
DA:295,0
DA:296,0
DA:302,0
DA:303,0
DA:305,0
DA:311,0
DA:320,0
DA:321,0
DA:322,0
DA:329,0
DA:330,0
DA:333,0
DA:335,0
DA:341,0
DA:342,0
DA:343,0
DA:346,0
DA:347,0
DA:352,0
DA:355,0
DA:356,0
DA:359,0
DA:360,0
DA:363,0
DA:364,0
DA:368,0
DA:373,0
DA:374,0
DA:377,0
DA:378,0
DA:379,0
DA:382,0
DA:384,0
DA:385,0
DA:388,0
DA:389,0
DA:390,0
DA:394,0
DA:395,0
DA:397,0
DA:398,0
DA:405,0
DA:407,0
DA:408,0
DA:409,0
DA:410,0
DA:411,0
DA:418,0
DA:423,0
DA:428,0
DA:429,0
DA:434,0
DA:435,0
DA:437,0
DA:439,0
DA:440,0
DA:442,0
DA:443,0
DA:448,0
DA:450,0
DA:455,0
DA:461,0
DA:462,0
DA:467,0
DA:468,0
DA:471,0
DA:472,0
DA:473,0
DA:474,0
DA:475,0
DA:481,0
DA:482,0
DA:483,0
DA:487,0
DA:488,0
DA:489,0
DA:492,0
DA:493,0
DA:499,0
DA:501,0
DA:502,0
DA:503,0
DA:504,0
DA:507,0
DA:508,0
DA:512,0
DA:513,0
DA:517,0
DA:518,0
DA:521,0
DA:522,0
DA:523,0
DA:527,0
DA:529,0
DA:530,0
DA:532,0
DA:535,0
DA:536,0
DA:545,0
DA:547,0
DA:548,0
DA:551,0
DA:552,0
DA:560,0
DA:562,0
DA:563,0
DA:569,0
DA:570,0
DA:571,0
DA:573,0
DA:574,0
DA:577,0
DA:580,0
DA:583,0
DA:585,0
DA:588,0
DA:589,0
DA:591,0
DA:597,0
DA:598,0
DA:600,0
DA:607,0
DA:609,0
DA:610,0
DA:613,0
DA:614,0
DA:617,0
DA:618,0
DA:623,0
DA:624,0
DA:625,0
DA:626,0
DA:630,0
DA:631,0
DA:639,0
DA:641,0
DA:643,0
DA:644,0
DA:645,0
DA:649,0
DA:653,0
DA:654,0
DA:655,0
DA:657,0
DA:658,0
DA:659,0
DA:662,0
DA:663,0
DA:665,0
DA:667,0
DA:668,0
DA:676,0
DA:678,0
DA:679,0
DA:684,0
DA:685,0
DA:686,0
DA:688,0
DA:689,0
DA:691,0
DA:692,0
DA:697,0
DA:699,0
DA:700,0
DA:701,0
DA:702,0
DA:704,0
DA:709,0
DA:711,0
DA:712,0
DA:713,0
DA:714,0
DA:716,0
DA:717,0
DA:720,0
DA:722,0
DA:727,0
DA:729,0
DA:730,0
DA:731,0
DA:732,0
DA:735,0
DA:736,0
DA:739,0
DA:740,0
DA:743,0
DA:747,0
DA:749,0
DA:750,0
DA:751,0
DA:753,0
DA:754,0
DA:755,0
DA:756,0
DA:762,0
DA:764,0
DA:765,0
DA:767,0
DA:768,0
DA:772,0
DA:773,0
DA:776,0
DA:777,0
DA:779,0
DA:780,0
DA:782,0
DA:784,0
DA:786,0
DA:787,0
DA:788,0
DA:790,0
DA:793,0
DA:794,0
DA:795,0
DA:796,0
DA:797,0
DA:799,0
DA:800,0
DA:803,0
DA:804,0
DA:806,0
DA:807,0
DA:809,0
DA:810,0
DA:816,0
DA:818,0
DA:819,0
DA:822,0
DA:823,0
DA:834,0
DA:835,0
DA:838,0
DA:841,0
DA:846,0
DA:847,0
DA:849,0
DA:851,0
DA:852,0
DA:853,0
DA:856,0
DA:897,0
DA:898,0
DA:903,0
DA:909,0
DA:910,0
DA:914,0
DA:915,0
DA:918,0
DA:922,0
DA:923,0
DA:924,0
DA:925,0
DA:926,0
DA:930,0
DA:932,0
DA:933,0
DA:941,0
DA:942,0
DA:950,0
DA:955,0
DA:957,0
DA:958,0
DA:961,0
DA:963,0
DA:964,0
DA:965,0
DA:966,0
DA:967,0
DA:972,0
DA:975,0
DA:976,0
DA:978,0
DA:980,0
DA:985,0
DA:986,0
DA:987,0
DA:988,0
DA:989,0
DA:994,0
DA:995,0
DA:1000,0
LF:396
LH:0
BRDA:14,0,0,0
BRDA:14,0,1,0
BRDA:24,1,0,0
BRDA:24,1,1,0
BRDA:25,2,0,0
BRDA:25,2,1,0
BRDA:26,3,0,0
BRDA:26,3,1,0
BRDA:27,4,0,0
BRDA:27,4,1,0
BRDA:29,5,0,0
BRDA:29,5,1,0
BRDA:40,6,0,0
BRDA:40,6,1,0
BRDA:46,7,0,0
BRDA:46,7,1,0
BRDA:46,8,0,0
BRDA:46,8,1,0
BRDA:51,9,0,0
BRDA:51,9,1,0
BRDA:56,10,0,0
BRDA:56,10,1,0
BRDA:56,11,0,0
BRDA:56,11,1,0
BRDA:61,12,0,0
BRDA:61,12,1,0
BRDA:66,13,0,0
BRDA:66,13,1,0
BRDA:71,14,0,0
BRDA:71,14,1,0
BRDA:71,15,0,0
BRDA:71,15,1,0
BRDA:71,15,2,0
BRDA:75,16,0,0
BRDA:75,16,1,0
BRDA:77,17,0,0
BRDA:77,17,1,0
BRDA:125,18,0,0
BRDA:125,18,1,0
BRDA:133,19,0,0
BRDA:133,19,1,0
BRDA:133,20,0,0
BRDA:133,20,1,0
BRDA:141,21,0,0
BRDA:141,22,0,0
BRDA:143,23,0,0
BRDA:143,23,1,0
BRDA:144,24,0,0
BRDA:144,24,1,0
BRDA:146,25,0,0
BRDA:146,25,1,0
BRDA:160,26,0,0
BRDA:160,26,1,0
BRDA:171,27,0,0
BRDA:180,28,0,0
BRDA:180,28,1,0
BRDA:185,29,0,0
BRDA:185,29,1,0
BRDA:186,30,0,0
BRDA:186,30,1,0
BRDA:191,31,0,0
BRDA:191,31,1,0
BRDA:195,32,0,0
BRDA:195,32,1,0
BRDA:203,33,0,0
BRDA:203,33,1,0
BRDA:216,34,0,0
BRDA:216,34,1,0
BRDA:222,35,0,0
BRDA:222,35,1,0
BRDA:226,36,0,0
BRDA:226,36,1,0
BRDA:226,37,0,0
BRDA:226,37,1,0
BRDA:243,38,0,0
BRDA:250,39,0,0
BRDA:250,39,1,0
BRDA:258,40,0,0
BRDA:258,40,1,0
BRDA:260,41,0,0
BRDA:260,41,1,0
BRDA:267,42,0,0
BRDA:267,42,1,0
BRDA:271,43,0,0
BRDA:271,43,1,0
BRDA:281,44,0,0
BRDA:281,44,1,0
BRDA:295,45,0,0
BRDA:295,45,1,0
BRDA:302,46,0,0
BRDA:302,46,1,0
BRDA:321,47,0,0
BRDA:321,47,1,0
BRDA:341,48,0,0
BRDA:341,48,1,0
BRDA:346,49,0,0
BRDA:346,49,1,0
BRDA:346,49,2,0
BRDA:355,50,0,0
BRDA:355,50,1,0
BRDA:359,51,0,0
BRDA:359,51,1,0
BRDA:363,52,0,0
BRDA:363,52,1,0
BRDA:372,53,0,0
BRDA:372,54,0,0
BRDA:373,55,0,0
BRDA:373,55,1,0
BRDA:378,56,0,0
BRDA:378,56,1,0
BRDA:384,57,0,0
BRDA:384,57,1,0
BRDA:388,58,0,0
BRDA:388,58,1,0
BRDA:389,59,0,0
BRDA:389,59,1,0
BRDA:394,60,0,0
BRDA:394,60,1,0
BRDA:397,61,0,0
BRDA:397,61,1,0
BRDA:397,62,0,0
BRDA:397,62,1,0
BRDA:409,63,0,0
BRDA:409,63,1,0
BRDA:409,64,0,0
BRDA:409,64,1,0
BRDA:435,65,0,0
BRDA:435,65,1,0
BRDA:437,66,0,0
BRDA:437,66,1,0
BRDA:437,66,2,0
BRDA:439,67,0,0
BRDA:439,67,1,0
BRDA:442,68,0,0
BRDA:442,68,1,0
BRDA:444,69,0,0
BRDA:444,69,1,0
BRDA:445,70,0,0
BRDA:445,70,1,0
BRDA:471,71,0,0
BRDA:471,71,1,0
BRDA:473,72,0,0
BRDA:473,72,1,0
BRDA:473,73,0,0
BRDA:473,73,1,0
BRDA:481,74,0,0
BRDA:481,74,1,0
BRDA:481,75,0,0
BRDA:481,75,1,0
BRDA:487,76,0,0
BRDA:487,76,1,0
BRDA:487,77,0,0
BRDA:487,77,1,0
BRDA:492,78,0,0
BRDA:492,78,1,0
BRDA:497,79,0,0
BRDA:507,80,0,0
BRDA:507,80,1,0
BRDA:512,81,0,0
BRDA:512,81,1,0
BRDA:517,82,0,0
BRDA:517,82,1,0
BRDA:521,83,0,0
BRDA:521,83,1,0
BRDA:529,84,0,0
BRDA:529,84,1,0
BRDA:542,85,0,0
BRDA:542,85,1,0
BRDA:547,86,0,0
BRDA:547,86,1,0
BRDA:551,87,0,0
BRDA:551,87,1,0
BRDA:551,88,0,0
BRDA:551,88,1,0
BRDA:588,89,0,0
BRDA:588,89,1,0
BRDA:597,90,0,0
BRDA:597,90,1,0
BRDA:609,91,0,0
BRDA:609,91,1,0
BRDA:613,92,0,0
BRDA:613,92,1,0
BRDA:617,93,0,0
BRDA:617,93,1,0
BRDA:624,94,0,0
BRDA:624,94,1,0
BRDA:625,95,0,0
BRDA:625,95,1,0
BRDA:630,96,0,0
BRDA:630,96,1,0
BRDA:644,97,0,0
BRDA:644,97,1,0
BRDA:657,98,0,0
BRDA:657,98,1,0
BRDA:657,99,0,0
BRDA:657,99,1,0
BRDA:667,100,0,0
BRDA:667,100,1,0
BRDA:667,101,0,0
BRDA:667,101,1,0
BRDA:697,102,0,0
BRDA:697,102,1,0
BRDA:700,103,0,0
BRDA:700,103,1,0
BRDA:702,104,0,0
BRDA:702,104,1,0
BRDA:709,105,0,0
BRDA:709,105,1,0
BRDA:712,106,0,0
BRDA:712,106,1,0
BRDA:714,107,0,0
BRDA:714,107,1,0
BRDA:716,108,0,0
BRDA:716,108,1,0
BRDA:726,109,0,0
BRDA:729,110,0,0
BRDA:729,110,1,0
BRDA:739,111,0,0
BRDA:739,111,1,0
BRDA:753,112,0,0
BRDA:753,112,1,0
BRDA:755,113,0,0
BRDA:755,113,1,0
BRDA:767,114,0,0
BRDA:767,114,1,0
BRDA:772,115,0,0
BRDA:772,115,1,0
BRDA:784,116,0,0
BRDA:784,116,1,0
BRDA:794,117,0,0
BRDA:794,117,1,0
BRDA:796,118,0,0
BRDA:796,118,1,0
BRDA:796,119,0,0
BRDA:796,119,1,0
BRDA:796,119,2,0
BRDA:796,119,3,0
BRDA:796,119,4,0
BRDA:809,120,0,0
BRDA:809,120,1,0
BRDA:849,121,0,0
BRDA:849,121,1,0
BRDA:851,122,0,0
BRDA:851,122,1,0
BRDA:909,123,0,0
BRDA:909,123,1,0
BRDA:914,124,0,0
BRDA:914,124,1,0
BRDA:914,125,0,0
BRDA:914,125,1,0
BRDA:922,126,0,0
BRDA:922,126,1,0
BRDA:923,127,0,0
BRDA:923,127,1,0
BRDA:924,128,0,0
BRDA:924,128,1,0
BRDA:925,129,0,0
BRDA:925,129,1,0
BRDA:926,130,0,0
BRDA:926,130,1,0
BRDA:957,131,0,0
BRDA:957,131,1,0
BRDA:957,132,0,0
BRDA:957,132,1,0
BRDA:961,133,0,0
BRDA:961,133,1,0
BRDA:965,134,0,0
BRDA:965,134,1,0
BRDA:965,135,0,0
BRDA:965,135,1,0
BRDA:975,136,0,0
BRDA:975,136,1,0
BRDA:985,137,0,0
BRDA:985,137,1,0
BRDA:988,138,0,0
BRDA:988,138,1,0
BRDA:994,139,0,0
BRDA:994,139,1,0
BRDA:994,140,0,0
BRDA:994,140,1,0
BRF:280
BRH:0
end_of_record
